#
# There is insufficient memory for the Java Runtime Environment to continue.
# Native memory allocation (mmap) failed to map 304087040 bytes. Error detail: G1 virtual space
# Possible reasons:
#   The system is out of physical RAM or swap space
#   This process is running with CompressedOops enabled, and the Java Heap may be blocking the growth of the native heap
# Possible solutions:
#   Reduce memory load on the system
#   Increase physical memory or swap space
#   Check if swap backing store is full
#   Decrease Java heap size (-Xmx/-Xms)
#   Decrease number of Java threads
#   Decrease Java thread stack sizes (-Xss)
#   Set larger code cache with -XX:ReservedCodeCacheSize=
#   JVM is running with Unscaled Compressed Oops mode in which the Java heap is
#     placed in the first 4GB address space. The Java Heap base address is the
#     maximum limit for the native heap growth. Please use -XX:HeapBaseMinAddress
#     to set the Java Heap base and to place the Java Heap above 4GB virtual address.
# This output file may be truncated or incomplete.
#
#  Out of Memory Error (os_windows.cpp:3686), pid=6488, tid=19864
#
# JRE version: OpenJDK Runtime Environment Temurin-21.0.6+7 (21.0.6+7) (build 21.0.6+7-LTS)
# Java VM: OpenJDK 64-Bit Server VM Temurin-21.0.6+7 (21.0.6+7-LTS, mixed mode, sharing, tiered, compressed oops, compressed class ptrs, g1 gc, windows-amd64)
# No core dump will be written. Minidumps are not enabled by default on client versions of Windows
#

---------------  S U M M A R Y ------------

Command Line: -javaagent:E:\IntelliJ IDEA Community Edition 2024.3.1.1\lib\idea_rt.jar=60688:E:\IntelliJ IDEA Community Edition 2024.3.1.1\bin -Dfile.encoding=UTF-8 -Dsun.stdout.encoding=UTF-8 -Dsun.stderr.encoding=UTF-8 com.example.Job.JobApplication

Host: 11th Gen Intel(R) Core(TM) i5-1135G7 @ 2.40GHz, 8 cores, 7G,  Windows 11 , 64 bit Build 22621 (10.0.22621.4391)
Time: Tue Mar 25 12:23:01 2025 SE Asia Standard Time elapsed time: 3939.378624 seconds (0d 1h 5m 39s)

---------------  T H R E A D  ---------------

Current thread (0x000001d7aa4b8800):  VMThread "VM Thread"          [id=19864, stack(0x000000b85e500000,0x000000b85e600000) (1024K)]

Stack: [0x000000b85e500000,0x000000b85e600000]
Native frames: (J=compiled Java code, j=interpreted, Vv=VM code, C=native code)
V  [jvm.dll+0x6cdee9]
V  [jvm.dll+0x8a83d1]
V  [jvm.dll+0x8aa8fe]
V  [jvm.dll+0x8aafe3]
V  [jvm.dll+0x27f706]
V  [jvm.dll+0x6ca755]
V  [jvm.dll+0x6bea3a]
V  [jvm.dll+0x355d6a]
V  [jvm.dll+0x35d936]
V  [jvm.dll+0x3af58e]
V  [jvm.dll+0x3af838]
V  [jvm.dll+0x329efc]
V  [jvm.dll+0x329f87]
V  [jvm.dll+0x36dd4c]
V  [jvm.dll+0x36c598]
V  [jvm.dll+0x3296c1]
V  [jvm.dll+0x36bc0a]
V  [jvm.dll+0x8b0cff]
V  [jvm.dll+0x8b2084]
V  [jvm.dll+0x8b25c0]
V  [jvm.dll+0x8b2863]
V  [jvm.dll+0x851f8b]
V  [jvm.dll+0x6cc5ed]
C  [ucrtbase.dll+0x29333]
C  [KERNEL32.DLL+0x1259d]
C  [ntdll.dll+0x5af38]

VM_Operation (0x000000b862ffd430): G1CollectForAllocation, mode: safepoint, requested by thread 0x000001d7f6bb62d0


---------------  P R O C E S S  ---------------

Threads class SMR info:
_java_thread_list=0x000001d7fb2a2850, length=72, elements={
0x000001d7aa4d2260, 0x000001d7aa4d4070, 0x000001d7aa4d8f70, 0x000001d7aa4d9ab0,
0x000001d7aa4da850, 0x000001d7aa4db820, 0x000001d7aa4e15d0, 0x000001d7aaa4d580,
0x000001d7aaac14e0, 0x000001d7aadbced0, 0x000001d7aadbd940, 0x000001d7f1d3d2c0,
0x000001d7f1d3dfe0, 0x000001d7f1d3bf10, 0x000001d7f0ae4fd0, 0x000001d7f0ae8ae0,
0x000001d7f0ae6380, 0x000001d7f0ae3c20, 0x000001d7f0ae42b0, 0x000001d7f0ae6a10,
0x000001d7f0ae9e90, 0x000001d7f0ae70a0, 0x000001d7f0ae9170, 0x000001d7f0ae8450,
0x000001d7f0ae4940, 0x000001d7f0ae5660, 0x000001d7f0ae9800, 0x000001d7f0ae7730,
0x000001d7f0ae3590, 0x000001d7f1bc5a70, 0x000001d7f33acb40, 0x000001d7f33adef0,
0x000001d7f33affc0, 0x000001d7f33ad1d0, 0x000001d7f33b1a00, 0x000001d7f33ad860,
0x000001d7f33aec10, 0x000001d7f33af930, 0x000001d7f33b0650, 0x000001d7f33aaa70,
0x000001d7f33ab100, 0x000001d7f33af2a0, 0x000001d7f33abe20, 0x000001d7f33b1370,
0x000001d7f33ab790, 0x000001d7f423cf40, 0x000001d7f423b500, 0x000001d7f423c8b0,
0x000001d7f423ae70, 0x000001d7f423bb90, 0x000001d7f6bb0060, 0x000001d7f1bc2c80,
0x000001d7f1bbf800, 0x000001d7f1bc39a0, 0x000001d7f1bc1f60, 0x000001d7f1bc3310,
0x000001d7f1bc25f0, 0x000001d7f1bc6100, 0x000001d7f1bc4030, 0x000001d7f1bc4d50,
0x000001d7f1bbfe90, 0x000001d7f1bc0520, 0x000001d7f1bc46c0, 0x000001d7f1bc1240,
0x000001d7f1bc18d0, 0x000001d7f6bb27c0, 0x000001d7f6bb34e0, 0x000001d7f6bb3b70,
0x000001d7f6bb7680, 0x000001d7f6bb62d0, 0x000001d7f6bb4f20, 0x000001d7f6bb6960
}

Java Threads: ( => current thread )
  0x000001d7aa4d2260 JavaThread "Reference Handler"          daemon [_thread_blocked, id=5152, stack(0x000000b85e600000,0x000000b85e700000) (1024K)]
  0x000001d7aa4d4070 JavaThread "Finalizer"                  daemon [_thread_blocked, id=15092, stack(0x000000b85e700000,0x000000b85e800000) (1024K)]
  0x000001d7aa4d8f70 JavaThread "Signal Dispatcher"          daemon [_thread_blocked, id=1312, stack(0x000000b85e800000,0x000000b85e900000) (1024K)]
  0x000001d7aa4d9ab0 JavaThread "Attach Listener"            daemon [_thread_blocked, id=11072, stack(0x000000b85e900000,0x000000b85ea00000) (1024K)]
  0x000001d7aa4da850 JavaThread "Service Thread"             daemon [_thread_blocked, id=4720, stack(0x000000b85ea00000,0x000000b85eb00000) (1024K)]
  0x000001d7aa4db820 JavaThread "Monitor Deflation Thread"   daemon [_thread_blocked, id=3964, stack(0x000000b85eb00000,0x000000b85ec00000) (1024K)]
  0x000001d7aa4e15d0 JavaThread "C2 CompilerThread0"         daemon [_thread_blocked, id=2804, stack(0x000000b85ec00000,0x000000b85ed00000) (1024K)]
  0x000001d7aaa4d580 JavaThread "C1 CompilerThread0"         daemon [_thread_blocked, id=20168, stack(0x000000b85ed00000,0x000000b85ee00000) (1024K)]
  0x000001d7aaac14e0 JavaThread "Common-Cleaner"             daemon [_thread_blocked, id=13816, stack(0x000000b85ee00000,0x000000b85ef00000) (1024K)]
  0x000001d7aadbced0 JavaThread "Monitor Ctrl-Break"         daemon [_thread_in_native, id=16132, stack(0x000000b85ef00000,0x000000b85f000000) (1024K)]
  0x000001d7aadbd940 JavaThread "Notification Thread"        daemon [_thread_blocked, id=18012, stack(0x000000b85f000000,0x000000b85f100000) (1024K)]
  0x000001d7f1d3d2c0 JavaThread "Catalina-utility-1"                [_thread_blocked, id=9888, stack(0x000000b85f800000,0x000000b85f900000) (1024K)]
  0x000001d7f1d3dfe0 JavaThread "Catalina-utility-2"                [_thread_blocked, id=7624, stack(0x000000b85fd00000,0x000000b85fe00000) (1024K)]
  0x000001d7f1d3bf10 JavaThread "container-0"                       [_thread_blocked, id=11572, stack(0x000000b85fe00000,0x000000b85ff00000) (1024K)]
  0x000001d7f0ae4fd0 JavaThread "PostgreSQL-JDBC-Cleaner"    daemon [_thread_blocked, id=14160, stack(0x000000b860100000,0x000000b860200000) (1024K)]
  0x000001d7f0ae8ae0 JavaThread "HikariPool-1 housekeeper"   daemon [_thread_blocked, id=11880, stack(0x000000b85ff00000,0x000000b860000000) (1024K)]
  0x000001d7f0ae6380 JavaThread "lettuce-timer-3-1"          daemon [_thread_blocked, id=3300, stack(0x000000b860300000,0x000000b860400000) (1024K)]
  0x000001d7f0ae3c20 JavaThread "Jndi-Dns-address-change-listener" daemon [_thread_in_native, id=19940, stack(0x000000b860400000,0x000000b860500000) (1024K)]
  0x000001d7f0ae42b0 JavaThread "BufferPoolPruner-1-thread-1" daemon [_thread_blocked, id=2960, stack(0x000000b860500000,0x000000b860600000) (1024K)]
  0x000001d7f0ae6a10 JavaThread "cluster-ClusterId{value='67e22e6df3ecdc6039d067df', description='ClusterTopcv'}-clustertopcv-shard-00-01.nhxhu.mongodb.net:27017" daemon [_thread_blocked, id=15352, stack(0x000000b860700000,0x000000b860800000) (1024K)]
  0x000001d7f0ae9e90 JavaThread "cluster-ClusterId{value='67e22e6df3ecdc6039d067df', description='ClusterTopcv'}-clustertopcv-shard-00-00.nhxhu.mongodb.net:27017" daemon [_thread_blocked, id=18752, stack(0x000000b860800000,0x000000b860900000) (1024K)]
  0x000001d7f0ae70a0 JavaThread "cluster-ClusterId{value='67e22e6df3ecdc6039d067df', description='ClusterTopcv'}-clustertopcv-shard-00-02.nhxhu.mongodb.net:27017" daemon [_thread_blocked, id=20972, stack(0x000000b860900000,0x000000b860a00000) (1024K)]
  0x000001d7f0ae9170 JavaThread "Live Reload Server"         daemon [_thread_in_native, id=14360, stack(0x000000b860b00000,0x000000b860c00000) (1024K)]
  0x000001d7f0ae8450 JavaThread "cluster-rtt-ClusterId{value='67e22e6df3ecdc6039d067df', description='ClusterTopcv'}-clustertopcv-shard-00-02.nhxhu.mongodb.net:27017" daemon [_thread_blocked, id=5596, stack(0x000000b860a00000,0x000000b860b00000) (1024K)]
  0x000001d7f0ae4940 JavaThread "cluster-rtt-ClusterId{value='67e22e6df3ecdc6039d067df', description='ClusterTopcv'}-clustertopcv-shard-00-01.nhxhu.mongodb.net:27017" daemon [_thread_blocked, id=3168, stack(0x000000b860c00000,0x000000b860d00000) (1024K)]
  0x000001d7f0ae5660 JavaThread "cluster-rtt-ClusterId{value='67e22e6df3ecdc6039d067df', description='ClusterTopcv'}-clustertopcv-shard-00-00.nhxhu.mongodb.net:27017" daemon [_thread_blocked, id=21988, stack(0x000000b860d00000,0x000000b860e00000) (1024K)]
  0x000001d7f0ae9800 JavaThread "MaintenanceTimer-4-thread-1" daemon [_thread_blocked, id=13436, stack(0x000000b860e00000,0x000000b860f00000) (1024K)]
  0x000001d7f0ae7730 JavaThread "MaintenanceTimer-2-thread-1" daemon [_thread_blocked, id=6168, stack(0x000000b860f00000,0x000000b861000000) (1024K)]
  0x000001d7f0ae3590 JavaThread "MaintenanceTimer-3-thread-1" daemon [_thread_blocked, id=8820, stack(0x000000b861000000,0x000000b861100000) (1024K)]
  0x000001d7f1bc5a70 JavaThread "File Watcher"               daemon [_thread_blocked, id=15732, stack(0x000000b860200000,0x000000b860300000) (1024K)]
  0x000001d7f33acb40 JavaThread "MessageBroker-1"                   [_thread_blocked, id=12384, stack(0x000000b861100000,0x000000b861200000) (1024K)]
  0x000001d7f33adef0 JavaThread "http-nio-8081-exec-1"       daemon [_thread_blocked, id=7936, stack(0x000000b861200000,0x000000b861300000) (1024K)]
  0x000001d7f33affc0 JavaThread "http-nio-8081-exec-2"       daemon [_thread_blocked, id=1940, stack(0x000000b861300000,0x000000b861400000) (1024K)]
  0x000001d7f33ad1d0 JavaThread "http-nio-8081-exec-3"       daemon [_thread_blocked, id=20648, stack(0x000000b861400000,0x000000b861500000) (1024K)]
  0x000001d7f33b1a00 JavaThread "http-nio-8081-exec-4"       daemon [_thread_blocked, id=2784, stack(0x000000b861500000,0x000000b861600000) (1024K)]
  0x000001d7f33ad860 JavaThread "http-nio-8081-exec-5"       daemon [_thread_blocked, id=8116, stack(0x000000b861600000,0x000000b861700000) (1024K)]
  0x000001d7f33aec10 JavaThread "http-nio-8081-exec-6"       daemon [_thread_blocked, id=16948, stack(0x000000b861700000,0x000000b861800000) (1024K)]
  0x000001d7f33af930 JavaThread "http-nio-8081-exec-7"       daemon [_thread_blocked, id=19492, stack(0x000000b861800000,0x000000b861900000) (1024K)]
  0x000001d7f33b0650 JavaThread "http-nio-8081-exec-8"       daemon [_thread_blocked, id=13476, stack(0x000000b861900000,0x000000b861a00000) (1024K)]
  0x000001d7f33aaa70 JavaThread "http-nio-8081-exec-9"       daemon [_thread_blocked, id=18476, stack(0x000000b861a00000,0x000000b861b00000) (1024K)]
  0x000001d7f33ab100 JavaThread "http-nio-8081-exec-10"      daemon [_thread_blocked, id=19332, stack(0x000000b861b00000,0x000000b861c00000) (1024K)]
  0x000001d7f33af2a0 JavaThread "http-nio-8081-Poller"       daemon [_thread_in_native, id=12980, stack(0x000000b861c00000,0x000000b861d00000) (1024K)]
  0x000001d7f33abe20 JavaThread "http-nio-8081-Acceptor"     daemon [_thread_in_native, id=10144, stack(0x000000b861d00000,0x000000b861e00000) (1024K)]
  0x000001d7f33b1370 JavaThread "DestroyJavaVM"                     [_thread_blocked, id=15328, stack(0x000000b85de00000,0x000000b85df00000) (1024K)]
  0x000001d7f33ab790 JavaThread "MessageBroker-2"                   [_thread_blocked, id=16660, stack(0x000000b85f100000,0x000000b85f200000) (1024K)]
  0x000001d7f423cf40 JavaThread "MessageBroker-3"                   [_thread_blocked, id=10392, stack(0x000000b85f600000,0x000000b85f700000) (1024K)]
  0x000001d7f423b500 JavaThread "MessageBroker-4"                   [_thread_blocked, id=13044, stack(0x000000b85f700000,0x000000b85f800000) (1024K)]
  0x000001d7f423c8b0 JavaThread "MessageBroker-5"                   [_thread_blocked, id=16268, stack(0x000000b861f00000,0x000000b862000000) (1024K)]
  0x000001d7f423ae70 JavaThread "MessageBroker-6"                   [_thread_blocked, id=20188, stack(0x000000b861e00000,0x000000b861f00000) (1024K)]
  0x000001d7f423bb90 JavaThread "MessageBroker-7"                   [_thread_blocked, id=12416, stack(0x000000b862600000,0x000000b862700000) (1024K)]
  0x000001d7f6bb0060 JavaThread "MessageBroker-8"                   [_thread_blocked, id=11204, stack(0x000000b862700000,0x000000b862800000) (1024K)]
  0x000001d7f1bc2c80 JavaThread "WebSocket background processing" daemon [_thread_blocked, id=15128, stack(0x000000b85db00000,0x000000b85dc00000) (1024K)]
  0x000001d7f1bbf800 JavaThread "clientInboundChannel-81"           [_thread_blocked, id=1124, stack(0x000000b85dc00000,0x000000b85dd00000) (1024K)]
  0x000001d7f1bc39a0 JavaThread "clientInboundChannel-82"           [_thread_blocked, id=20420, stack(0x000000b85dd00000,0x000000b85de00000) (1024K)]
  0x000001d7f1bc1f60 JavaThread "clientInboundChannel-83"           [_thread_blocked, id=16304, stack(0x000000b860000000,0x000000b860100000) (1024K)]
  0x000001d7f1bc3310 JavaThread "clientInboundChannel-84"           [_thread_blocked, id=17716, stack(0x000000b860600000,0x000000b860700000) (1024K)]
  0x000001d7f1bc25f0 JavaThread "clientInboundChannel-85"           [_thread_blocked, id=17356, stack(0x000000b862000000,0x000000b862100000) (1024K)]
  0x000001d7f1bc6100 JavaThread "clientInboundChannel-86"           [_thread_blocked, id=11660, stack(0x000000b862100000,0x000000b862200000) (1024K)]
  0x000001d7f1bc4030 JavaThread "clientOutboundChannel-33"          [_thread_blocked, id=20032, stack(0x000000b862200000,0x000000b862300000) (1024K)]
  0x000001d7f1bc4d50 JavaThread "clientInboundChannel-87"           [_thread_blocked, id=12368, stack(0x000000b862300000,0x000000b862400000) (1024K)]
  0x000001d7f1bbfe90 JavaThread "clientInboundChannel-88"           [_thread_blocked, id=7532, stack(0x000000b862400000,0x000000b862500000) (1024K)]
  0x000001d7f1bc0520 JavaThread "clientInboundChannel-89"           [_thread_blocked, id=7756, stack(0x000000b862500000,0x000000b862600000) (1024K)]
  0x000001d7f1bc46c0 JavaThread "clientInboundChannel-90"           [_thread_blocked, id=15140, stack(0x000000b862800000,0x000000b862900000) (1024K)]
  0x000001d7f1bc1240 JavaThread "clientInboundChannel-91"           [_thread_blocked, id=13900, stack(0x000000b862900000,0x000000b862a00000) (1024K)]
  0x000001d7f1bc18d0 JavaThread "clientInboundChannel-92"           [_thread_blocked, id=4740, stack(0x000000b862a00000,0x000000b862b00000) (1024K)]
  0x000001d7f6bb27c0 JavaThread "clientInboundChannel-93"           [_thread_blocked, id=2340, stack(0x000000b862b00000,0x000000b862c00000) (1024K)]
  0x000001d7f6bb34e0 JavaThread "clientInboundChannel-94"           [_thread_blocked, id=4292, stack(0x000000b862c00000,0x000000b862d00000) (1024K)]
  0x000001d7f6bb3b70 JavaThread "clientInboundChannel-95"           [_thread_blocked, id=9364, stack(0x000000b862d00000,0x000000b862e00000) (1024K)]
  0x000001d7f6bb7680 JavaThread "clientOutboundChannel-34"          [_thread_blocked, id=2348, stack(0x000000b862e00000,0x000000b862f00000) (1024K)]
  0x000001d7f6bb62d0 JavaThread "clientOutboundChannel-35"          [_thread_blocked, id=22404, stack(0x000000b862f00000,0x000000b863000000) (1024K)]
  0x000001d7f6bb4f20 JavaThread "clientOutboundChannel-36"          [_thread_blocked, id=19056, stack(0x000000b863000000,0x000000b863100000) (1024K)]
  0x000001d7f6bb6960 JavaThread "clientOutboundChannel-37"          [_thread_blocked, id=19924, stack(0x000000b863100000,0x000000b863200000) (1024K)]
Total: 72

Other Threads:
=>0x000001d7aa4b8800 VMThread "VM Thread"                           [id=19864, stack(0x000000b85e500000,0x000000b85e600000) (1024K)]
  0x000001d7aa4a5690 WatcherThread "VM Periodic Task Thread"        [id=21144, stack(0x000000b85e400000,0x000000b85e500000) (1024K)]
  0x000001d78df7f010 WorkerThread "GC Thread#0"                     [id=11280, stack(0x000000b85df00000,0x000000b85e000000) (1024K)]
  0x000001d7f089ff60 WorkerThread "GC Thread#1"                     [id=21048, stack(0x000000b85f200000,0x000000b85f300000) (1024K)]
  0x000001d7f0aaaf90 WorkerThread "GC Thread#2"                     [id=12564, stack(0x000000b85f300000,0x000000b85f400000) (1024K)]
  0x000001d7f0838600 WorkerThread "GC Thread#3"                     [id=6052, stack(0x000000b85f400000,0x000000b85f500000) (1024K)]
  0x000001d7f09d2000 WorkerThread "GC Thread#4"                     [id=6040, stack(0x000000b85f500000,0x000000b85f600000) (1024K)]
  0x000001d7f0f8c1b0 WorkerThread "GC Thread#5"                     [id=12180, stack(0x000000b85f900000,0x000000b85fa00000) (1024K)]
  0x000001d7f0f8c550 WorkerThread "GC Thread#6"                     [id=11152, stack(0x000000b85fa00000,0x000000b85fb00000) (1024K)]
  0x000001d7f0f8b330 WorkerThread "GC Thread#7"                     [id=19464, stack(0x000000b85fb00000,0x000000b85fc00000) (1024K)]
  0x000001d78bc4df00 ConcurrentGCThread "G1 Main Marker"            [id=20740, stack(0x000000b85e000000,0x000000b85e100000) (1024K)]
  0x000001d78bc4ea00 WorkerThread "G1 Conc#0"                       [id=11540, stack(0x000000b85e100000,0x000000b85e200000) (1024K)]
  0x000001d7f0f8c8f0 WorkerThread "G1 Conc#1"                       [id=21324, stack(0x000000b85fc00000,0x000000b85fd00000) (1024K)]
  0x000001d78dfcea30 ConcurrentGCThread "G1 Refine#0"               [id=4432, stack(0x000000b85e200000,0x000000b85e300000) (1024K)]
  0x000001d7aa376710 ConcurrentGCThread "G1 Service"                [id=11492, stack(0x000000b85e300000,0x000000b85e400000) (1024K)]
Total: 15

Threads with active compile tasks:
Total: 0

VM state: at safepoint (normal execution)

VM Mutex/Monitor currently owned by a thread:  ([mutex/lock_event])
[0x00007ffcefc2e380] Threads_lock - owner thread: 0x000001d7aa4b8800
[0x00007ffcefc2e480] Heap_lock - owner thread: 0x000001d7f6bb62d0

Heap address: 0x0000000084a00000, size: 1974 MB, Compressed Oops mode: 32-bit

CDS archive(s) mapped at: [0x000001d7ab000000-0x000001d7abc80000-0x000001d7abc80000), size 13107200, SharedBaseAddress: 0x000001d7ab000000, ArchiveRelocationMode: 1.
Compressed class space mapped at: 0x000001d7ac000000-0x000001d7ec000000, reserved size: 1073741824
Narrow klass base: 0x000001d7ab000000, Narrow klass shift: 0, Narrow klass range: 0x100000000

GC Precious Log:
 CardTable entry size: 512
 Card Set container configuration: InlinePtr #cards 5 size 8 Array Of Cards #cards 12 size 40 Howl #buckets 4 coarsen threshold 1843 Howl Bitmap #cards 512 size 80 coarsen threshold 460 Card regions per heap region 1 cards per card region 2048
 CPUs: 8 total, 8 available
 Memory: 7888M
 Large Page Support: Disabled
 NUMA Support: Disabled
 Compressed Oops: Enabled (32-bit)
 Heap Region Size: 1M
 Heap Min Capacity: 8M
 Heap Initial Capacity: 124M
 Heap Max Capacity: 1974M
 Pre-touch: Disabled
 Parallel Workers: 8
 Concurrent Workers: 2
 Concurrent Refinement Workers: 8
 Periodic GC: Disabled

Heap:
 garbage-first heap   total 190464K, used 80351K [0x0000000084a00000, 0x0000000100000000)
  region size 1024K, 2 young (2048K), 2 survivors (2048K)
 Metaspace       used 120222K, committed 121472K, reserved 1179648K
  class space    used 16344K, committed 16896K, reserved 1048576K

Heap Regions: E=young(eden), S=young(survivor), O=old, HS=humongous(starts), HC=humongous(continues), CS=collection set, F=free, TAMS=top-at-mark-start, PB=parsable bottom
|   0|0x0000000084a00000, 0x0000000084b00000, 0x0000000084b00000|100%|HS|  |TAMS 0x0000000084b00000| PB 0x0000000084a00000| Complete 
|   1|0x0000000084b00000, 0x0000000084c00000, 0x0000000084c00000|100%|HS|  |TAMS 0x0000000084c00000| PB 0x0000000084b00000| Complete 
|   2|0x0000000084c00000, 0x0000000084d00000, 0x0000000084d00000|100%| O|  |TAMS 0x0000000084d00000| PB 0x0000000084c00000| Untracked 
|   3|0x0000000084d00000, 0x0000000084e00000, 0x0000000084e00000|100%| O|  |TAMS 0x0000000084e00000| PB 0x0000000084d00000| Untracked 
|   4|0x0000000084e00000, 0x0000000084f00000, 0x0000000084f00000|100%| O|  |TAMS 0x0000000084f00000| PB 0x0000000084e00000| Untracked 
|   5|0x0000000084f00000, 0x0000000085000000, 0x0000000085000000|100%| O|  |TAMS 0x0000000085000000| PB 0x0000000084f00000| Untracked 
|   6|0x0000000085000000, 0x0000000085100000, 0x0000000085100000|100%| O|  |TAMS 0x0000000085100000| PB 0x0000000085000000| Untracked 
|   7|0x0000000085100000, 0x0000000085200000, 0x0000000085200000|100%| O|  |TAMS 0x0000000085200000| PB 0x0000000085100000| Untracked 
|   8|0x0000000085200000, 0x0000000085300000, 0x0000000085300000|100%| O|  |TAMS 0x0000000085300000| PB 0x0000000085200000| Untracked 
|   9|0x0000000085300000, 0x0000000085400000, 0x0000000085400000|100%| O|  |TAMS 0x0000000085400000| PB 0x0000000085300000| Untracked 
|  10|0x0000000085400000, 0x0000000085500000, 0x0000000085500000|100%| O|  |TAMS 0x0000000085500000| PB 0x0000000085400000| Untracked 
|  11|0x0000000085500000, 0x0000000085600000, 0x0000000085600000|100%| O|  |TAMS 0x0000000085600000| PB 0x0000000085500000| Untracked 
|  12|0x0000000085600000, 0x0000000085700000, 0x0000000085700000|100%| O|  |TAMS 0x0000000085700000| PB 0x0000000085600000| Untracked 
|  13|0x0000000085700000, 0x0000000085800000, 0x0000000085800000|100%| O|  |TAMS 0x0000000085800000| PB 0x0000000085700000| Untracked 
|  14|0x0000000085800000, 0x0000000085900000, 0x0000000085900000|100%| O|  |TAMS 0x0000000085900000| PB 0x0000000085800000| Untracked 
|  15|0x0000000085900000, 0x0000000085a00000, 0x0000000085a00000|100%| O|  |TAMS 0x0000000085a00000| PB 0x0000000085900000| Untracked 
|  16|0x0000000085a00000, 0x0000000085b00000, 0x0000000085b00000|100%| O|  |TAMS 0x0000000085b00000| PB 0x0000000085a00000| Untracked 
|  17|0x0000000085b00000, 0x0000000085c00000, 0x0000000085c00000|100%| O|  |TAMS 0x0000000085c00000| PB 0x0000000085b00000| Untracked 
|  18|0x0000000085c00000, 0x0000000085d00000, 0x0000000085d00000|100%| O|  |TAMS 0x0000000085d00000| PB 0x0000000085c00000| Untracked 
|  19|0x0000000085d00000, 0x0000000085e00000, 0x0000000085e00000|100%| O|  |TAMS 0x0000000085e00000| PB 0x0000000085d00000| Untracked 
|  20|0x0000000085e00000, 0x0000000085f00000, 0x0000000085f00000|100%| O|  |TAMS 0x0000000085f00000| PB 0x0000000085e00000| Untracked 
|  21|0x0000000085f00000, 0x0000000086000000, 0x0000000086000000|100%| O|  |TAMS 0x0000000086000000| PB 0x0000000085f00000| Untracked 
|  22|0x0000000086000000, 0x0000000086100000, 0x0000000086100000|100%| O|  |TAMS 0x0000000086100000| PB 0x0000000086000000| Untracked 
|  23|0x0000000086100000, 0x0000000086200000, 0x0000000086200000|100%| O|  |TAMS 0x0000000086200000| PB 0x0000000086100000| Untracked 
|  24|0x0000000086200000, 0x0000000086300000, 0x0000000086300000|100%| O|  |TAMS 0x0000000086300000| PB 0x0000000086200000| Untracked 
|  25|0x0000000086300000, 0x0000000086400000, 0x0000000086400000|100%| O|  |TAMS 0x0000000086400000| PB 0x0000000086300000| Untracked 
|  26|0x0000000086400000, 0x0000000086500000, 0x0000000086500000|100%| O|  |TAMS 0x0000000086500000| PB 0x0000000086400000| Untracked 
|  27|0x0000000086500000, 0x0000000086600000, 0x0000000086600000|100%| O|  |TAMS 0x0000000086600000| PB 0x0000000086500000| Untracked 
|  28|0x0000000086600000, 0x0000000086700000, 0x0000000086700000|100%| O|  |TAMS 0x0000000086700000| PB 0x0000000086600000| Untracked 
|  29|0x0000000086700000, 0x0000000086800000, 0x0000000086800000|100%| O|  |TAMS 0x0000000086800000| PB 0x0000000086700000| Untracked 
|  30|0x0000000086800000, 0x0000000086900000, 0x0000000086900000|100%| O|  |TAMS 0x0000000086900000| PB 0x0000000086800000| Untracked 
|  31|0x0000000086900000, 0x0000000086a00000, 0x0000000086a00000|100%| O|  |TAMS 0x0000000086a00000| PB 0x0000000086900000| Untracked 
|  32|0x0000000086a00000, 0x0000000086b00000, 0x0000000086b00000|100%| O|  |TAMS 0x0000000086b00000| PB 0x0000000086a00000| Untracked 
|  33|0x0000000086b00000, 0x0000000086c00000, 0x0000000086c00000|100%| O|  |TAMS 0x0000000086c00000| PB 0x0000000086b00000| Untracked 
|  34|0x0000000086c00000, 0x0000000086d00000, 0x0000000086d00000|100%| O|  |TAMS 0x0000000086d00000| PB 0x0000000086c00000| Untracked 
|  35|0x0000000086d00000, 0x0000000086e00000, 0x0000000086e00000|100%| O|  |TAMS 0x0000000086e00000| PB 0x0000000086d00000| Untracked 
|  36|0x0000000086e00000, 0x0000000086f00000, 0x0000000086f00000|100%| O|  |TAMS 0x0000000086f00000| PB 0x0000000086e00000| Untracked 
|  37|0x0000000086f00000, 0x0000000087000000, 0x0000000087000000|100%| O|  |TAMS 0x0000000087000000| PB 0x0000000086f00000| Untracked 
|  38|0x0000000087000000, 0x0000000087100000, 0x0000000087100000|100%| O|  |TAMS 0x0000000087100000| PB 0x0000000087000000| Untracked 
|  39|0x0000000087100000, 0x0000000087200000, 0x0000000087200000|100%| O|  |TAMS 0x0000000087200000| PB 0x0000000087100000| Untracked 
|  40|0x0000000087200000, 0x0000000087300000, 0x0000000087300000|100%| O|  |TAMS 0x0000000087300000| PB 0x0000000087200000| Untracked 
|  41|0x0000000087300000, 0x0000000087400000, 0x0000000087400000|100%| O|  |TAMS 0x0000000087400000| PB 0x0000000087300000| Untracked 
|  42|0x0000000087400000, 0x0000000087500000, 0x0000000087500000|100%| O|  |TAMS 0x0000000087500000| PB 0x0000000087400000| Untracked 
|  43|0x0000000087500000, 0x0000000087600000, 0x0000000087600000|100%| O|  |TAMS 0x0000000087600000| PB 0x0000000087500000| Untracked 
|  44|0x0000000087600000, 0x0000000087700000, 0x0000000087700000|100%| O|  |TAMS 0x0000000087700000| PB 0x0000000087600000| Untracked 
|  45|0x0000000087700000, 0x0000000087800000, 0x0000000087800000|100%| O|  |TAMS 0x0000000087800000| PB 0x0000000087700000| Untracked 
|  46|0x0000000087800000, 0x0000000087900000, 0x0000000087900000|100%| O|  |TAMS 0x0000000087900000| PB 0x0000000087800000| Untracked 
|  47|0x0000000087900000, 0x0000000087a00000, 0x0000000087a00000|100%| O|  |TAMS 0x0000000087a00000| PB 0x0000000087900000| Untracked 
|  48|0x0000000087a00000, 0x0000000087b00000, 0x0000000087b00000|100%| O|  |TAMS 0x0000000087b00000| PB 0x0000000087a00000| Untracked 
|  49|0x0000000087b00000, 0x0000000087c00000, 0x0000000087c00000|100%| O|  |TAMS 0x0000000087c00000| PB 0x0000000087b00000| Untracked 
|  50|0x0000000087c00000, 0x0000000087d00000, 0x0000000087d00000|100%| O|  |TAMS 0x0000000087d00000| PB 0x0000000087c00000| Untracked 
|  51|0x0000000087d00000, 0x0000000087e00000, 0x0000000087e00000|100%| O|  |TAMS 0x0000000087e00000| PB 0x0000000087d00000| Untracked 
|  52|0x0000000087e00000, 0x0000000087f00000, 0x0000000087f00000|100%| O|  |TAMS 0x0000000087f00000| PB 0x0000000087e00000| Untracked 
|  53|0x0000000087f00000, 0x0000000088000000, 0x0000000088000000|100%| O|  |TAMS 0x0000000087f00000| PB 0x0000000087f00000| Untracked 
|  54|0x0000000088000000, 0x0000000088100000, 0x0000000088100000|100%|HS|  |TAMS 0x0000000088100000| PB 0x0000000088000000| Complete 
|  55|0x0000000088100000, 0x0000000088200000, 0x0000000088200000|100%| O|  |TAMS 0x0000000088200000| PB 0x0000000088100000| Untracked 
|  56|0x0000000088200000, 0x0000000088300000, 0x0000000088300000|100%| O|  |TAMS 0x0000000088300000| PB 0x0000000088200000| Untracked 
|  57|0x0000000088300000, 0x0000000088400000, 0x0000000088400000|100%| O|  |TAMS 0x0000000088300000| PB 0x0000000088300000| Untracked 
|  58|0x0000000088400000, 0x0000000088500000, 0x0000000088500000|100%| O|  |TAMS 0x0000000088500000| PB 0x0000000088400000| Untracked 
|  59|0x0000000088500000, 0x0000000088600000, 0x0000000088600000|100%| O|  |TAMS 0x0000000088600000| PB 0x0000000088500000| Untracked 
|  60|0x0000000088600000, 0x0000000088700000, 0x0000000088700000|100%| O|  |TAMS 0x0000000088700000| PB 0x0000000088600000| Untracked 
|  61|0x0000000088700000, 0x0000000088800000, 0x0000000088800000|100%| O|  |TAMS 0x0000000088800000| PB 0x0000000088700000| Untracked 
|  62|0x0000000088800000, 0x0000000088900000, 0x0000000088900000|100%| O|  |TAMS 0x0000000088900000| PB 0x0000000088800000| Untracked 
|  63|0x0000000088900000, 0x0000000088a00000, 0x0000000088a00000|100%| O|  |TAMS 0x0000000088a00000| PB 0x0000000088900000| Untracked 
|  64|0x0000000088a00000, 0x0000000088b00000, 0x0000000088b00000|100%| O|  |TAMS 0x0000000088b00000| PB 0x0000000088a00000| Untracked 
|  65|0x0000000088b00000, 0x0000000088c00000, 0x0000000088c00000|100%| O|  |TAMS 0x0000000088c00000| PB 0x0000000088b00000| Untracked 
|  66|0x0000000088c00000, 0x0000000088d00000, 0x0000000088d00000|100%| O|  |TAMS 0x0000000088d00000| PB 0x0000000088c00000| Untracked 
|  67|0x0000000088d00000, 0x0000000088e00000, 0x0000000088e00000|100%| O|  |TAMS 0x0000000088e00000| PB 0x0000000088d00000| Untracked 
|  68|0x0000000088e00000, 0x0000000088f00000, 0x0000000088f00000|100%| O|  |TAMS 0x0000000088e00000| PB 0x0000000088e00000| Untracked 
|  69|0x0000000088f00000, 0x0000000089000000, 0x0000000089000000|100%| O|  |TAMS 0x0000000089000000| PB 0x0000000088f00000| Untracked 
|  70|0x0000000089000000, 0x0000000089100000, 0x0000000089100000|100%| O|  |TAMS 0x0000000089100000| PB 0x0000000089000000| Untracked 
|  71|0x0000000089100000, 0x0000000089200000, 0x0000000089200000|100%| O|  |TAMS 0x0000000089200000| PB 0x0000000089100000| Untracked 
|  72|0x0000000089200000, 0x0000000089300000, 0x0000000089300000|100%| O|  |TAMS 0x0000000089300000| PB 0x0000000089200000| Untracked 
|  73|0x0000000089300000, 0x0000000089400000, 0x0000000089400000|100%| O|  |TAMS 0x0000000089400000| PB 0x0000000089300000| Untracked 
|  74|0x0000000089400000, 0x0000000089500000, 0x0000000089500000|100%| O|  |TAMS 0x000000008949f058| PB 0x0000000089400000| Untracked 
|  75|0x0000000089500000, 0x0000000089600000, 0x0000000089600000|100%| O|  |TAMS 0x0000000089500000| PB 0x0000000089500000| Untracked 
|  76|0x0000000089600000, 0x00000000896f7980, 0x0000000089700000| 96%| O|  |TAMS 0x0000000089600000| PB 0x0000000089600000| Untracked 
|  77|0x0000000089700000, 0x0000000089700000, 0x0000000089800000|  0%| F|  |TAMS 0x0000000089700000| PB 0x0000000089700000| Untracked 
|  78|0x0000000089800000, 0x0000000089800000, 0x0000000089900000|  0%| F|  |TAMS 0x0000000089800000| PB 0x0000000089800000| Untracked 
|  79|0x0000000089900000, 0x0000000089900000, 0x0000000089a00000|  0%| F|  |TAMS 0x0000000089900000| PB 0x0000000089900000| Untracked 
|  80|0x0000000089a00000, 0x0000000089a00000, 0x0000000089b00000|  0%| F|  |TAMS 0x0000000089a00000| PB 0x0000000089a00000| Untracked 
|  81|0x0000000089b00000, 0x0000000089b00000, 0x0000000089c00000|  0%| F|  |TAMS 0x0000000089b00000| PB 0x0000000089b00000| Untracked 
|  82|0x0000000089c00000, 0x0000000089c00000, 0x0000000089d00000|  0%| F|  |TAMS 0x0000000089c00000| PB 0x0000000089c00000| Untracked 
|  83|0x0000000089d00000, 0x0000000089d00000, 0x0000000089e00000|  0%| F|  |TAMS 0x0000000089d00000| PB 0x0000000089d00000| Untracked 
|  84|0x0000000089e00000, 0x0000000089e00000, 0x0000000089f00000|  0%| F|  |TAMS 0x0000000089e00000| PB 0x0000000089e00000| Untracked 
|  85|0x0000000089f00000, 0x0000000089f00000, 0x000000008a000000|  0%| F|  |TAMS 0x0000000089f00000| PB 0x0000000089f00000| Untracked 
|  86|0x000000008a000000, 0x000000008a000000, 0x000000008a100000|  0%| F|  |TAMS 0x000000008a000000| PB 0x000000008a000000| Untracked 
|  87|0x000000008a100000, 0x000000008a100000, 0x000000008a200000|  0%| F|  |TAMS 0x000000008a100000| PB 0x000000008a100000| Untracked 
|  88|0x000000008a200000, 0x000000008a200000, 0x000000008a300000|  0%| F|  |TAMS 0x000000008a200000| PB 0x000000008a200000| Untracked 
|  89|0x000000008a300000, 0x000000008a300000, 0x000000008a400000|  0%| F|  |TAMS 0x000000008a300000| PB 0x000000008a300000| Untracked 
|  90|0x000000008a400000, 0x000000008a400000, 0x000000008a500000|  0%| F|  |TAMS 0x000000008a400000| PB 0x000000008a400000| Untracked 
|  91|0x000000008a500000, 0x000000008a500000, 0x000000008a600000|  0%| F|  |TAMS 0x000000008a500000| PB 0x000000008a500000| Untracked 
|  92|0x000000008a600000, 0x000000008a600000, 0x000000008a700000|  0%| F|  |TAMS 0x000000008a600000| PB 0x000000008a600000| Untracked 
|  93|0x000000008a700000, 0x000000008a700000, 0x000000008a800000|  0%| F|  |TAMS 0x000000008a700000| PB 0x000000008a700000| Untracked 
|  94|0x000000008a800000, 0x000000008a800000, 0x000000008a900000|  0%| F|  |TAMS 0x000000008a800000| PB 0x000000008a800000| Untracked 
|  95|0x000000008a900000, 0x000000008a900000, 0x000000008aa00000|  0%| F|  |TAMS 0x000000008a900000| PB 0x000000008a900000| Untracked 
|  96|0x000000008aa00000, 0x000000008aa00000, 0x000000008ab00000|  0%| F|  |TAMS 0x000000008aa00000| PB 0x000000008aa00000| Untracked 
|  97|0x000000008ab00000, 0x000000008ab00000, 0x000000008ac00000|  0%| F|  |TAMS 0x000000008ab00000| PB 0x000000008ab00000| Untracked 
|  98|0x000000008ac00000, 0x000000008ac00000, 0x000000008ad00000|  0%| F|  |TAMS 0x000000008ac00000| PB 0x000000008ac00000| Untracked 
|  99|0x000000008ad00000, 0x000000008ad00000, 0x000000008ae00000|  0%| F|  |TAMS 0x000000008ad00000| PB 0x000000008ad00000| Untracked 
| 100|0x000000008ae00000, 0x000000008ae00000, 0x000000008af00000|  0%| F|  |TAMS 0x000000008ae00000| PB 0x000000008ae00000| Untracked 
| 101|0x000000008af00000, 0x000000008af00000, 0x000000008b000000|  0%| F|  |TAMS 0x000000008af00000| PB 0x000000008af00000| Untracked 
| 102|0x000000008b000000, 0x000000008b000000, 0x000000008b100000|  0%| F|  |TAMS 0x000000008b000000| PB 0x000000008b000000| Untracked 
| 103|0x000000008b100000, 0x000000008b100000, 0x000000008b200000|  0%| F|  |TAMS 0x000000008b100000| PB 0x000000008b100000| Untracked 
| 104|0x000000008b200000, 0x000000008b200000, 0x000000008b300000|  0%| F|  |TAMS 0x000000008b200000| PB 0x000000008b200000| Untracked 
| 105|0x000000008b300000, 0x000000008b300000, 0x000000008b400000|  0%| F|  |TAMS 0x000000008b300000| PB 0x000000008b300000| Untracked 
| 106|0x000000008b400000, 0x000000008b400000, 0x000000008b500000|  0%| F|  |TAMS 0x000000008b400000| PB 0x000000008b400000| Untracked 
| 107|0x000000008b500000, 0x000000008b500000, 0x000000008b600000|  0%| F|  |TAMS 0x000000008b500000| PB 0x000000008b500000| Untracked 
| 108|0x000000008b600000, 0x000000008b600000, 0x000000008b700000|  0%| F|  |TAMS 0x000000008b600000| PB 0x000000008b600000| Untracked 
| 109|0x000000008b700000, 0x000000008b700000, 0x000000008b800000|  0%| F|  |TAMS 0x000000008b700000| PB 0x000000008b700000| Untracked 
| 110|0x000000008b800000, 0x000000008b800000, 0x000000008b900000|  0%| F|  |TAMS 0x000000008b800000| PB 0x000000008b800000| Untracked 
| 111|0x000000008b900000, 0x000000008b900000, 0x000000008ba00000|  0%| F|  |TAMS 0x000000008b900000| PB 0x000000008b900000| Untracked 
| 112|0x000000008ba00000, 0x000000008ba00000, 0x000000008bb00000|  0%| F|  |TAMS 0x000000008ba00000| PB 0x000000008ba00000| Untracked 
| 113|0x000000008bb00000, 0x000000008bb00000, 0x000000008bc00000|  0%| F|  |TAMS 0x000000008bb00000| PB 0x000000008bb00000| Untracked 
| 114|0x000000008bc00000, 0x000000008bc00000, 0x000000008bd00000|  0%| F|  |TAMS 0x000000008bc00000| PB 0x000000008bc00000| Untracked 
| 115|0x000000008bd00000, 0x000000008bd00000, 0x000000008be00000|  0%| F|  |TAMS 0x000000008bd00000| PB 0x000000008bd00000| Untracked 
| 116|0x000000008be00000, 0x000000008be00000, 0x000000008bf00000|  0%| F|  |TAMS 0x000000008be00000| PB 0x000000008be00000| Untracked 
| 117|0x000000008bf00000, 0x000000008bf00000, 0x000000008c000000|  0%| F|  |TAMS 0x000000008bf00000| PB 0x000000008bf00000| Untracked 
| 118|0x000000008c000000, 0x000000008c000000, 0x000000008c100000|  0%| F|  |TAMS 0x000000008c000000| PB 0x000000008c000000| Untracked 
| 119|0x000000008c100000, 0x000000008c100000, 0x000000008c200000|  0%| F|  |TAMS 0x000000008c100000| PB 0x000000008c100000| Untracked 
| 120|0x000000008c200000, 0x000000008c200000, 0x000000008c300000|  0%| F|  |TAMS 0x000000008c200000| PB 0x000000008c200000| Untracked 
| 121|0x000000008c300000, 0x000000008c300000, 0x000000008c400000|  0%| F|  |TAMS 0x000000008c300000| PB 0x000000008c300000| Untracked 
| 122|0x000000008c400000, 0x000000008c400000, 0x000000008c500000|  0%| F|  |TAMS 0x000000008c400000| PB 0x000000008c400000| Untracked 
| 123|0x000000008c500000, 0x000000008c500000, 0x000000008c600000|  0%| F|  |TAMS 0x000000008c500000| PB 0x000000008c500000| Untracked 
| 124|0x000000008c600000, 0x000000008c600000, 0x000000008c700000|  0%| F|  |TAMS 0x000000008c600000| PB 0x000000008c600000| Untracked 
| 125|0x000000008c700000, 0x000000008c700000, 0x000000008c800000|  0%| F|  |TAMS 0x000000008c700000| PB 0x000000008c700000| Untracked 
| 126|0x000000008c800000, 0x000000008c800000, 0x000000008c900000|  0%| F|  |TAMS 0x000000008c800000| PB 0x000000008c800000| Untracked 
| 127|0x000000008c900000, 0x000000008c900000, 0x000000008ca00000|  0%| F|  |TAMS 0x000000008c900000| PB 0x000000008c900000| Untracked 
| 128|0x000000008ca00000, 0x000000008ca00000, 0x000000008cb00000|  0%| F|  |TAMS 0x000000008ca00000| PB 0x000000008ca00000| Untracked 
| 129|0x000000008cb00000, 0x000000008cb00000, 0x000000008cc00000|  0%| F|  |TAMS 0x000000008cb00000| PB 0x000000008cb00000| Untracked 
| 130|0x000000008cc00000, 0x000000008cc00000, 0x000000008cd00000|  0%| F|  |TAMS 0x000000008cc00000| PB 0x000000008cc00000| Untracked 
| 131|0x000000008cd00000, 0x000000008cd00000, 0x000000008ce00000|  0%| F|  |TAMS 0x000000008cd00000| PB 0x000000008cd00000| Untracked 
| 132|0x000000008ce00000, 0x000000008ce00000, 0x000000008cf00000|  0%| F|  |TAMS 0x000000008ce00000| PB 0x000000008ce00000| Untracked 
| 133|0x000000008cf00000, 0x000000008cf00000, 0x000000008d000000|  0%| F|  |TAMS 0x000000008cf00000| PB 0x000000008cf00000| Untracked 
| 134|0x000000008d000000, 0x000000008d000000, 0x000000008d100000|  0%| F|  |TAMS 0x000000008d000000| PB 0x000000008d000000| Untracked 
| 135|0x000000008d100000, 0x000000008d100000, 0x000000008d200000|  0%| F|  |TAMS 0x000000008d100000| PB 0x000000008d100000| Untracked 
| 136|0x000000008d200000, 0x000000008d200000, 0x000000008d300000|  0%| F|  |TAMS 0x000000008d200000| PB 0x000000008d200000| Untracked 
| 137|0x000000008d300000, 0x000000008d300000, 0x000000008d400000|  0%| F|  |TAMS 0x000000008d300000| PB 0x000000008d300000| Untracked 
| 138|0x000000008d400000, 0x000000008d400000, 0x000000008d500000|  0%| F|  |TAMS 0x000000008d400000| PB 0x000000008d400000| Untracked 
| 139|0x000000008d500000, 0x000000008d500000, 0x000000008d600000|  0%| F|  |TAMS 0x000000008d500000| PB 0x000000008d500000| Untracked 
| 140|0x000000008d600000, 0x000000008d600000, 0x000000008d700000|  0%| F|  |TAMS 0x000000008d600000| PB 0x000000008d600000| Untracked 
| 141|0x000000008d700000, 0x000000008d700000, 0x000000008d800000|  0%| F|  |TAMS 0x000000008d700000| PB 0x000000008d700000| Untracked 
| 142|0x000000008d800000, 0x000000008d800000, 0x000000008d900000|  0%| F|  |TAMS 0x000000008d800000| PB 0x000000008d800000| Untracked 
| 143|0x000000008d900000, 0x000000008d900000, 0x000000008da00000|  0%| F|  |TAMS 0x000000008d900000| PB 0x000000008d900000| Untracked 
| 144|0x000000008da00000, 0x000000008da00000, 0x000000008db00000|  0%| F|  |TAMS 0x000000008da00000| PB 0x000000008da00000| Untracked 
| 145|0x000000008db00000, 0x000000008db00000, 0x000000008dc00000|  0%| F|  |TAMS 0x000000008db00000| PB 0x000000008db00000| Untracked 
| 146|0x000000008dc00000, 0x000000008dc00000, 0x000000008dd00000|  0%| F|  |TAMS 0x000000008dc00000| PB 0x000000008dc00000| Untracked 
| 147|0x000000008dd00000, 0x000000008dd00000, 0x000000008de00000|  0%| F|  |TAMS 0x000000008dd00000| PB 0x000000008dd00000| Untracked 
| 148|0x000000008de00000, 0x000000008de00000, 0x000000008df00000|  0%| F|  |TAMS 0x000000008de00000| PB 0x000000008de00000| Untracked 
| 149|0x000000008df00000, 0x000000008df00000, 0x000000008e000000|  0%| F|  |TAMS 0x000000008df00000| PB 0x000000008df00000| Untracked 
| 150|0x000000008e000000, 0x000000008e000000, 0x000000008e100000|  0%| F|  |TAMS 0x000000008e000000| PB 0x000000008e000000| Untracked 
| 151|0x000000008e100000, 0x000000008e100000, 0x000000008e200000|  0%| F|  |TAMS 0x000000008e100000| PB 0x000000008e100000| Untracked 
| 152|0x000000008e200000, 0x000000008e200000, 0x000000008e300000|  0%| F|  |TAMS 0x000000008e200000| PB 0x000000008e200000| Untracked 
| 153|0x000000008e300000, 0x000000008e300000, 0x000000008e400000|  0%| F|  |TAMS 0x000000008e300000| PB 0x000000008e300000| Untracked 
| 154|0x000000008e400000, 0x000000008e400000, 0x000000008e500000|  0%| F|  |TAMS 0x000000008e400000| PB 0x000000008e400000| Untracked 
| 155|0x000000008e500000, 0x000000008e500000, 0x000000008e600000|  0%| F|  |TAMS 0x000000008e500000| PB 0x000000008e500000| Untracked 
| 156|0x000000008e600000, 0x000000008e600000, 0x000000008e700000|  0%| F|  |TAMS 0x000000008e600000| PB 0x000000008e600000| Untracked 
| 157|0x000000008e700000, 0x000000008e700000, 0x000000008e800000|  0%| F|  |TAMS 0x000000008e700000| PB 0x000000008e700000| Untracked 
| 158|0x000000008e800000, 0x000000008e800000, 0x000000008e900000|  0%| F|  |TAMS 0x000000008e800000| PB 0x000000008e800000| Untracked 
| 159|0x000000008e900000, 0x000000008e900000, 0x000000008ea00000|  0%| F|  |TAMS 0x000000008e900000| PB 0x000000008e900000| Untracked 
| 160|0x000000008ea00000, 0x000000008ea00000, 0x000000008eb00000|  0%| F|  |TAMS 0x000000008ea00000| PB 0x000000008ea00000| Untracked 
| 161|0x000000008eb00000, 0x000000008eb00000, 0x000000008ec00000|  0%| F|  |TAMS 0x000000008eb00000| PB 0x000000008eb00000| Untracked 
| 162|0x000000008ec00000, 0x000000008ec00000, 0x000000008ed00000|  0%| F|  |TAMS 0x000000008ec00000| PB 0x000000008ec00000| Untracked 
| 163|0x000000008ed00000, 0x000000008ed00000, 0x000000008ee00000|  0%| F|  |TAMS 0x000000008ed00000| PB 0x000000008ed00000| Untracked 
| 164|0x000000008ee00000, 0x000000008ee00000, 0x000000008ef00000|  0%| F|  |TAMS 0x000000008ee00000| PB 0x000000008ee00000| Untracked 
| 165|0x000000008ef00000, 0x000000008ef00000, 0x000000008f000000|  0%| F|  |TAMS 0x000000008ef00000| PB 0x000000008ef00000| Untracked 
| 166|0x000000008f000000, 0x000000008f000000, 0x000000008f100000|  0%| F|  |TAMS 0x000000008f000000| PB 0x000000008f000000| Untracked 
| 167|0x000000008f100000, 0x000000008f100000, 0x000000008f200000|  0%| F|  |TAMS 0x000000008f100000| PB 0x000000008f100000| Untracked 
| 168|0x000000008f200000, 0x000000008f200000, 0x000000008f300000|  0%| F|  |TAMS 0x000000008f200000| PB 0x000000008f200000| Untracked 
| 169|0x000000008f300000, 0x000000008f300000, 0x000000008f400000|  0%| F|  |TAMS 0x000000008f300000| PB 0x000000008f300000| Untracked 
| 170|0x000000008f400000, 0x000000008f400000, 0x000000008f500000|  0%| F|  |TAMS 0x000000008f400000| PB 0x000000008f400000| Untracked 
| 171|0x000000008f500000, 0x000000008f500000, 0x000000008f600000|  0%| F|  |TAMS 0x000000008f500000| PB 0x000000008f500000| Untracked 
| 172|0x000000008f600000, 0x000000008f600000, 0x000000008f700000|  0%| F|  |TAMS 0x000000008f600000| PB 0x000000008f600000| Untracked 
| 173|0x000000008f700000, 0x000000008f700000, 0x000000008f800000|  0%| F|  |TAMS 0x000000008f700000| PB 0x000000008f700000| Untracked 
| 174|0x000000008f800000, 0x000000008f800000, 0x000000008f900000|  0%| F|  |TAMS 0x000000008f800000| PB 0x000000008f800000| Untracked 
| 175|0x000000008f900000, 0x000000008f900000, 0x000000008fa00000|  0%| F|  |TAMS 0x000000008f900000| PB 0x000000008f900000| Untracked 
| 176|0x000000008fa00000, 0x000000008fa00000, 0x000000008fb00000|  0%| F|  |TAMS 0x000000008fa00000| PB 0x000000008fa00000| Untracked 
| 177|0x000000008fb00000, 0x000000008fb00000, 0x000000008fc00000|  0%| F|  |TAMS 0x000000008fb00000| PB 0x000000008fb00000| Untracked 
| 178|0x000000008fc00000, 0x000000008fc00000, 0x000000008fd00000|  0%| F|  |TAMS 0x000000008fc00000| PB 0x000000008fc00000| Untracked 
| 179|0x000000008fd00000, 0x000000008fd00000, 0x000000008fe00000|  0%| F|  |TAMS 0x000000008fd00000| PB 0x000000008fd00000| Untracked 
| 180|0x000000008fe00000, 0x000000008fe00000, 0x000000008ff00000|  0%| F|  |TAMS 0x000000008fe00000| PB 0x000000008fe00000| Untracked 
| 181|0x000000008ff00000, 0x000000008ff00000, 0x0000000090000000|  0%| F|  |TAMS 0x000000008ff00000| PB 0x000000008ff00000| Untracked 
| 182|0x0000000090000000, 0x00000000900802f0, 0x0000000090100000| 50%| S|CS|TAMS 0x0000000090000000| PB 0x0000000090000000| Complete 
| 183|0x0000000090100000, 0x0000000090200000, 0x0000000090200000|100%| S|CS|TAMS 0x0000000090100000| PB 0x0000000090100000| Complete 
| 184|0x0000000090200000, 0x0000000090200000, 0x0000000090300000|  0%| F|  |TAMS 0x0000000090200000| PB 0x0000000090200000| Untracked 
| 185|0x0000000090300000, 0x0000000090300000, 0x0000000090400000|  0%| F|  |TAMS 0x0000000090300000| PB 0x0000000090300000| Untracked 

Card table byte_map: [0x000001d7a5d00000,0x000001d7a60e0000] _byte_map_base: 0x000001d7a58db000

Marking Bits: (CMBitMap*) 0x000001d78df7f710
 Bits: [0x000001d7a60e0000, 0x000001d7a7fb8000)

Polling page: 0x000001d78bd70000

Metaspace:

Usage:
  Non-class:    101.44 MB used.
      Class:     15.96 MB used.
       Both:    117.40 MB used.

Virtual space:
  Non-class space:      128.00 MB reserved,     102.12 MB ( 80%) committed,  2 nodes.
      Class space:        1.00 GB reserved,      16.50 MB (  2%) committed,  1 nodes.
             Both:        1.12 GB reserved,     118.62 MB ( 10%) committed. 

Chunk freelists:
   Non-Class:  9.62 MB
       Class:  15.45 MB
        Both:  25.07 MB

MaxMetaspaceSize: unlimited
CompressedClassSpaceSize: 1.00 GB
Initial GC threshold: 21.00 MB
Current GC threshold: 179.38 MB
CDS: on
 - commit_granule_bytes: 65536.
 - commit_granule_words: 8192.
 - virtual_space_node_default_size: 8388608.
 - enlarge_chunks_in_place: 1.
 - use_allocation_guard: 0.


Internal statistics:

num_allocs_failed_limit: 6.
num_arena_births: 1960.
num_arena_deaths: 16.
num_vsnodes_births: 3.
num_vsnodes_deaths: 0.
num_space_committed: 1898.
num_space_uncommitted: 0.
num_chunks_returned_to_freelist: 30.
num_chunks_taken_from_freelist: 6374.
num_chunk_merges: 9.
num_chunk_splits: 4517.
num_chunks_enlarged: 3418.
num_inconsistent_stats: 0.

CodeHeap 'non-profiled nmethods': size=120000Kb used=8759Kb max_used=8759Kb free=111240Kb
 bounds [0x000001d79e0c0000, 0x000001d79e950000, 0x000001d7a55f0000]
CodeHeap 'profiled nmethods': size=120000Kb used=20102Kb max_used=20102Kb free=99897Kb
 bounds [0x000001d7965f0000, 0x000001d7979a0000, 0x000001d79db20000]
CodeHeap 'non-nmethods': size=5760Kb used=2176Kb max_used=2200Kb free=3583Kb
 bounds [0x000001d79db20000, 0x000001d79dd90000, 0x000001d79e0c0000]
 total_blobs=12160 nmethods=11264 adapters=799
 compilation: enabled
              stopped_count=0, restarted_count=0
 full_count=0

Compilation events (20 events):
Event: 3938.912 Thread 0x000001d7aaa4d580 13797       1       org.springframework.util.CustomizableThreadCreator::getThreadGroup (5 bytes)
Event: 3938.913 Thread 0x000001d7aaa4d580 nmethod 13797 0x000001d79e94d110 code [0x000001d79e94d2a0, 0x000001d79e94d368]
Event: 3938.913 Thread 0x000001d7aaa4d580 13798       1       org.springframework.util.CustomizableThreadCreator::getThreadNamePrefix (5 bytes)
Event: 3938.913 Thread 0x000001d7aaa4d580 nmethod 13798 0x000001d79e94d410 code [0x000001d79e94d5a0, 0x000001d79e94d668]
Event: 3938.913 Thread 0x000001d7aaa4d580 13799       1       org.springframework.util.CustomizableThreadCreator::getThreadPriority (5 bytes)
Event: 3938.913 Thread 0x000001d7aaa4d580 nmethod 13799 0x000001d79e94d710 code [0x000001d79e94d8a0, 0x000001d79e94d968]
Event: 3938.913 Thread 0x000001d7aaa4d580 13800       1       org.springframework.util.CustomizableThreadCreator::isDaemon (5 bytes)
Event: 3938.913 Thread 0x000001d7aaa4d580 nmethod 13800 0x000001d79e94da10 code [0x000001d79e94dba0, 0x000001d79e94dc70]
Event: 3938.916 Thread 0x000001d7aaa4d580 13801       3       java.lang.Thread::isTerminated (16 bytes)
Event: 3938.916 Thread 0x000001d7aaa4d580 nmethod 13801 0x000001d79798ee10 code [0x000001d79798efc0, 0x000001d79798f238]
Event: 3938.952 Thread 0x000001d7aaa4d580 13802   !   3       ch.qos.logback.core.recovery.ResilientOutputStreamBase::write (48 bytes)
Event: 3938.956 Thread 0x000001d7aaa4d580 nmethod 13802 0x000001d79798f310 code [0x000001d79798f520, 0x000001d79798faa0]
Event: 3938.956 Thread 0x000001d7aaa4d580 13803       3       ch.qos.logback.core.recovery.ResilientOutputStreamBase::isPresumedInError (20 bytes)
Event: 3938.956 Thread 0x000001d7aaa4d580 nmethod 13803 0x000001d79798fc90 code [0x000001d79798fe40, 0x000001d79798ffd8]
Event: 3938.956 Thread 0x000001d7aaa4d580 13804   !   3       ch.qos.logback.core.recovery.ResilientOutputStreamBase::flush (28 bytes)
Event: 3938.956 Thread 0x000001d7aaa4d580 nmethod 13804 0x000001d797990090 code [0x000001d797990260, 0x000001d7979905d8]
Event: 3938.956 Thread 0x000001d7aaa4d580 13805       3       ch.qos.logback.core.FileAppender::writeOut (21 bytes)
Event: 3938.964 Thread 0x000001d7aaa4d580 nmethod 13805 0x000001d797990710 code [0x000001d797990960, 0x000001d797991010]
Event: 3938.970 Thread 0x000001d7aaa4d580 13806       3       org.springframework.messaging.simp.SimpMessageHeaderAccessor::getDestination (12 bytes)
Event: 3938.970 Thread 0x000001d7aaa4d580 nmethod 13806 0x000001d797991310 code [0x000001d7979914c0, 0x000001d797991770]

GC Heap History (20 events):
Event: 27.613 GC heap after
{Heap after GC invocations=52 (full 0):
 garbage-first heap   total 190464K, used 80816K [0x0000000084a00000, 0x0000000100000000)
  region size 1024K, 11 young (11264K), 11 survivors (11264K)
 Metaspace       used 100135K, committed 101056K, reserved 1179648K
  class space    used 13704K, committed 14144K, reserved 1048576K
}
Event: 28.315 GC heap before
{Heap before GC invocations=53 (full 0):
 garbage-first heap   total 190464K, used 162736K [0x0000000084a00000, 0x0000000100000000)
  region size 1024K, 97 young (99328K), 11 survivors (11264K)
 Metaspace       used 103631K, committed 104576K, reserved 1179648K
  class space    used 14200K, committed 14656K, reserved 1048576K
}
Event: 28.326 GC heap after
{Heap after GC invocations=54 (full 0):
 garbage-first heap   total 190464K, used 79275K [0x0000000084a00000, 0x0000000100000000)
  region size 1024K, 9 young (9216K), 9 survivors (9216K)
 Metaspace       used 103631K, committed 104576K, reserved 1179648K
  class space    used 14200K, committed 14656K, reserved 1048576K
}
Event: 29.010 GC heap before
{Heap before GC invocations=54 (full 0):
 garbage-first heap   total 190464K, used 170411K [0x0000000084a00000, 0x0000000100000000)
  region size 1024K, 98 young (100352K), 9 survivors (9216K)
 Metaspace       used 104845K, committed 105792K, reserved 1179648K
  class space    used 14400K, committed 14848K, reserved 1048576K
}
Event: 29.018 GC heap after
{Heap after GC invocations=55 (full 0):
 garbage-first heap   total 190464K, used 74641K [0x0000000084a00000, 0x0000000100000000)
  region size 1024K, 7 young (7168K), 7 survivors (7168K)
 Metaspace       used 104845K, committed 105792K, reserved 1179648K
  class space    used 14400K, committed 14848K, reserved 1048576K
}
Event: 29.047 GC heap before
{Heap before GC invocations=55 (full 0):
 garbage-first heap   total 190464K, used 78737K [0x0000000084a00000, 0x0000000100000000)
  region size 1024K, 12 young (12288K), 7 survivors (7168K)
 Metaspace       used 104895K, committed 105856K, reserved 1179648K
  class space    used 14407K, committed 14848K, reserved 1048576K
}
Event: 29.051 GC heap after
{Heap after GC invocations=56 (full 0):
 garbage-first heap   total 190464K, used 74402K [0x0000000084a00000, 0x0000000100000000)
  region size 1024K, 7 young (7168K), 7 survivors (7168K)
 Metaspace       used 104895K, committed 105856K, reserved 1179648K
  class space    used 14407K, committed 14848K, reserved 1048576K
}
Event: 29.661 GC heap before
{Heap before GC invocations=57 (full 0):
 garbage-first heap   total 190464K, used 172706K [0x0000000084a00000, 0x0000000100000000)
  region size 1024K, 102 young (104448K), 7 survivors (7168K)
 Metaspace       used 106524K, committed 107520K, reserved 1179648K
  class space    used 14638K, committed 15104K, reserved 1048576K
}
Event: 29.675 GC heap after
{Heap after GC invocations=58 (full 0):
 garbage-first heap   total 190464K, used 78929K [0x0000000084a00000, 0x0000000100000000)
  region size 1024K, 10 young (10240K), 10 survivors (10240K)
 Metaspace       used 106524K, committed 107520K, reserved 1179648K
  class space    used 14638K, committed 15104K, reserved 1048576K
}
Event: 30.165 GC heap before
{Heap before GC invocations=58 (full 0):
 garbage-first heap   total 190464K, used 169041K [0x0000000084a00000, 0x0000000100000000)
  region size 1024K, 98 young (100352K), 10 survivors (10240K)
 Metaspace       used 107860K, committed 108928K, reserved 1179648K
  class space    used 14784K, committed 15296K, reserved 1048576K
}
Event: 30.181 GC heap after
{Heap after GC invocations=59 (full 0):
 garbage-first heap   total 190464K, used 78653K [0x0000000084a00000, 0x0000000100000000)
  region size 1024K, 9 young (9216K), 9 survivors (9216K)
 Metaspace       used 107860K, committed 108928K, reserved 1179648K
  class space    used 14784K, committed 15296K, reserved 1048576K
}
Event: 30.640 GC heap before
{Heap before GC invocations=59 (full 0):
 garbage-first heap   total 190464K, used 170813K [0x0000000084a00000, 0x0000000100000000)
  region size 1024K, 99 young (101376K), 9 survivors (9216K)
 Metaspace       used 108718K, committed 109824K, reserved 1179648K
  class space    used 14921K, committed 15424K, reserved 1048576K
}
Event: 30.651 GC heap after
{Heap after GC invocations=60 (full 0):
 garbage-first heap   total 190464K, used 82058K [0x0000000084a00000, 0x0000000100000000)
  region size 1024K, 10 young (10240K), 10 survivors (10240K)
 Metaspace       used 108718K, committed 109824K, reserved 1179648K
  class space    used 14921K, committed 15424K, reserved 1048576K
}
Event: 231.236 GC heap before
{Heap before GC invocations=61 (full 0):
 garbage-first heap   total 190464K, used 168074K [0x0000000084a00000, 0x0000000100000000)
  region size 1024K, 95 young (97280K), 10 survivors (10240K)
 Metaspace       used 118625K, committed 119808K, reserved 1179648K
  class space    used 16206K, committed 16768K, reserved 1048576K
}
Event: 231.433 GC heap after
{Heap after GC invocations=62 (full 0):
 garbage-first heap   total 190464K, used 81397K [0x0000000084a00000, 0x0000000100000000)
  region size 1024K, 8 young (8192K), 8 survivors (8192K)
 Metaspace       used 118625K, committed 119808K, reserved 1179648K
  class space    used 16206K, committed 16768K, reserved 1048576K
}
Event: 866.613 GC heap before
{Heap before GC invocations=62 (full 0):
 garbage-first heap   total 190464K, used 170485K [0x0000000084a00000, 0x0000000100000000)
  region size 1024K, 95 young (97280K), 8 survivors (8192K)
 Metaspace       used 119166K, committed 120320K, reserved 1179648K
  class space    used 16225K, committed 16768K, reserved 1048576K
}
Event: 866.823 GC heap after
{Heap after GC invocations=63 (full 0):
 garbage-first heap   total 190464K, used 79484K [0x0000000084a00000, 0x0000000100000000)
  region size 1024K, 6 young (6144K), 6 survivors (6144K)
 Metaspace       used 119166K, committed 120320K, reserved 1179648K
  class space    used 16225K, committed 16768K, reserved 1048576K
}
Event: 1527.403 GC heap before
{Heap before GC invocations=63 (full 0):
 garbage-first heap   total 190464K, used 172668K [0x0000000084a00000, 0x0000000100000000)
  region size 1024K, 98 young (100352K), 6 survivors (6144K)
 Metaspace       used 120211K, committed 121408K, reserved 1179648K
  class space    used 16342K, committed 16896K, reserved 1048576K
}
Event: 3938.883 GC heap after
{Heap after GC invocations=64 (full 0):
 garbage-first heap   total 190464K, used 80189K [0x0000000084a00000, 0x0000000100000000)
  region size 1024K, 7 young (7168K), 7 survivors (7168K)
 Metaspace       used 120211K, committed 121408K, reserved 1179648K
  class space    used 16342K, committed 16896K, reserved 1048576K
}
Event: 3939.007 GC heap before
{Heap before GC invocations=64 (full 0):
 garbage-first heap   total 190464K, used 82237K [0x0000000084a00000, 0x0000000100000000)
  region size 1024K, 9 young (9216K), 7 survivors (7168K)
 Metaspace       used 120222K, committed 121472K, reserved 1179648K
  class space    used 16344K, committed 16896K, reserved 1048576K
}

Dll operation events (14 events):
Event: 0.244 Loaded shared library D:\jdks\bin\java.dll
Event: 0.302 Loaded shared library D:\jdks\bin\jsvml.dll
Event: 0.469 Loaded shared library D:\jdks\bin\zip.dll
Event: 0.473 Loaded shared library D:\jdks\bin\instrument.dll
Event: 0.479 Loaded shared library D:\jdks\bin\net.dll
Event: 0.481 Loaded shared library D:\jdks\bin\nio.dll
Event: 0.484 Loaded shared library D:\jdks\bin\zip.dll
Event: 3.069 Loaded shared library E:\IntelliJ IDEA Community Edition 2024.3.1.1\bin\breakgen64.dll
Event: 3.115 Loaded shared library D:\jdks\bin\extnet.dll
Event: 3.126 Loaded shared library D:\jdks\bin\jimage.dll
Event: 3.540 Loaded shared library D:\jdks\bin\management.dll
Event: 3.578 Loaded shared library D:\jdks\bin\management_ext.dll
Event: 5.419 Loaded shared library D:\jdks\bin\sunmscapi.dll
Event: 13.913 Loaded shared library D:\jdks\bin\verify.dll

Deoptimization events (20 events):
Event: 1147.898 Thread 0x000001d7f33af2a0 DEOPT PACKING pc=0x000001d79e2e84e8 sp=0x000000b861cff250
Event: 1147.900 Thread 0x000001d7f33af2a0 DEOPT UNPACKING pc=0x000001d79db77da2 sp=0x000000b861cff178 mode 2
Event: 1220.451 Thread 0x000001d7f6bb6960 Uncommon trap: trap_request=0xffffff45 fr.pc=0x000001d79e41b220 relative=0x00000000000002c0
Event: 1220.451 Thread 0x000001d7f6bb6960 Uncommon trap: reason=unstable_if action=reinterpret pc=0x000001d79e41b220 method=com.fasterxml.jackson.databind.introspect.AnnotatedMember.getAnnotation(Ljava/lang/Class;)Ljava/lang/annotation/Annotation; @ 4 c2
Event: 1220.452 Thread 0x000001d7f6bb6960 DEOPT PACKING pc=0x000001d79e41b220 sp=0x000000b85dcfd890
Event: 1220.452 Thread 0x000001d7f6bb6960 DEOPT UNPACKING pc=0x000001d79db77da2 sp=0x000000b85dcfd830 mode 2
Event: 1221.381 Thread 0x000001d7f6bb6960 Uncommon trap: trap_request=0xffffff45 fr.pc=0x000001d79e13c2c4 relative=0x00000000000000a4
Event: 1221.381 Thread 0x000001d7f6bb6960 Uncommon trap: reason=unstable_if action=reinterpret pc=0x000001d79e13c2c4 method=java.lang.Math.floorDiv(JJ)J @ 10 c2
Event: 1221.381 Thread 0x000001d7f6bb6960 DEOPT PACKING pc=0x000001d79e13c2c4 sp=0x000000b85dcfc240
Event: 1221.382 Thread 0x000001d7f6bb6960 DEOPT UNPACKING pc=0x000001d79db77da2 sp=0x000000b85dcfc1e0 mode 2
Event: 1221.382 Thread 0x000001d7f6bb6960 Uncommon trap: trap_request=0xffffff45 fr.pc=0x000001d79e13c640 relative=0x00000000000000a0
Event: 1221.382 Thread 0x000001d7f6bb6960 Uncommon trap: reason=unstable_if action=reinterpret pc=0x000001d79e13c640 method=java.lang.Math.floorMod(JJ)J @ 10 c2
Event: 1221.382 Thread 0x000001d7f6bb6960 DEOPT PACKING pc=0x000001d79e13c640 sp=0x000000b85dcfc250
Event: 1221.382 Thread 0x000001d7f6bb6960 DEOPT UNPACKING pc=0x000001d79db77da2 sp=0x000000b85dcfc1e0 mode 2
Event: 1322.916 Thread 0x000001d7f33ab790 Uncommon trap: trap_request=0xffffff45 fr.pc=0x000001d79e90f1ec relative=0x00000000000000cc
Event: 1322.918 Thread 0x000001d7f33ab790 Uncommon trap: reason=unstable_if action=reinterpret pc=0x000001d79e90f1ec method=java.util.concurrent.ScheduledThreadPoolExecutor$ScheduledFutureTask.compareTo(Ljava/util/concurrent/Delayed;)I @ 40 c2
Event: 1322.918 Thread 0x000001d7f33ab790 DEOPT PACKING pc=0x000001d79e90f1ec sp=0x000000b85f1ff2c0
Event: 1322.919 Thread 0x000001d7f33ab790 DEOPT UNPACKING pc=0x000001d79db77da2 sp=0x000000b85f1ff248 mode 2
Event: 3938.901 Thread 0x000001d7f33ad1d0 DEOPT PACKING pc=0x000001d7976d1ff3 sp=0x000000b8614fe610
Event: 3938.901 Thread 0x000001d7f33ad1d0 DEOPT UNPACKING pc=0x000001d79db788e2 sp=0x000000b8614fdab8 mode 3

Classes loaded (20 events):
Event: 37.966 Loading class sun/nio/ch/IOVecWrapper$Deallocator
Event: 37.966 Loading class sun/nio/ch/IOVecWrapper$Deallocator done
Event: 37.988 Loading class java/util/concurrent/LinkedBlockingQueue$Itr
Event: 37.988 Loading class java/util/concurrent/LinkedBlockingQueue$Itr done
Event: 38.031 Loading class java/util/concurrent/atomic/AtomicIntegerArray
Event: 38.032 Loading class java/util/concurrent/atomic/AtomicIntegerArray done
Event: 38.059 Loading class com/sun/crypto/provider/HmacCore$HmacSHA512
Event: 38.059 Loading class com/sun/crypto/provider/HmacCore$HmacSHA512 done
Event: 38.481 Loading class java/util/concurrent/ConcurrentLinkedDeque$CLDSpliterator
Event: 38.482 Loading class java/util/concurrent/ConcurrentLinkedDeque$CLDSpliterator done
Event: 72.599 Loading class org/w3c/dom/Node
Event: 72.599 Loading class org/w3c/dom/Node done
Event: 72.600 Loading class org/w3c/dom/Document
Event: 72.600 Loading class org/w3c/dom/Document done
Event: 1221.949 Loading class java/util/Locale$LanguageRange
Event: 1221.955 Loading class java/util/Locale$LanguageRange done
Event: 3938.970 Loading class java/nio/channels/InterruptedByTimeoutException
Event: 3938.973 Loading class sun/net/ConnectionResetException
Event: 3938.989 Loading class java/nio/channels/InterruptedByTimeoutException done
Event: 3939.001 Loading class sun/net/ConnectionResetException done

Classes unloaded (8 events):
Event: 24.860 Thread 0x000001d7aa4b8800 Unloading class 0x000001d7acb1cc00 'jdk/internal/reflect/GeneratedSerializationConstructorAccessor2'
Event: 24.860 Thread 0x000001d7aa4b8800 Unloading class 0x000001d7acb1c800 'jdk/internal/reflect/GeneratedSerializationConstructorAccessor1'
Event: 25.285 Thread 0x000001d7aa4b8800 Unloading class 0x000001d7acb3c400 'jdk/internal/reflect/GeneratedSerializationConstructorAccessor5'
Event: 25.285 Thread 0x000001d7aa4b8800 Unloading class 0x000001d7acb3c000 'jdk/internal/reflect/GeneratedSerializationConstructorAccessor4'
Event: 25.285 Thread 0x000001d7aa4b8800 Unloading class 0x000001d7acb31000 'jdk/internal/reflect/GeneratedSerializationConstructorAccessor3'
Event: 30.713 Thread 0x000001d7aa4b8800 Unloading class 0x000001d7ace34400 'java/lang/invoke/LambdaForm$DMH+0x000001d7ace34400'
Event: 30.713 Thread 0x000001d7aa4b8800 Unloading class 0x000001d7acdf1000 'java/lang/invoke/LambdaForm$DMH+0x000001d7acdf1000'
Event: 30.713 Thread 0x000001d7aa4b8800 Unloading class 0x000001d7acdf0c00 'java/lang/invoke/LambdaForm$DMH+0x000001d7acdf0c00'

Classes redefined (0 events):
No events

Internal exceptions (20 events):
Event: 37.704 Thread 0x000001d7f33adef0 Exception <a 'java/lang/NoSuchMethodError'{0x000000008e725868}: 'java.lang.Object java.lang.invoke.DirectMethodHandle$Holder.invokeSpecial(java.lang.Object, java.lang.Object, java.lang.Object, java.lang.Object, java.lang.Object, long)'> (0x000000008e725868) 
thrown [s\src\hotspot\share\interpreter\linkResolver.cpp, line 773]
Event: 37.704 Thread 0x000001d7f33adef0 Exception <a 'java/lang/NoSuchMethodError'{0x000000008e729000}: 'java.lang.Object java.lang.invoke.Invokers$Holder.linkToTargetMethod(java.lang.Object, java.lang.Object, java.lang.Object, long, java.lang.Object)'> (0x000000008e729000) 
thrown [s\src\hotspot\share\interpreter\linkResolver.cpp, line 773]
Event: 37.818 Thread 0x000001d7f33adef0 Exception <a 'java/lang/NoSuchMethodError'{0x000000008e5177e0}: 'java.lang.Object java.lang.invoke.DirectMethodHandle$Holder.invokeStatic(java.lang.Object, int, int)'> (0x000000008e5177e0) 
thrown [s\src\hotspot\share\interpreter\linkResolver.cpp, line 773]
Event: 72.702 Thread 0x000001d7f33b1a00 Implicit null exception at 0x000001d79e712420 to 0x000001d79e7131a0
Event: 72.809 Thread 0x000001d7f33b1a00 Exception <a 'java/lang/NoSuchMethodError'{0x000000008cce1138}: 'void java.lang.invoke.DirectMethodHandle$Holder.invokeSpecialIFC(java.lang.Object, java.lang.Object, int, java.lang.Object, java.lang.Object, java.lang.Object, java.lang.Object)'> (0x000000008cce1138) 
thrown [s\src\hotspot\share\interpreter\linkResolver.cpp, line 773]
Event: 72.989 Thread 0x000001d7f33b1a00 Exception <a 'java/lang/NoSuchMethodError'{0x000000008cade008}: 'java.lang.Object java.lang.invoke.DirectMethodHandle$Holder.newInvokeSpecial(java.lang.Object, java.lang.Object, java.lang.Object, long)'> (0x000000008cade008) 
thrown [s\src\hotspot\share\interpreter\linkResolver.cpp, line 773]
Event: 72.990 Thread 0x000001d7f33b1a00 Exception <a 'java/lang/NoSuchMethodError'{0x000000008cae2920}: 'java.lang.Object java.lang.invoke.DirectMethodHandle$Holder.invokeSpecial(java.lang.Object, java.lang.Object, java.lang.Object, java.lang.Object, long)'> (0x000000008cae2920) 
thrown [s\src\hotspot\share\interpreter\linkResolver.cpp, line 773]
Event: 72.990 Thread 0x000001d7f33b1a00 Exception <a 'java/lang/NoSuchMethodError'{0x000000008cae6b18}: 'java.lang.Object java.lang.invoke.Invokers$Holder.linkToTargetMethod(java.lang.Object, java.lang.Object, long, java.lang.Object)'> (0x000000008cae6b18) 
thrown [s\src\hotspot\share\interpreter\linkResolver.cpp, line 773]
Event: 78.920 Thread 0x000001d7f33aec10 Exception <a 'java/lang/IncompatibleClassChangeError'{0x000000008c60a010}: Found class java.lang.Object, but interface was expected> (0x000000008c60a010) 
thrown [s\src\hotspot\share\interpreter\linkResolver.cpp, line 840]
Event: 86.857 Thread 0x000001d7f0ae42b0 Exception <a 'java/lang/NoSuchMethodError'{0x000000008c4e2e60}: 'java.lang.Object java.lang.invoke.DirectMethodHandle$Holder.newInvokeSpecial(java.lang.Object, java.lang.Object, long)'> (0x000000008c4e2e60) 
thrown [s\src\hotspot\share\interpreter\linkResolver.cpp, line 773]
Event: 86.857 Thread 0x000001d7f0ae42b0 Exception <a 'java/lang/NoSuchMethodError'{0x000000008c4e61c8}: 'java.lang.Object java.lang.invoke.Invokers$Holder.linkToTargetMethod(java.lang.Object, long, java.lang.Object)'> (0x000000008c4e61c8) 
thrown [s\src\hotspot\share\interpreter\linkResolver.cpp, line 773]
Event: 90.796 Thread 0x000001d7f6bb0060 Exception <a 'java/lang/NoSuchMethodError'{0x000000008c233750}: 'java.lang.Object java.lang.invoke.Invokers$Holder.linkToTargetMethod(int, int, int, java.lang.Object)'> (0x000000008c233750) 
thrown [s\src\hotspot\share\interpreter\linkResolver.cpp, line 773]
Event: 444.703 Thread 0x000001d7f33adef0 Exception <a 'java/lang/IncompatibleClassChangeError'{0x000000008e076d00}: Found class java.lang.Object, but interface was expected> (0x000000008e076d00) 
thrown [s\src\hotspot\share\interpreter\linkResolver.cpp, line 840]
Event: 1220.359 Thread 0x000001d7f6bb6960 Exception <a 'java/lang/NoSuchMethodError'{0x000000008d18a498}: 'java.lang.Object java.lang.invoke.DirectMethodHandle$Holder.invokeSpecial(java.lang.Object, java.lang.Object, long, java.lang.Object, java.lang.Object, java.lang.Object, java.lang.Object, java.lang.Object)'> (0x000000008d18a498) 
thrown [s\src\hotspot\share\interpreter\linkResolver.cpp, line 773]
Event: 1220.451 Thread 0x000001d7f6bb6960 Implicit null exception at 0x000001d79e41af9e to 0x000001d79e41b210
Event: 1220.776 Thread 0x000001d7f6bb06f0 Exception <a 'java/lang/NoSuchMethodError'{0x000000008d02fb98}: 'long java.lang.invoke.DirectMethodHandle$Holder.invokeSpecial(java.lang.Object, java.lang.Object, java.lang.Object, long)'> (0x000000008d02fb98) 
thrown [s\src\hotspot\share\interpreter\linkResolver.cpp, line 773]
Event: 1220.776 Thread 0x000001d7f6bb7680 Exception <a 'java/lang/NoSuchMethodError'{0x000000008d00dca8}: 'long java.lang.invoke.DirectMethodHandle$Holder.invokeSpecial(java.lang.Object, java.lang.Object, java.lang.Object, long)'> (0x000000008d00dca8) 
thrown [s\src\hotspot\share\interpreter\linkResolver.cpp, line 773]
Event: 1220.776 Thread 0x000001d7f6bb27c0 Exception <a 'java/lang/NoSuchMethodError'{0x000000008d01dc80}: 'long java.lang.invoke.DirectMethodHandle$Holder.invokeSpecial(java.lang.Object, java.lang.Object, java.lang.Object, long)'> (0x000000008d01dc80) 
thrown [s\src\hotspot\share\interpreter\linkResolver.cpp, line 773]
Event: 1221.358 Thread 0x000001d7f6bb6960 Exception <a 'java/lang/NoSuchMethodError'{0x000000008cfbe9c8}: 'int java.lang.invoke.DirectMethodHandle$Holder.invokeStatic(java.lang.Object, java.lang.Object, int, int)'> (0x000000008cfbe9c8) 
thrown [s\src\hotspot\share\interpreter\linkResolver.cpp, line 773]
Event: 3938.958 Thread 0x000001d7f33aec10 Exception <a 'java/io/IOException'{0x00000000903d9848}> (0x00000000903d9848) 
thrown [s\src\hotspot\share\prims\jni.cpp, line 520]

ZGC Phase Switch (0 events):
No events

VM Operations (20 events):
Event: 1330.093 Executing VM operation: Cleanup done
Event: 1361.338 Executing VM operation: Cleanup
Event: 1361.339 Executing VM operation: Cleanup done
Event: 1371.400 Executing VM operation: Cleanup
Event: 1371.400 Executing VM operation: Cleanup done
Event: 1372.405 Executing VM operation: Cleanup
Event: 1372.405 Executing VM operation: Cleanup done
Event: 1381.470 Executing VM operation: Cleanup
Event: 1381.470 Executing VM operation: Cleanup done
Event: 1390.538 Executing VM operation: Cleanup
Event: 1390.538 Executing VM operation: Cleanup done
Event: 1402.643 Executing VM operation: Cleanup
Event: 1402.643 Executing VM operation: Cleanup done
Event: 1527.373 Executing VM operation: G1CollectForAllocation (G1 Evacuation Pause)
Event: 3938.885 Executing VM operation: G1CollectForAllocation (G1 Evacuation Pause) done
Event: 3938.885 Executing VM operation: HandshakeAllThreads (HandshakeForDeflation)
Event: 3938.966 Executing VM operation: HandshakeAllThreads (HandshakeForDeflation) done
Event: 3938.970 Executing VM operation: RendezvousGCThreads
Event: 3938.970 Executing VM operation: RendezvousGCThreads done
Event: 3938.993 Executing VM operation: G1CollectForAllocation (G1 Evacuation Pause)

Memory protections (0 events):
No events

Nmethod flushes (20 events):
Event: 30.723 Thread 0x000001d7aa4b8800 flushing  nmethod 0x000001d797310410
Event: 30.723 Thread 0x000001d7aa4b8800 flushing  nmethod 0x000001d797312610
Event: 30.723 Thread 0x000001d7aa4b8800 flushing  nmethod 0x000001d797402490
Event: 30.723 Thread 0x000001d7aa4b8800 flushing  nmethod 0x000001d797406810
Event: 30.723 Thread 0x000001d7aa4b8800 flushing  nmethod 0x000001d79e10ee90
Event: 30.723 Thread 0x000001d7aa4b8800 flushing  nmethod 0x000001d79e464010
Event: 30.723 Thread 0x000001d7aa4b8800 flushing  nmethod 0x000001d79e796d10
Event: 30.723 Thread 0x000001d7aa4b8800 flushing  nmethod 0x000001d79e80ba10
Event: 30.723 Thread 0x000001d7aa4b8800 flushing  nmethod 0x000001d79676fd90
Event: 30.723 Thread 0x000001d7aa4b8800 flushing  nmethod 0x000001d796834a10
Event: 30.723 Thread 0x000001d7aa4b8800 flushing  nmethod 0x000001d7968cd090
Event: 30.723 Thread 0x000001d7aa4b8800 flushing  nmethod 0x000001d796929590
Event: 30.723 Thread 0x000001d7aa4b8800 flushing  nmethod 0x000001d796ae3010
Event: 30.723 Thread 0x000001d7aa4b8800 flushing  nmethod 0x000001d796ae9010
Event: 30.723 Thread 0x000001d7aa4b8800 flushing  nmethod 0x000001d796ed8990
Event: 30.723 Thread 0x000001d7aa4b8800 flushing  nmethod 0x000001d79701c490
Event: 30.723 Thread 0x000001d7aa4b8800 flushing  nmethod 0x000001d797089a90
Event: 30.723 Thread 0x000001d7aa4b8800 flushing  nmethod 0x000001d79708ea90
Event: 30.723 Thread 0x000001d7aa4b8800 flushing  nmethod 0x000001d797406c10
Event: 30.723 Thread 0x000001d7aa4b8800 flushing  nmethod 0x000001d797407210

Events (20 events):
Event: 1527.359 Thread 0x000001d7f33b1a00 Thread added: 0x000001d7f1bbf800
Event: 1527.359 Thread 0x000001d7f33b1a00 Thread added: 0x000001d7f1bc39a0
Event: 1527.361 Thread 0x000001d7f33b1a00 Thread added: 0x000001d7f1bc1f60
Event: 1527.368 Thread 0x000001d7f33affc0 Thread added: 0x000001d7f1bc3310
Event: 1527.368 Thread 0x000001d7f33affc0 Thread added: 0x000001d7f1bc25f0
Event: 1527.368 Thread 0x000001d7f33affc0 Thread added: 0x000001d7f1bc6100
Event: 1527.369 Thread 0x000001d7f1bc39a0 Thread added: 0x000001d7f1bc4030
Event: 3938.913 Thread 0x000001d7f33ad1d0 Thread added: 0x000001d7f1bc4d50
Event: 3938.913 Thread 0x000001d7f33ad1d0 Thread added: 0x000001d7f1bbfe90
Event: 3938.913 Thread 0x000001d7f33ad1d0 Thread added: 0x000001d7f1bc0520
Event: 3938.932 Thread 0x000001d7f33ad860 Thread added: 0x000001d7f1bc46c0
Event: 3938.932 Thread 0x000001d7f33ad860 Thread added: 0x000001d7f1bc1240
Event: 3938.932 Thread 0x000001d7f33ad860 Thread added: 0x000001d7f1bc18d0
Event: 3938.953 Thread 0x000001d7f33af930 Thread added: 0x000001d7f6bb27c0
Event: 3938.953 Thread 0x000001d7f33af930 Thread added: 0x000001d7f6bb34e0
Event: 3938.953 Thread 0x000001d7f33af930 Thread added: 0x000001d7f6bb3b70
Event: 3938.958 Thread 0x000001d7f1bc1240 Thread added: 0x000001d7f6bb7680
Event: 3938.964 Thread 0x000001d7f1bbfe90 Thread added: 0x000001d7f6bb62d0
Event: 3938.965 Thread 0x000001d7f1bc25f0 Thread added: 0x000001d7f6bb4f20
Event: 3938.967 Thread 0x000001d7f6bb34e0 Thread added: 0x000001d7f6bb6960


Dynamic libraries:
0x00007ff7c4a10000 - 0x00007ff7c4a1e000 	D:\jdks\bin\java.exe
0x00007ffd50290000 - 0x00007ffd504a7000 	C:\WINDOWS\SYSTEM32\ntdll.dll
0x00007ffd4ee20000 - 0x00007ffd4eee4000 	C:\WINDOWS\System32\KERNEL32.DLL
0x00007ffd4d820000 - 0x00007ffd4dbd9000 	C:\WINDOWS\System32\KERNELBASE.dll
0x00007ffd4dd20000 - 0x00007ffd4de31000 	C:\WINDOWS\System32\ucrtbase.dll
0x00007ffd48780000 - 0x00007ffd48798000 	D:\jdks\bin\jli.dll
0x00007ffd49720000 - 0x00007ffd4973e000 	D:\jdks\bin\VCRUNTIME140.dll
0x00007ffd4ffe0000 - 0x00007ffd5018e000 	C:\WINDOWS\System32\USER32.dll
0x00007ffd4df00000 - 0x00007ffd4df26000 	C:\WINDOWS\System32\win32u.dll
0x00007ffd41980000 - 0x00007ffd41c12000 	C:\WINDOWS\WinSxS\amd64_microsoft.windows.common-controls_6595b64144ccf1df_6.0.22621.4391_none_2715d37f73803e96\COMCTL32.dll
0x00007ffd4f500000 - 0x00007ffd4f529000 	C:\WINDOWS\System32\GDI32.dll
0x00007ffd4fea0000 - 0x00007ffd4ff47000 	C:\WINDOWS\System32\msvcrt.dll
0x00007ffd4d590000 - 0x00007ffd4d6ab000 	C:\WINDOWS\System32\gdi32full.dll
0x00007ffd4dbe0000 - 0x00007ffd4dc7a000 	C:\WINDOWS\System32\msvcp_win.dll
0x00007ffd4f4c0000 - 0x00007ffd4f4f1000 	C:\WINDOWS\System32\IMM32.DLL
0x00007ffd48770000 - 0x00007ffd4877c000 	D:\jdks\bin\vcruntime140_1.dll
0x00007ffd411d0000 - 0x00007ffd4125d000 	D:\jdks\bin\msvcp140.dll
0x00007ffceef80000 - 0x00007ffcefd10000 	D:\jdks\bin\server\jvm.dll
0x00007ffd50190000 - 0x00007ffd50242000 	C:\WINDOWS\System32\ADVAPI32.dll
0x00007ffd4f740000 - 0x00007ffd4f7e7000 	C:\WINDOWS\System32\sechost.dll
0x00007ffd4dcf0000 - 0x00007ffd4dd18000 	C:\WINDOWS\System32\bcrypt.dll
0x00007ffd4fd80000 - 0x00007ffd4fe94000 	C:\WINDOWS\System32\RPCRT4.dll
0x00007ffd4f650000 - 0x00007ffd4f6c1000 	C:\WINDOWS\System32\WS2_32.dll
0x00007ffd48560000 - 0x00007ffd48594000 	C:\WINDOWS\SYSTEM32\WINMM.dll
0x00007ffd4c650000 - 0x00007ffd4c69d000 	C:\WINDOWS\SYSTEM32\POWRPROF.dll
0x00007ffd479b0000 - 0x00007ffd479ba000 	C:\WINDOWS\SYSTEM32\VERSION.dll
0x00007ffd4c5d0000 - 0x00007ffd4c5e3000 	C:\WINDOWS\SYSTEM32\UMPDC.dll
0x00007ffd4c6a0000 - 0x00007ffd4c6b8000 	C:\WINDOWS\SYSTEM32\kernel.appcore.dll
0x00007ffd48760000 - 0x00007ffd4876a000 	D:\jdks\bin\jimage.dll
0x00007ffd4af00000 - 0x00007ffd4b132000 	C:\WINDOWS\SYSTEM32\DBGHELP.DLL
0x00007ffd4f130000 - 0x00007ffd4f4bf000 	C:\WINDOWS\System32\combase.dll
0x00007ffd4f050000 - 0x00007ffd4f127000 	C:\WINDOWS\System32\OLEAUT32.dll
0x00007ffd3e4d0000 - 0x00007ffd3e502000 	C:\WINDOWS\SYSTEM32\dbgcore.DLL
0x00007ffd4df30000 - 0x00007ffd4dfab000 	C:\WINDOWS\System32\bcryptPrimitives.dll
0x00007ffd48720000 - 0x00007ffd4872f000 	D:\jdks\bin\instrument.dll
0x00007ffd393d0000 - 0x00007ffd393ef000 	D:\jdks\bin\java.dll
0x00007ffd4dfb0000 - 0x00007ffd4e826000 	C:\WINDOWS\System32\SHELL32.dll
0x00007ffd4b480000 - 0x00007ffd4bd83000 	C:\WINDOWS\SYSTEM32\windows.storage.dll
0x00007ffd4b340000 - 0x00007ffd4b47f000 	C:\WINDOWS\SYSTEM32\wintypes.dll
0x00007ffd4f530000 - 0x00007ffd4f629000 	C:\WINDOWS\System32\SHCORE.dll
0x00007ffd4ed50000 - 0x00007ffd4edae000 	C:\WINDOWS\System32\shlwapi.dll
0x00007ffd4d4c0000 - 0x00007ffd4d4eb000 	C:\WINDOWS\SYSTEM32\profapi.dll
0x00007ffd04610000 - 0x00007ffd046e7000 	D:\jdks\bin\jsvml.dll
0x00007ffd37c70000 - 0x00007ffd37c88000 	D:\jdks\bin\zip.dll
0x00007ffd485f0000 - 0x00007ffd48600000 	D:\jdks\bin\net.dll
0x00007ffd49d70000 - 0x00007ffd49ea6000 	C:\WINDOWS\SYSTEM32\WINHTTP.dll
0x00007ffd4cb40000 - 0x00007ffd4cba9000 	C:\WINDOWS\system32\mswsock.dll
0x00007ffd393b0000 - 0x00007ffd393c6000 	D:\jdks\bin\nio.dll
0x00007ffd37c50000 - 0x00007ffd37c6a000 	E:\IntelliJ IDEA Community Edition 2024.3.1.1\bin\breakgen64.dll
0x00007ffd411a0000 - 0x00007ffd411a9000 	D:\jdks\bin\extnet.dll
0x00007ffd49710000 - 0x00007ffd4971a000 	D:\jdks\bin\management.dll
0x00007ffd3eca0000 - 0x00007ffd3ecab000 	D:\jdks\bin\management_ext.dll
0x00007ffd4ff50000 - 0x00007ffd4ff58000 	C:\WINDOWS\System32\PSAPI.DLL
0x00007ffd37c20000 - 0x00007ffd37c2e000 	D:\jdks\bin\sunmscapi.dll
0x00007ffd4d6b0000 - 0x00007ffd4d816000 	C:\WINDOWS\System32\CRYPT32.dll
0x00007ffd4cf50000 - 0x00007ffd4cf7d000 	C:\WINDOWS\SYSTEM32\ncrypt.dll
0x00007ffd4cf10000 - 0x00007ffd4cf47000 	C:\WINDOWS\SYSTEM32\NTASN1.dll
0x00007ffd4cd90000 - 0x00007ffd4cdab000 	C:\WINDOWS\SYSTEM32\CRYPTSP.dll
0x00007ffd4c590000 - 0x00007ffd4c5c5000 	C:\WINDOWS\system32\rsaenh.dll
0x00007ffd4cc30000 - 0x00007ffd4cc58000 	C:\WINDOWS\SYSTEM32\USERENV.dll
0x00007ffd4cdb0000 - 0x00007ffd4cdbc000 	C:\WINDOWS\SYSTEM32\CRYPTBASE.dll
0x00007ffd4bff0000 - 0x00007ffd4c01d000 	C:\WINDOWS\SYSTEM32\IPHLPAPI.DLL
0x00007ffd4f730000 - 0x00007ffd4f739000 	C:\WINDOWS\System32\NSI.dll
0x00007ffd37c10000 - 0x00007ffd37c20000 	D:\jdks\bin\verify.dll
0x00007ffd4c060000 - 0x00007ffd4c162000 	C:\WINDOWS\SYSTEM32\DNSAPI.dll
0x00007ffd48880000 - 0x00007ffd4888a000 	C:\Windows\System32\rasadhlp.dll
0x00007ffd48980000 - 0x00007ffd48a03000 	C:\WINDOWS\System32\fwpuclnt.dll
0x00007ffd496d0000 - 0x00007ffd496e9000 	C:\WINDOWS\SYSTEM32\dhcpcsvc6.DLL
0x00007ffd49690000 - 0x00007ffd496af000 	C:\WINDOWS\SYSTEM32\dhcpcsvc.DLL
0x00007ffd39070000 - 0x00007ffd39078000 	C:\WINDOWS\system32\wshunix.dll

dbghelp: loaded successfully - version: 4.0.5 - missing functions: none
symbol engine: initialized successfully - sym options: 0x614 - pdb path: .;D:\jdks\bin;C:\WINDOWS\SYSTEM32;C:\WINDOWS\WinSxS\amd64_microsoft.windows.common-controls_6595b64144ccf1df_6.0.22621.4391_none_2715d37f73803e96;D:\jdks\bin\server;E:\IntelliJ IDEA Community Edition 2024.3.1.1\bin

VM Arguments:
jvm_args: -javaagent:E:\IntelliJ IDEA Community Edition 2024.3.1.1\lib\idea_rt.jar=60688:E:\IntelliJ IDEA Community Edition 2024.3.1.1\bin -Dfile.encoding=UTF-8 -Dsun.stdout.encoding=UTF-8 -Dsun.stderr.encoding=UTF-8 
java_command: com.example.Job.JobApplication
java_class_path (initial): D:\TopCV\topcv-backend\target\classes;C:\Users\ASUS\.m2\repository\org\springframework\boot\spring-boot-starter-data-jpa\3.4.3\spring-boot-starter-data-jpa-3.4.3.jar;C:\Users\ASUS\.m2\repository\org\springframework\boot\spring-boot-starter\3.4.3\spring-boot-starter-3.4.3.jar;C:\Users\ASUS\.m2\repository\org\springframework\boot\spring-boot-starter-logging\3.4.3\spring-boot-starter-logging-3.4.3.jar;C:\Users\ASUS\.m2\repository\ch\qos\logback\logback-classic\1.5.16\logback-classic-1.5.16.jar;C:\Users\ASUS\.m2\repository\ch\qos\logback\logback-core\1.5.16\logback-core-1.5.16.jar;C:\Users\ASUS\.m2\repository\org\apache\logging\log4j\log4j-to-slf4j\2.24.3\log4j-to-slf4j-2.24.3.jar;C:\Users\ASUS\.m2\repository\org\apache\logging\log4j\log4j-api\2.24.3\log4j-api-2.24.3.jar;C:\Users\ASUS\.m2\repository\org\slf4j\jul-to-slf4j\2.0.16\jul-to-slf4j-2.0.16.jar;C:\Users\ASUS\.m2\repository\jakarta\annotation\jakarta.annotation-api\2.1.1\jakarta.annotation-api-2.1.1.jar;C:\Users\ASUS\.m2\repository\org\yaml\snakeyaml\2.3\snakeyaml-2.3.jar;C:\Users\ASUS\.m2\repository\org\springframework\boot\spring-boot-starter-jdbc\3.4.3\spring-boot-starter-jdbc-3.4.3.jar;C:\Users\ASUS\.m2\repository\com\zaxxer\HikariCP\5.1.0\HikariCP-5.1.0.jar;C:\Users\ASUS\.m2\repository\org\springframework\spring-jdbc\6.2.3\spring-jdbc-6.2.3.jar;C:\Users\ASUS\.m2\repository\org\hibernate\orm\hibernate-core\6.6.8.Final\hibernate-core-6.6.8.Final.jar;C:\Users\ASUS\.m2\repository\jakarta\persistence\jakarta.persistence-api\3.1.0\jakarta.persistence-api-3.1.0.jar;C:\Users\ASUS\.m2\repository\jakarta\transaction\jakarta.transaction-api\2.0.1\jakarta.transaction-api-2.0.1.jar;C:\Users\ASUS\.m2\repository\org\jboss\logging\jboss-logging\3.6.1.Final\jboss-logging-3.6.1.Final.jar;C:\Users\ASUS\.m2\repository\org\hibernate\common\hibernate-commons-annotations\7.0.3.Final\hibernate-commons-annotations-7.0.3.Final.jar;C:\Users\ASUS\.m2\repository\io\smallrye\jandex\3.2.0\jandex-3.2.0.jar;C:\Users\ASUS\.m2\repository\com\fasterxml\classmate\1.7.0\classmate-1.7.0.jar;C:\Users\ASUS\.m2\repository\net\bytebuddy\byte-buddy\1.15.11\byte-buddy-1.15.11.jar;C:\Users\ASUS\.m2\repository\org\glassfish\jaxb\jaxb-runtime\4.0.5\jaxb-runtime-4.0.5.jar;C:\Users\ASUS\.m2\repository\org\glassfish\jaxb\jaxb-core\4.0.5\jaxb-core-4.0.5.jar;C:\Users\ASUS\.m2\repository\org\eclipse\angus\angus-activation\2.0.2\angus-activation-2.0.2.jar;C:\Users\ASUS\.m2\repository\org\glassfish\jaxb\txw2\4.0.5\txw2-4.0.5.jar;C:\Users\ASUS\.m2\repository\com\sun\istack\istack-commons-runtime\4.1.2\istack-commons-runtime-4.1.2.jar;C:\Users\ASUS\.m2\repository\jakarta\inject\jakarta.inject-api\2.0.1\jakarta.inject-api-2.0.1.jar;C:\Users\ASUS\.m2\repository\org\antlr\antlr4-runtime\4.13.0\antlr4-runtime-4.13.0.jar;C:\Users\ASUS\.m2\repository\org\springframework\data\spring-data-jpa\3.4.3\spring-data-jpa-3.4.3.jar;C:\Users\ASUS\.m2\repository\org\springframework\data\spring-data-commons\3.4.3\spring-data-commons-3.4.3.jar;C:\Users\ASUS\.m2\repository\org\springframework\spring-orm\6.2.3\spring-orm-6.2.3.jar;C:\Users\ASUS\.m2\repository\org\springframework\spring-context\6.2.3\spring-context-6.2.3.jar;C:\Users\ASUS\.m2\repository\org\springframework\spring-tx\6.2.3\spring-tx-6.2.3.jar;C:\Users\ASUS\.m2\repository\org\springframework\spring-beans\6.2.3\spring-beans-6.2.3.jar;C:\Users\ASUS\.m2\repository\org\springframework\spring-aspects\6.2.3\spring-aspects-6.2.3.jar;C:\Users\ASUS\.m2\repository\org\springframework\boot\spring-boot-starter-validation\3.4.3\spring-boot-starter-validation-3.4.3.jar;C:\Users\ASUS\.m2\repository\org\apache\tomcat\embed\tomcat-embed-el\10.1.36\tomcat-embed-el-10.1.36.jar;C:\Users\ASUS\.m2\repository\org\hibernate\validator\hibernate-validator\8.0.2.Final\hibernate-validator-8.0.2.Final.jar;C:\Users\ASUS\.m2\repository\jakarta\validation\jakarta.validation-api\3.0.2\jakarta.validation-api-3.0.2.jar;C:\Users\ASUS\.m2\repository\org\modelmapper\modelmapper\3.0.0\modelmapper-3.0.0.jar;C:\Users\ASUS\.m2\repository\org\springframework\boot\spring-boot-starter-web\3.4.3\spring-boot-starter-web-3.4.3.jar;C:\Users\ASUS\.m2\repository\org\springframework\boot\spring-boot-starter-json\3.4.3\spring-boot-starter-json-3.4.3.jar;C:\Users\ASUS\.m2\repository\com\fasterxml\jackson\datatype\jackson-datatype-jdk8\2.18.2\jackson-datatype-jdk8-2.18.2.jar;C:\Users\ASUS\.m2\repository\com\fasterxml\jackson\datatype\jackson-datatype-jsr310\2.18.2\jackson-datatype-jsr310-2.18.2.jar;C:\Users\ASUS\.m2\repository\com\fasterxml\jackson\module\jackson-module-parameter-names\2.18.2\jackson-module-parameter-names-2.18.2.jar;C:\Users\ASUS\.m2\repository\org\springframework\boot\spring-boot-starter-tomcat\3.4.3\spring-boot-starter-tomcat-3.4.3.jar;C:\Users\ASUS\.m2\repository\org\apache\tomcat\embed\tomcat-embed-core\10.1.36\tomcat-embed-core-10.1.36.jar;C:\Users\ASUS\.m2\repository\org\apache\tomcat\embed\tomcat-embed-websocket\10.1.36\tomcat-embed-websocket-10.1.36.jar;C:\Users\ASUS\.m2\repository\org\springframework\spring-web\6.2.3\spring-web-6.2.3.jar;C:\Users\ASUS\.m2\repository\org\springframework\spring-webmvc\6.2.3\spring-webmvc-6.2.3.jar;C:\Users\ASUS\.m2\repository\org\springframework\spring-expression\6.2.3\spring-expression-6.2.3.jar;C:\Users\ASUS\.m2\repository\org\springframework\boot\spring-boot-devtools\3.4.3\spring-boot-devtools-3.4.3.jar;C:\Users\ASUS\.m2\repository\org\springframework\boot\spring-boot\3.4.3\spring-boot-3.4.3.jar;C:\Users\ASUS\.m2\repository\org\springframework\boot\spring-boot-autoconfigure\3.4.3\spring-boot-autoconfigure-3.4.3.jar;C:\Users\ASUS\.m2\repository\org\postgresql\postgresql\42.7.5\postgresql-42.7.5.jar;C:\Users\ASUS\.m2\repository\org\checkerframework\checker-qual\3.48.3\checker-qual-3.48.3.jar;C:\Users\ASUS\.m2\repository\org\springframework\boot\spring-boot-starter-security\3.4.3\spring-boot-starter-security-3.4.3.jar;C:\Users\ASUS\.m2\repository\org\springframework\spring-aop\6.2.3\spring-aop-6.2.3.jar;C:\Users\ASUS\.m2\repository\org\springframework\security\spring-security-config\6.4.3\spring-security-config-6.4.3.jar;C:\Users\ASUS\.m2\repository\org\springframework\security\spring-security-web\6.4.3\spring-security-web-6.4.3.jar;C:\Users\ASUS\.m2\repository\org\springframework\boot\spring-boot-starter-oauth2-resource-server\3.4.3\spring-boot-starter-oauth2-resource-server-3.4.3.jar;C:\Users\ASUS\.m2\repository\org\springframework\security\spring-security-core\6.4.3\spring-security-core-6.4.3.jar;C:\Users\ASUS\.m2\repository\org\springframework\security\spring-security-crypto\6.4.3\spring-security-crypto-6.4.3.jar;C:\Users\ASUS\.m2\repository\org\springframework\security\spring-security-oauth2-resource-server\6.4.3\spring-security-oauth2-resource-server-6.4.3.jar;C:\Users\ASUS\.m2\repository\org\springframework\security\spring-security-oauth2-core\6.4.3\spring-security-oauth2-core-6.4.3.jar;C:\Users\ASUS\.m2\repository\org\springframework\security\spring-security-oauth2-jose\6.4.3\spring-security-oauth2-jose-6.4.3.jar;C:\Users\ASUS\.m2\repository\com\nimbusds\nimbus-jose-jwt\9.37.3\nimbus-jose-jwt-9.37.3.jar;C:\Users\ASUS\.m2\repository\com\github\stephenc\jcip\jcip-annotations\1.0-1\jcip-annotations-1.0-1.jar;C:\Users\ASUS\.m2\repository\jakarta\xml\bind\jakarta.xml.bind-api\4.0.2\jakarta.xml.bind-api-4.0.2.jar;C:\Users\ASUS\.m2\repository\jakarta\activation\jakarta.activation-api\2.1.3\jakarta.activation-api-2.1.3.jar;C:\Users\ASUS\.m2\repository\org\springframework\spring-core\6.2.3\spring-core-6.2.3.jar;C:\Users\ASUS\.m2\repository\org\springframework\spring-jcl\6.2.3\spring-jcl-6.2.3.jar;C:\Users\ASUS\.m2\repository\org\slf4j\slf4j-api\2.0.16\slf4j-api-2.0.16.jar;C:\Users\ASUS\.m2\repository\com\fasterxml\jackson\core\jackson-databind\2.18.2\jackson-databind-2.18.2.jar;C:\Users\ASUS\.m2\repository\com\fasterxml\jackson\core\jackson-annotations\2.18.2\jackson-annotations-2.18.2.jar;C:\Users\ASUS\.m2\repository\com\fasterxml\jackson\core\jackson-core\2.18.2\jackson-core-2.18.2.jar;C:\Users\ASUS\.m2\repository\commons-codec\commons-codec\1.15\commons-codec-1.15.jar;C:\Users\ASUS\.m2\repository\org\springdoc\springdoc-openapi-starter-webmvc-ui\2.7.0\springdoc-openapi-starter-webmvc-ui-2.7.0.jar;C:\Users\ASUS\.m2\repository\org\springdoc\springdoc-openapi-starter-webmvc-api\2.7.0\springdoc-openapi-starter-webmvc-api-2.7.0.jar;C:\Users\ASUS\.m2\repository\org\springdoc\springdoc-openapi-starter-common\2.7.0\springdoc-openapi-starter-common-2.7.0.jar;C:\Users\ASUS\.m2\repository\io\swagger\core\v3\swagger-core-jakarta\2.2.25\swagger-core-jakarta-2.2.25.jar;C:\Users\ASUS\.m2\repository\io\swagger\core\v3\swagger-annotations-jakarta\2.2.25\swagger-annotations-jakarta-2.2.25.jar;C:\Users\ASUS\.m2\repository\io\swagger\core\v3\swagger-models-jakarta\2.2.25\swagger-models-jakarta-2.2.25.jar;C:\Users\ASUS\.m2\repository\com\fasterxml\jackson\dataformat\jackson-dataformat-yaml\2.18.2\jackson-dataformat-yaml-2.18.2.jar;C:\Users\ASUS\.m2\repository\org\webjars\swagger-ui\5.18.2\swagger-ui-5.18.2.jar;C:\Users\ASUS\.m2\repository\org\webjars\webjars-locator-lite\1.0.1\webjars-locator-lite-1.0.1.jar;C:\Users\ASUS\.m2\repository\org\jspecify\jspecify\1.0.0\jspecify-1.0.0.jar;C:\Users\ASUS\.m2\repository\org\springframework\boot\spring-boot-starter-data-redis\3.4.3\spring-boot-starter-data-redis-3.4.3.jar;C:\Users\ASUS\.m2\repository\io\lettuce\lettuce-core\6.4.2.RELEASE\lettuce-core-6.4.2.RELEASE.jar;C:\Users\ASUS\.m2\repository\io\netty\netty-common\4.1.118.Final\netty-common-4.1.118.Final.jar;C:\Users\ASUS\.m2\repository\io\netty\netty-handler\4.1.118.Final\netty-handler-4.1.118.Final.jar;C:\Users\ASUS\.m2\repository\io\netty\netty-resolver\4.1.118.Final\netty-resolver-4.1.118.Final.jar;C:\Users\ASUS\.m2\repository\io\netty\netty-buffer\4.1.118.Final\netty-buffer-4.1.118.Final.jar;C:\Users\ASUS\.m2\repository\io\netty\netty-transport-native-unix-common\4.1.118.Final\netty-transport-native-unix-common-4.1.118.Final.jar;C:\Users\ASUS\.m2\repository\io\netty\netty-codec\4.1.118.Final\netty-codec-4.1.118.Final.jar;C:\Users\ASUS\.m2\repository\io\netty\netty-transport\4.1.118.Final\netty-transport-4.1.118.Final.jar;C:\Users\ASUS\.m2\repository\io\projectreactor\reactor-core\3.7.3\reactor-core-3.7.3.jar;C:\Users\ASUS\.m2\repository\org\reactivestreams\reactive-streams\1.0.4\reactive-streams-1.0.4.jar;C:\Users\ASUS\.m2\repository\org\springframework\data\spring-data-redis\3.4.3\spring-data-redis-3.4.3.jar;C:\Users\ASUS\.m2\repository\org\springframework\data\spring-data-keyvalue\3.4.3\spring-data-keyvalue-3.4.3.jar;C:\Users\ASUS\.m2\repository\org\springframework\spring-oxm\6.2.3\spring-oxm-6.2.3.jar;C:\Users\ASUS\.m2\repository\org\springframework\spring-context-support\6.2.3\spring-context-support-6.2.3.jar;C:\Users\ASUS\.m2\repository\io\github\resilience4j\resilience4j-spring-boot3\2.2.0\resilience4j-spring-boot3-2.2.0.jar;C:\Users\ASUS\.m2\repository\io\github\resilience4j\resilience4j-spring6\2.2.0\resilience4j-spring6-2.2.0.jar;C:\Users\ASUS\.m2\repository\io\github\resilience4j\resilience4j-annotations\2.2.0\resilience4j-annotations-2.2.0.jar;C:\Users\ASUS\.m2\repository\io\github\resilience4j\resilience4j-consumer\2.2.0\resilience4j-consumer-2.2.0.jar;C:\Users\ASUS\.m2\repository\io\github\resilience4j\resilience4j-core\2.2.0\resilience4j-core-2.2.0.jar;C:\Users\ASUS\.m2\repository\io\github\resilience4j\resilience4j-circularbuffer\2.2.0\resilience4j-circularbuffer-2.2.0.jar;C:\Users\ASUS\.m2\repository\io\github\resilience4j\resilience4j-framework-common\2.2.0\resilience4j-framework-common-2.2.0.jar;C:\Users\ASUS\.m2\repository\io\github\resilience4j\resilience4j-micrometer\2.2.0\resilience4j-micrometer-2.2.0.jar;C:\Users\ASUS\.m2\repository\io\micrometer\micrometer-core\1.14.4\micrometer-core-1.14.4.jar;C:\Users\ASUS\.m2\repository\org\hdrhistogram\HdrHistogram\2.2.2\HdrHistogram-2.2.2.jar;C:\Users\ASUS\.m2\repository\org\latencyutils\LatencyUtils\2.0.3\LatencyUtils-2.0.3.jar;C:\Users\ASUS\.m2\repository\io\github\resilience4j\resilience4j-bulkhead\2.2.0\resilience4j-bulkhead-2.2.0.jar;C:\Users\ASUS\.m2\repository\io\github\resilience4j\resilience4j-circuitbreaker\2.2.0\resilience4j-circuitbreaker-2.2.0.jar;C:\Users\ASUS\.m2\repository\io\github\resilience4j\resilience4j-retry\2.2.0\resilience4j-retry-2.2.0.jar;C:\Users\ASUS\.m2\repository\io\github\resilience4j\resilience4j-ratelimiter\2.2.0\resilience4j-ratelimiter-2.2.0.jar;C:\Users\ASUS\.m2\repository\io\github\resilience4j\resilience4j-timelimiter\2.2.0\resilience4j-timelimiter-2.2.0.jar;C:\Users\ASUS\.m2\repository\org\springframework\boot\spring-boot-starter-actuator\3.4.3\spring-boot-starter-actuator-3.4.3.jar;C:\Users\ASUS\.m2\repository\org\springframework\boot\spring-boot-actuator-autoconfigure\3.4.3\spring-boot-actuator-autoconfigure-3.4.3.jar;C:\Users\ASUS\.m2\repository\org\springframework\boot\spring-boot-actuator\3.4.3\spring-boot-actuator-3.4.3.jar;C:\Users\ASUS\.m2\repository\io\micrometer\micrometer-observation\1.14.4\micrometer-observation-1.14.4.jar;C:\Users\ASUS\.m2\repository\io\micrometer\micrometer-commons\1.14.4\micrometer-commons-1.14.4.jar;C:\Users\ASUS\.m2\repository\io\micrometer\micrometer-jakarta9\1.14.4\micrometer-jakarta9-1.14.4.jar;C:\Users\ASUS\.m2\repository\org\springframework\boot\spring-boot-starter-aop\3.4.3\spring-boot-starter-aop-3.4.3.jar;C:\Users\ASUS\.m2\repository\org\aspectj\aspectjweaver\1.9.22.1\aspectjweaver-1.9.22.1.jar;C:\Users\ASUS\.m2\repository\org\springframework\boot\spring-boot-starter-data-mongodb\3.4.3\spring-boot-starter-data-mongodb-3.4.3.jar;C:\Users\ASUS\.m2\repository\org\mongodb\mongodb-driver-sync\5.2.1\mongodb-driver-sync-5.2.1.jar;C:\Users\ASUS\.m2\repository\org\mongodb\bson\5.2.1\bson-5.2.1.jar;C:\Users\ASUS\.m2\repository\org\mongodb\mongodb-driver-core\5.2.1\mongodb-driver-core-5.2.1.jar;C:\Users\ASUS\.m2\repository\org\mongodb\bson-record-codec\5.2.1\bson-record-codec-5.2.1.jar;C:\Users\ASUS\.m2\repository\org\springframework\data\spring-data-mongodb\4.4.3\spring-data-mongodb-4.4.3.jar;C:\Users\ASUS\.m2\repository\org\springframework\boot\spring-boot-starter-websocket\3.4.3\spring-boot-starter-websocket-3.4.3.jar;C:\Users\ASUS\.m2\repository\org\springframework\spring-messaging\6.2.3\spring-messaging-6.2.3.jar;C:\Users\ASUS\.m2\repository\org\springframework\spring-websocket\6.2.3\spring-websocket-6.2.3.jar;C:\Users\ASUS\.m2\repository\io\jsonwebtoken\jjwt-api\0.11.5\jjwt-api-0.11.5.jar;C:\Users\ASUS\.m2\repository\io\jsonwebtoken\jjwt-impl\0.11.5\jjwt-impl-0.11.5.jar;C:\Users\ASUS\.m2\repository\io\jsonwebtoken\jjwt-jackson\0.11.5\jjwt-jackson-0.11.5.jar;C:\Users\ASUS\.m2\repository\com\cloudinary\cloudinary-http5\2.0.0\cloudinary-http5-2.0.0.jar;C:\Users\ASUS\.m2\repository\com\cloudinary\cloudinary-core\2.0.0\cloudinary-core-2.0.0.jar;C:\Users\ASUS\.m2\repository\org\apache\commons\commons-lang3\3.17.0\commons-lang3-3.17.0.jar;C:\Users\ASUS\.m2\repository\org\apache\httpcomponents\client5\httpclient5\5.4.2\httpclient5-5.4.2.jar;C:\Users\ASUS\.m2\repository\org\apache\httpcomponents\core5\httpcore5-h2\5.3.3\httpcore5-h2-5.3.3.jar;C:\Users\ASUS\.m2\repository\org\apache\httpcomponents\core5\httpcore5\5.3.3\httpcore5-5.3.3.jar;C:\Users\ASUS\.m2\repository\com\cloudinary\cloudinary-taglib\2.0.0\cloudinary-taglib-2.0.0.jar;C:\Users\ASUS\.m2\repository\javax\servlet\jsp-api\2.0\jsp-api-2.0.jar;C:\Users\ASUS\.m2\repository\javax\servlet\servlet-api\2.4\servlet-api-2.4.jar;C:\Users\ASUS\.m2\repository\io\github\cdimascio\dotenv-java\2.2.4\dotenv-java-2.2.4.jar
Launcher Type: SUN_STANDARD

[Global flags]
     intx CICompilerCount                          = 4                                         {product} {ergonomic}
     uint ConcGCThreads                            = 2                                         {product} {ergonomic}
     uint G1ConcRefinementThreads                  = 8                                         {product} {ergonomic}
   size_t G1HeapRegionSize                         = 1048576                                   {product} {ergonomic}
    uintx GCDrainStackTargetSize                   = 64                                        {product} {ergonomic}
   size_t InitialHeapSize                          = 130023424                                 {product} {ergonomic}
   size_t MarkStackSize                            = 4194304                                   {product} {ergonomic}
   size_t MaxHeapSize                              = 2069889024                                {product} {ergonomic}
   size_t MaxNewSize                               = 1241513984                                {product} {ergonomic}
   size_t MinHeapDeltaBytes                        = 1048576                                   {product} {ergonomic}
   size_t MinHeapSize                              = 8388608                                   {product} {ergonomic}
    uintx NonNMethodCodeHeapSize                   = 5839372                                {pd product} {ergonomic}
    uintx NonProfiledCodeHeapSize                  = 122909434                              {pd product} {ergonomic}
    uintx ProfiledCodeHeapSize                     = 122909434                              {pd product} {ergonomic}
    uintx ReservedCodeCacheSize                    = 251658240                              {pd product} {ergonomic}
     bool SegmentedCodeCache                       = true                                      {product} {ergonomic}
   size_t SoftMaxHeapSize                          = 2069889024                             {manageable} {ergonomic}
     bool UseCompressedOops                        = true                           {product lp64_product} {ergonomic}
     bool UseG1GC                                  = true                                      {product} {ergonomic}
     bool UseLargePagesIndividualAllocation        = false                                  {pd product} {ergonomic}

Logging:
Log output configuration:
 #0: stdout all=warning uptime,level,tags foldmultilines=false
 #1: stderr all=off uptime,level,tags foldmultilines=false

Environment Variables:
JAVA_HOME=C:\Program Files\Eclipse Adoptium\jdk-17.0.12.7-hotspot\
PATH=C:\Python312\Scripts\;C:\Python312\;C:\Program Files\Python313\Scripts\;C:\Program Files\Python313\;C:\Program Files\Eclipse Adoptium\jdk-17.0.12.7-hotspot\bin;C:\Program Files (x86)\Common Files\Oracle\Java\javapath;C:\WINDOWS\system32;C:\WINDOWS;C:\WINDOWS\System32\Wbem;C:\WINDOWS\System32\WindowsPowerShell\v1.0\;C:\WINDOWS\System32\OpenSSH\;C:\MinGW\bin;C:\Program Files\Microsoft SQL Server\Client SDK\ODBC\170\Tools\Binn\;C:\Program Files (x86)\Microsoft SQL Server\150\Tools\Binn\;C:\Program Files\Microsoft SQL Server\150\Tools\Binn\;C:\Program Files\Microsoft SQL Server\150\DTS\Binn\;C:\Program Files (x86)\Microsoft SQL Server\150\DTS\Binn\;C:\Program Files\Azure Data Studio\bin;C:\Program Files\dotnet\;C:\Program Files\nodejs\;C:\ProgramData\chocolatey\bin;C:\Program Files\Git\cmd;C:\Python312\Scripts;C:\Python312;C:\Users\ASUS\AppData\Local\Programs\Python\Python313\Scripts;C:\Users\ASUS\AppData\Local\Programs\Python\Python313\;C:\Users\ASUS\AppData\Local\Microsoft\WindowsApps;C:\Users\ASUS\AppData\Local\Programs\Microsoft VS Code\bin;C:\Program Files\Azure Data Studio\bin;C:\Users\ASUS\.dotnet\tools;C:\Users\ASUS\AppData\Roaming\npm;E:\IntelliJ IDEA Community Edition 2024.3.1.1\bin;;E:\cursor\resources\app\bin
USERNAME=ASUS
OS=Windows_NT
PROCESSOR_IDENTIFIER=Intel64 Family 6 Model 140 Stepping 1, GenuineIntel
TMP=C:\Users\ASUS\AppData\Local\Temp
TEMP=C:\Users\ASUS\AppData\Local\Temp




Periodic native trim disabled

---------------  S Y S T E M  ---------------

OS:
 Windows 11 , 64 bit Build 22621 (10.0.22621.4391)
OS uptime: 2 days 0:49 hours
Hyper-V role detected

CPU: total 8 (initial active 8) (4 cores per cpu, 2 threads per core) family 6 model 140 stepping 1 microcode 0x9a, cx8, cmov, fxsr, ht, mmx, 3dnowpref, sse, sse2, sse3, ssse3, sse4.1, sse4.2, popcnt, lzcnt, tsc, tscinvbit, avx, avx2, aes, erms, clmul, bmi1, bmi2, adx, avx512f, avx512dq, avx512cd, avx512bw, avx512vl, sha, fma, vzeroupper, avx512_vpopcntdq, avx512_vpclmulqdq, avx512_vaes, avx512_vnni, clflush, clflushopt, clwb, avx512_vbmi2, avx512_vbmi, hv, rdtscp, rdpid, fsrm, gfni, avx512_bitalg, f16c, cet_ibt, cet_ss, avx512_ifma
Processor Information for the first 8 processors :
  Max Mhz: 2419, Current Mhz: 2419, Mhz Limit: 2419

Memory: 4k page, system-wide physical 7888M (315M free)
TotalPageFile size 23074M (AvailPageFile size 174M)
current process WorkingSet (physical memory assigned to process): 231M, peak: 501M
current process commit charge ("private bytes"): 518M, peak: 808M

vm_info: OpenJDK 64-Bit Server VM (21.0.6+7-LTS) for windows-amd64 JRE (21.0.6+7-LTS), built on 2025-01-21T00:00:00Z by "admin" with MS VC++ 17.7 (VS2022)

END.
