#
# There is insufficient memory for the Java Runtime Environment to continue.
# Native memory allocation (malloc) failed to allocate 2498336 bytes. Error detail: Chunk::new
# Possible reasons:
#   The system is out of physical RAM or swap space
#   This process is running with CompressedOops enabled, and the Java Heap may be blocking the growth of the native heap
# Possible solutions:
#   Reduce memory load on the system
#   Increase physical memory or swap space
#   Check if swap backing store is full
#   Decrease Java heap size (-Xmx/-Xms)
#   Decrease number of Java threads
#   Decrease Java thread stack sizes (-Xss)
#   Set larger code cache with -XX:ReservedCodeCacheSize=
#   JVM is running with Unscaled Compressed Oops mode in which the Java heap is
#     placed in the first 4GB address space. The Java Heap base address is the
#     maximum limit for the native heap growth. Please use -XX:HeapBaseMinAddress
#     to set the Java Heap base and to place the Java Heap above 4GB virtual address.
# This output file may be truncated or incomplete.
#
#  Out of Memory Error (arena.cpp:168), pid=2808, tid=11124
#
# JRE version: OpenJDK Runtime Environment Temurin-21.0.6+7 (21.0.6+7) (build 21.0.6+7-LTS)
# Java VM: OpenJDK 64-Bit Server VM Temurin-21.0.6+7 (21.0.6+7-LTS, mixed mode, sharing, tiered, compressed oops, compressed class ptrs, g1 gc, windows-amd64)
# No core dump will be written. Minidumps are not enabled by default on client versions of Windows
#

---------------  S U M M A R Y ------------

Command Line: -agentlib:jdwp=transport=dt_socket,address=127.0.0.1:58028,suspend=y,server=n -javaagent:C:\Users\ASUS\AppData\Local\JetBrains\IdeaIC2024.3\captureAgent\debugger-agent.jar -Dkotlinx.coroutines.debug.enable.creation.stack.trace=false -Ddebugger.agent.enable.coroutines=true -Dkotlinx.coroutines.debug.enable.flows.stack.trace=true -Dkotlinx.coroutines.debug.enable.mutable.state.flows.stack.trace=true -Dfile.encoding=UTF-8 -Dsun.stdout.encoding=UTF-8 -Dsun.stderr.encoding=UTF-8 com.example.Job.JobApplication

Host: 11th Gen Intel(R) Core(TM) i5-1135G7 @ 2.40GHz, 8 cores, 7G,  Windows 11 , 64 bit Build 22621 (10.0.22621.4391)
Time: Thu Mar 27 16:43:25 2025 SE Asia Standard Time elapsed time: 189.392739 seconds (0d 0h 3m 9s)

---------------  T H R E A D  ---------------

Current thread (0x0000013aab8c3730):  JavaThread "C2 CompilerThread0" daemon [_thread_in_native, id=11124, stack(0x0000002126200000,0x0000002126300000) (1024K)]


Current CompileTask:
C2:189392 12320       4       java.lang.invoke.MethodType::insertParameterTypes (121 bytes)

Stack: [0x0000002126200000,0x0000002126300000]
Native frames: (J=compiled Java code, j=interpreted, Vv=VM code, C=native code)
V  [jvm.dll+0x6cdee9]
V  [jvm.dll+0x8a83d1]
V  [jvm.dll+0x8aa8fe]
V  [jvm.dll+0x8aafe3]
V  [jvm.dll+0x27f706]
V  [jvm.dll+0xc500d]
V  [jvm.dll+0xc5543]
V  [jvm.dll+0x3b678c]
V  [jvm.dll+0x1dfe13]
V  [jvm.dll+0x247b42]
V  [jvm.dll+0x246fcf]
V  [jvm.dll+0x1c75ee]
V  [jvm.dll+0x25685a]
V  [jvm.dll+0x254dfa]
V  [jvm.dll+0x3f0256]
V  [jvm.dll+0x851f8b]
V  [jvm.dll+0x6cc5ed]
C  [ucrtbase.dll+0x29333]
C  [KERNEL32.DLL+0x1259d]
C  [ntdll.dll+0x5af38]


---------------  P R O C E S S  ---------------

Threads class SMR info:
_java_thread_list=0x0000013af8b92110, length=59, elements={
0x0000013aab8b9e90, 0x0000013aab8ba9d0, 0x0000013aab8bd8c0, 0x0000013aab8be400,
0x0000013aab8c0f50, 0x0000013aab8c29b0, 0x0000013aab8c3730, 0x0000013aab8c42f0,
0x0000013aabacf0b0, 0x0000013aabb1eac0, 0x0000013aabc2d0b0, 0x0000013af6a0ea20,
0x0000013af6a0f0b0, 0x0000013af6a10460, 0x0000013afb84c640, 0x0000013afb847780,
0x0000013afba49310, 0x0000013afd977700, 0x0000013afd97cc50, 0x0000013afd980760,
0x0000013afd97ed20, 0x0000013afd984270, 0x0000013afd984900, 0x0000013a84203aa0,
0x0000013a84202060, 0x0000013a84209680, 0x0000013a842054e0, 0x0000013a84206890,
0x0000013a842026f0, 0x0000013a846c7220, 0x0000013a846c92f0, 0x0000013a846c9980,
0x0000013a846c78b0, 0x0000013a846c85d0, 0x0000013a846c4430, 0x0000013a846c8c60,
0x0000013a846ca6a0, 0x0000013a846c6500, 0x0000013a846c3710, 0x0000013a846cad30,
0x0000013a846c3da0, 0x0000013a846cc0e0, 0x0000013a846d1cc0, 0x0000013a8420c470,
0x0000013a8420d820, 0x0000013a8420deb0, 0x0000013a84204e50, 0x0000013a8420cb00,
0x0000013a8420d190, 0x0000013a8420e540, 0x0000013a8420ebd0, 0x0000013a8420f260,
0x0000013a84210ca0, 0x0000013a8420f8f0, 0x0000013a8420ff80, 0x0000013a84211330,
0x0000013a8420b0c0, 0x0000013a84204130, 0x0000013afc6480b0
}

Java Threads: ( => current thread )
  0x0000013aab8b9e90 JavaThread "Reference Handler"          daemon [_thread_blocked, id=4432, stack(0x0000002125c00000,0x0000002125d00000) (1024K)]
  0x0000013aab8ba9d0 JavaThread "Finalizer"                  daemon [_thread_blocked, id=10284, stack(0x0000002125d00000,0x0000002125e00000) (1024K)]
  0x0000013aab8bd8c0 JavaThread "Signal Dispatcher"          daemon [_thread_blocked, id=15152, stack(0x0000002125e00000,0x0000002125f00000) (1024K)]
  0x0000013aab8be400 JavaThread "Attach Listener"            daemon [_thread_blocked, id=19664, stack(0x0000002125f00000,0x0000002126000000) (1024K)]
  0x0000013aab8c0f50 JavaThread "Service Thread"             daemon [_thread_blocked, id=9676, stack(0x0000002126000000,0x0000002126100000) (1024K)]
  0x0000013aab8c29b0 JavaThread "Monitor Deflation Thread"   daemon [_thread_blocked, id=16976, stack(0x0000002126100000,0x0000002126200000) (1024K)]
=>0x0000013aab8c3730 JavaThread "C2 CompilerThread0"         daemon [_thread_in_native, id=11124, stack(0x0000002126200000,0x0000002126300000) (1024K)]
  0x0000013aab8c42f0 JavaThread "C1 CompilerThread0"         daemon [_thread_blocked, id=17364, stack(0x0000002126300000,0x0000002126400000) (1024K)]
  0x0000013aabacf0b0 JavaThread "Common-Cleaner"             daemon [_thread_blocked, id=21412, stack(0x0000002126400000,0x0000002126500000) (1024K)]
  0x0000013aabb1eac0 JavaThread "JDWP Event Helper Thread"   daemon [_thread_blocked, id=18056, stack(0x0000002126600000,0x0000002126700000) (1024K)]
  0x0000013aabc2d0b0 JavaThread "Notification Thread"        daemon [_thread_blocked, id=19640, stack(0x0000002126800000,0x0000002126900000) (1024K)]
  0x0000013af6a0ea20 JavaThread "Catalina-utility-1"                [_thread_blocked, id=15700, stack(0x0000002127500000,0x0000002127600000) (1024K)]
  0x0000013af6a0f0b0 JavaThread "Catalina-utility-2"                [_thread_blocked, id=6408, stack(0x0000002127600000,0x0000002127700000) (1024K)]
  0x0000013af6a10460 JavaThread "container-0"                       [_thread_blocked, id=11864, stack(0x0000002127700000,0x0000002127800000) (1024K)]
  0x0000013afb84c640 JavaThread "PostgreSQL-JDBC-Cleaner"    daemon [_thread_blocked, id=11724, stack(0x0000002127900000,0x0000002127a00000) (1024K)]
  0x0000013afb847780 JavaThread "HikariPool-1 housekeeper"   daemon [_thread_blocked, id=9564, stack(0x0000002127400000,0x0000002127500000) (1024K)]
  0x0000013afba49310 JavaThread "lettuce-timer-3-1"          daemon [_thread_blocked, id=18040, stack(0x0000002127200000,0x0000002127300000) (1024K)]
  0x0000013afd977700 JavaThread "Jndi-Dns-address-change-listener" daemon [_thread_in_native, id=12368, stack(0x0000002127c00000,0x0000002127d00000) (1024K)]
  0x0000013afd97cc50 JavaThread "BufferPoolPruner-1-thread-1" daemon [_thread_blocked, id=19348, stack(0x0000002127d00000,0x0000002127e00000) (1024K)]
  0x0000013afd980760 JavaThread "cluster-ClusterId{value='67e51d123ed60a4e5a943c83', description='ClusterTopcv'}-clustertopcv-shard-00-01.nhxhu.mongodb.net:27017" daemon [_thread_in_native, id=18464, stack(0x0000002127f00000,0x0000002128000000) (1024K)]
  0x0000013afd97ed20 JavaThread "cluster-ClusterId{value='67e51d123ed60a4e5a943c83', description='ClusterTopcv'}-clustertopcv-shard-00-00.nhxhu.mongodb.net:27017" daemon [_thread_in_native, id=3480, stack(0x0000002128000000,0x0000002128100000) (1024K)]
  0x0000013afd984270 JavaThread "cluster-ClusterId{value='67e51d123ed60a4e5a943c83', description='ClusterTopcv'}-clustertopcv-shard-00-02.nhxhu.mongodb.net:27017" daemon [_thread_in_native, id=15260, stack(0x0000002128100000,0x0000002128200000) (1024K)]
  0x0000013afd984900 JavaThread "Live Reload Server"         daemon [_thread_in_native, id=4144, stack(0x0000002128300000,0x0000002128400000) (1024K)]
  0x0000013a84203aa0 JavaThread "cluster-rtt-ClusterId{value='67e51d123ed60a4e5a943c83', description='ClusterTopcv'}-clustertopcv-shard-00-00.nhxhu.mongodb.net:27017" daemon [_thread_blocked, id=11820, stack(0x0000002128200000,0x0000002128300000) (1024K)]
  0x0000013a84202060 JavaThread "cluster-rtt-ClusterId{value='67e51d123ed60a4e5a943c83', description='ClusterTopcv'}-clustertopcv-shard-00-02.nhxhu.mongodb.net:27017" daemon [_thread_blocked, id=16404, stack(0x0000002128400000,0x0000002128500000) (1024K)]
  0x0000013a84209680 JavaThread "cluster-rtt-ClusterId{value='67e51d123ed60a4e5a943c83', description='ClusterTopcv'}-clustertopcv-shard-00-01.nhxhu.mongodb.net:27017" daemon [_thread_blocked, id=3048, stack(0x0000002128500000,0x0000002128600000) (1024K)]
  0x0000013a842054e0 JavaThread "MaintenanceTimer-3-thread-1" daemon [_thread_blocked, id=5448, stack(0x0000002128600000,0x0000002128700000) (1024K)]
  0x0000013a84206890 JavaThread "MaintenanceTimer-4-thread-1" daemon [_thread_blocked, id=15232, stack(0x0000002128700000,0x0000002128800000) (1024K)]
  0x0000013a842026f0 JavaThread "MaintenanceTimer-2-thread-1" daemon [_thread_blocked, id=10340, stack(0x0000002128800000,0x0000002128900000) (1024K)]
  0x0000013a846c7220 JavaThread "File Watcher"               daemon [_thread_blocked, id=18888, stack(0x0000002127b00000,0x0000002127c00000) (1024K)]
  0x0000013a846c92f0 JavaThread "http-nio-8081-exec-1"       daemon [_thread_blocked, id=7620, stack(0x0000002128a00000,0x0000002128b00000) (1024K)]
  0x0000013a846c9980 JavaThread "http-nio-8081-exec-2"       daemon [_thread_blocked, id=8896, stack(0x0000002128b00000,0x0000002128c00000) (1024K)]
  0x0000013a846c78b0 JavaThread "http-nio-8081-exec-3"       daemon [_thread_blocked, id=10920, stack(0x0000002128c00000,0x0000002128d00000) (1024K)]
  0x0000013a846c85d0 JavaThread "http-nio-8081-exec-4"       daemon [_thread_blocked, id=19512, stack(0x0000002128d00000,0x0000002128e00000) (1024K)]
  0x0000013a846c4430 JavaThread "http-nio-8081-exec-5"       daemon [_thread_blocked, id=14576, stack(0x0000002128e00000,0x0000002128f00000) (1024K)]
  0x0000013a846c8c60 JavaThread "http-nio-8081-exec-6"       daemon [_thread_in_vm, id=14244, stack(0x0000002128f00000,0x0000002129000000) (1024K)]
  0x0000013a846ca6a0 JavaThread "http-nio-8081-exec-7"       daemon [_thread_blocked, id=10276, stack(0x0000002129000000,0x0000002129100000) (1024K)]
  0x0000013a846c6500 JavaThread "http-nio-8081-exec-8"       daemon [_thread_blocked, id=5916, stack(0x0000002129100000,0x0000002129200000) (1024K)]
  0x0000013a846c3710 JavaThread "http-nio-8081-exec-9"       daemon [_thread_blocked, id=4904, stack(0x0000002129200000,0x0000002129300000) (1024K)]
  0x0000013a846cad30 JavaThread "http-nio-8081-exec-10"      daemon [_thread_blocked, id=7356, stack(0x0000002129300000,0x0000002129400000) (1024K)]
  0x0000013a846c3da0 JavaThread "http-nio-8081-Poller"       daemon [_thread_in_native, id=13272, stack(0x0000002129400000,0x0000002129500000) (1024K)]
  0x0000013a846cc0e0 JavaThread "DestroyJavaVM"                     [_thread_blocked, id=13092, stack(0x0000002125400000,0x0000002125500000) (1024K)]
  0x0000013a846d1cc0 JavaThread "WebSocket background processing - stopping" daemon [_thread_blocked, id=13400, stack(0x0000002129a00000,0x0000002129b00000) (1024K)]
  0x0000013a8420c470 JavaThread "clientInboundChannel-4"            [_thread_blocked, id=19232, stack(0x0000002127100000,0x0000002127200000) (1024K)]
  0x0000013a8420d820 JavaThread "clientInboundChannel-5"            [_thread_blocked, id=20092, stack(0x0000002129d00000,0x0000002129e00000) (1024K)]
  0x0000013a8420deb0 JavaThread "clientInboundChannel-6"            [_thread_blocked, id=13616, stack(0x0000002129e00000,0x0000002129f00000) (1024K)]
  0x0000013a84204e50 JavaThread "clientInboundChannel-7"            [_thread_blocked, id=10104, stack(0x0000002126700000,0x0000002126800000) (1024K)]
  0x0000013a8420cb00 JavaThread "clientInboundChannel-8"            [_thread_blocked, id=11900, stack(0x0000002127a00000,0x0000002127b00000) (1024K)]
  0x0000013a8420d190 JavaThread "clientInboundChannel-9"            [_thread_blocked, id=16080, stack(0x0000002127e00000,0x0000002127f00000) (1024K)]
  0x0000013a8420e540 JavaThread "clientInboundChannel-10"           [_thread_blocked, id=16036, stack(0x0000002129b00000,0x0000002129c00000) (1024K)]
  0x0000013a8420ebd0 JavaThread "clientOutboundChannel-2"           [_thread_blocked, id=14284, stack(0x0000002129c00000,0x0000002129d00000) (1024K)]
  0x0000013a8420f260 JavaThread "clientInboundChannel-11"           [_thread_blocked, id=16340, stack(0x0000002129f00000,0x000000212a000000) (1024K)]
  0x0000013a84210ca0 JavaThread "clientInboundChannel-12"           [_thread_blocked, id=3824, stack(0x000000212a000000,0x000000212a100000) (1024K)]
  0x0000013a8420f8f0 JavaThread "clientOutboundChannel-3"           [_thread_blocked, id=9484, stack(0x000000212a100000,0x000000212a200000) (1024K)]
  0x0000013a8420ff80 JavaThread "SIGINT handler"             daemon [_thread_blocked, id=12624, stack(0x0000002126500000,0x0000002126600000) (1024K)]
  0x0000013a84211330 JavaThread "SpringApplicationShutdownHook"        [_thread_blocked, id=14652, stack(0x000000212a300000,0x000000212a400000) (1024K)]
  0x0000013a8420b0c0 JavaThread "tomcat-shutdown"                   [_thread_blocked, id=5260, stack(0x0000002125100000,0x0000002125200000) (1024K)]
  0x0000013a84204130 JavaThread "HikariPool-1 connection adder" daemon [_thread_in_Java, id=5964, stack(0x0000002125200000,0x0000002125300000) (1024K)]
  0x0000013afc6480b0 JavaThread "C2 CompilerThread1"         daemon [_thread_in_native, id=6832, stack(0x0000002125300000,0x0000002125400000) (1024K)]
Total: 59

Other Threads:
  0x0000013aab89e8f0 VMThread "VM Thread"                           [id=12264, stack(0x0000002125b00000,0x0000002125c00000) (1024K)]
  0x0000013aab88a770 WatcherThread "VM Periodic Task Thread"        [id=15432, stack(0x0000002125a00000,0x0000002125b00000) (1024K)]
  0x0000013a8ee1bb00 WorkerThread "GC Thread#0"                     [id=11616, stack(0x0000002125500000,0x0000002125600000) (1024K)]
  0x0000013af1ab68e0 WorkerThread "GC Thread#1"                     [id=2452, stack(0x0000002126900000,0x0000002126a00000) (1024K)]
  0x0000013af1ab6c80 WorkerThread "GC Thread#2"                     [id=8020, stack(0x0000002126a00000,0x0000002126b00000) (1024K)]
  0x0000013af1ab5e00 WorkerThread "GC Thread#3"                     [id=1996, stack(0x0000002126b00000,0x0000002126c00000) (1024K)]
  0x0000013af1ab6540 WorkerThread "GC Thread#4"                     [id=2816, stack(0x0000002126c00000,0x0000002126d00000) (1024K)]
  0x0000013af1ab7020 WorkerThread "GC Thread#5"                     [id=736, stack(0x0000002126d00000,0x0000002126e00000) (1024K)]
  0x0000013af1ab73c0 WorkerThread "GC Thread#6"                     [id=17320, stack(0x0000002126e00000,0x0000002126f00000) (1024K)]
  0x0000013af1ab61a0 WorkerThread "GC Thread#7"                     [id=20424, stack(0x0000002126f00000,0x0000002127000000) (1024K)]
  0x0000013a8ee2c1a0 ConcurrentGCThread "G1 Main Marker"            [id=9656, stack(0x0000002125600000,0x0000002125700000) (1024K)]
  0x0000013a8ee2cca0 WorkerThread "G1 Conc#0"                       [id=15952, stack(0x0000002125700000,0x0000002125800000) (1024K)]
  0x0000013af23f22a0 WorkerThread "G1 Conc#1"                       [id=4952, stack(0x0000002127300000,0x0000002127400000) (1024K)]
  0x0000013a8ee6e9b0 ConcurrentGCThread "G1 Refine#0"               [id=11004, stack(0x0000002125800000,0x0000002125900000) (1024K)]
  0x0000013aab75a720 ConcurrentGCThread "G1 Service"                [id=15040, stack(0x0000002125900000,0x0000002125a00000) (1024K)]
Total: 15

Threads with active compile tasks:
C2 CompilerThread0  189429 12320       4       java.lang.invoke.MethodType::insertParameterTypes (121 bytes)
C2 CompilerThread1  189429 12332   !   4       jdk.internal.loader.BuiltinClassLoader::findClassOnClassPathOrNull (64 bytes)
Total: 2

VM state: not at safepoint (normal execution)

VM Mutex/Monitor currently owned by a thread:  ([mutex/lock_event])
[0x00007ffa63ffcf00] MethodCompileQueue_lock - owner thread: 0x0000000000000000

Heap address: 0x0000000084a00000, size: 1974 MB, Compressed Oops mode: 32-bit

CDS archive(s) mapped at: [0x0000013aac000000-0x0000013aacc80000-0x0000013aacc80000), size 13107200, SharedBaseAddress: 0x0000013aac000000, ArchiveRelocationMode: 1.
Compressed class space mapped at: 0x0000013aad000000-0x0000013aed000000, reserved size: 1073741824
Narrow klass base: 0x0000013aac000000, Narrow klass shift: 0, Narrow klass range: 0x100000000

GC Precious Log:
 CardTable entry size: 512
 Card Set container configuration: InlinePtr #cards 5 size 8 Array Of Cards #cards 12 size 40 Howl #buckets 4 coarsen threshold 1843 Howl Bitmap #cards 512 size 80 coarsen threshold 460 Card regions per heap region 1 cards per card region 2048
 CPUs: 8 total, 8 available
 Memory: 7888M
 Large Page Support: Disabled
 NUMA Support: Disabled
 Compressed Oops: Enabled (32-bit)
 Heap Region Size: 1M
 Heap Min Capacity: 8M
 Heap Initial Capacity: 124M
 Heap Max Capacity: 1974M
 Pre-touch: Disabled
 Parallel Workers: 8
 Concurrent Workers: 2
 Concurrent Refinement Workers: 8
 Periodic GC: Disabled

Heap:
 garbage-first heap   total 181248K, used 138244K [0x0000000084a00000, 0x0000000100000000)
  region size 1024K, 69 young (70656K), 9 survivors (9216K)
 Metaspace       used 122948K, committed 124160K, reserved 1179648K
  class space    used 16425K, committed 17024K, reserved 1048576K

Heap Regions: E=young(eden), S=young(survivor), O=old, HS=humongous(starts), HC=humongous(continues), CS=collection set, F=free, TAMS=top-at-mark-start, PB=parsable bottom
|   0|0x0000000084a00000, 0x0000000084b00000, 0x0000000084b00000|100%|HS|  |TAMS 0x0000000084a00000| PB 0x0000000084a00000| Complete 
|   1|0x0000000084b00000, 0x0000000084c00000, 0x0000000084c00000|100%|HS|  |TAMS 0x0000000084b00000| PB 0x0000000084b00000| Complete 
|   2|0x0000000084c00000, 0x0000000084d00000, 0x0000000084d00000|100%| O|  |TAMS 0x0000000084c00000| PB 0x0000000084c00000| Untracked 
|   3|0x0000000084d00000, 0x0000000084e00000, 0x0000000084e00000|100%| O|  |TAMS 0x0000000084d00000| PB 0x0000000084d00000| Untracked 
|   4|0x0000000084e00000, 0x0000000084f00000, 0x0000000084f00000|100%| O|  |TAMS 0x0000000084e00000| PB 0x0000000084e00000| Untracked 
|   5|0x0000000084f00000, 0x0000000085000000, 0x0000000085000000|100%| O|  |TAMS 0x0000000084f00000| PB 0x0000000084f00000| Untracked 
|   6|0x0000000085000000, 0x0000000085100000, 0x0000000085100000|100%| O|  |TAMS 0x0000000085000000| PB 0x0000000085000000| Untracked 
|   7|0x0000000085100000, 0x0000000085200000, 0x0000000085200000|100%| O|  |TAMS 0x0000000085100000| PB 0x0000000085100000| Untracked 
|   8|0x0000000085200000, 0x0000000085300000, 0x0000000085300000|100%| O|  |TAMS 0x0000000085200000| PB 0x0000000085200000| Untracked 
|   9|0x0000000085300000, 0x0000000085400000, 0x0000000085400000|100%| O|  |TAMS 0x0000000085300000| PB 0x0000000085300000| Untracked 
|  10|0x0000000085400000, 0x0000000085500000, 0x0000000085500000|100%| O|  |TAMS 0x0000000085400000| PB 0x0000000085400000| Untracked 
|  11|0x0000000085500000, 0x0000000085600000, 0x0000000085600000|100%| O|  |TAMS 0x0000000085500000| PB 0x0000000085500000| Untracked 
|  12|0x0000000085600000, 0x0000000085700000, 0x0000000085700000|100%| O|  |TAMS 0x0000000085600000| PB 0x0000000085600000| Untracked 
|  13|0x0000000085700000, 0x0000000085800000, 0x0000000085800000|100%| O|  |TAMS 0x0000000085700000| PB 0x0000000085700000| Untracked 
|  14|0x0000000085800000, 0x0000000085900000, 0x0000000085900000|100%| O|  |TAMS 0x0000000085800000| PB 0x0000000085800000| Untracked 
|  15|0x0000000085900000, 0x0000000085a00000, 0x0000000085a00000|100%| O|  |TAMS 0x0000000085900000| PB 0x0000000085900000| Untracked 
|  16|0x0000000085a00000, 0x0000000085b00000, 0x0000000085b00000|100%| O|  |TAMS 0x0000000085a00000| PB 0x0000000085a00000| Untracked 
|  17|0x0000000085b00000, 0x0000000085c00000, 0x0000000085c00000|100%| O|  |TAMS 0x0000000085b00000| PB 0x0000000085b00000| Untracked 
|  18|0x0000000085c00000, 0x0000000085d00000, 0x0000000085d00000|100%| O|  |TAMS 0x0000000085c00000| PB 0x0000000085c00000| Untracked 
|  19|0x0000000085d00000, 0x0000000085e00000, 0x0000000085e00000|100%| O|  |TAMS 0x0000000085d00000| PB 0x0000000085d00000| Untracked 
|  20|0x0000000085e00000, 0x0000000085f00000, 0x0000000085f00000|100%| O|  |TAMS 0x0000000085e00000| PB 0x0000000085e00000| Untracked 
|  21|0x0000000085f00000, 0x0000000086000000, 0x0000000086000000|100%| O|  |TAMS 0x0000000085f00000| PB 0x0000000085f00000| Untracked 
|  22|0x0000000086000000, 0x0000000086100000, 0x0000000086100000|100%| O|  |TAMS 0x0000000086000000| PB 0x0000000086000000| Untracked 
|  23|0x0000000086100000, 0x0000000086200000, 0x0000000086200000|100%| O|  |TAMS 0x0000000086100000| PB 0x0000000086100000| Untracked 
|  24|0x0000000086200000, 0x0000000086300000, 0x0000000086300000|100%| O|  |TAMS 0x0000000086200000| PB 0x0000000086200000| Untracked 
|  25|0x0000000086300000, 0x0000000086400000, 0x0000000086400000|100%| O|  |TAMS 0x0000000086300000| PB 0x0000000086300000| Untracked 
|  26|0x0000000086400000, 0x0000000086500000, 0x0000000086500000|100%| O|  |TAMS 0x0000000086400000| PB 0x0000000086400000| Untracked 
|  27|0x0000000086500000, 0x0000000086600000, 0x0000000086600000|100%| O|  |TAMS 0x0000000086500000| PB 0x0000000086500000| Untracked 
|  28|0x0000000086600000, 0x0000000086700000, 0x0000000086700000|100%| O|  |TAMS 0x0000000086600000| PB 0x0000000086600000| Untracked 
|  29|0x0000000086700000, 0x0000000086800000, 0x0000000086800000|100%| O|  |TAMS 0x0000000086700000| PB 0x0000000086700000| Untracked 
|  30|0x0000000086800000, 0x0000000086900000, 0x0000000086900000|100%| O|  |TAMS 0x0000000086800000| PB 0x0000000086800000| Untracked 
|  31|0x0000000086900000, 0x0000000086a00000, 0x0000000086a00000|100%| O|  |TAMS 0x0000000086900000| PB 0x0000000086900000| Untracked 
|  32|0x0000000086a00000, 0x0000000086b00000, 0x0000000086b00000|100%| O|  |TAMS 0x0000000086a00000| PB 0x0000000086a00000| Untracked 
|  33|0x0000000086b00000, 0x0000000086c00000, 0x0000000086c00000|100%| O|  |TAMS 0x0000000086b00000| PB 0x0000000086b00000| Untracked 
|  34|0x0000000086c00000, 0x0000000086d00000, 0x0000000086d00000|100%| O|  |TAMS 0x0000000086c00000| PB 0x0000000086c00000| Untracked 
|  35|0x0000000086d00000, 0x0000000086e00000, 0x0000000086e00000|100%| O|  |TAMS 0x0000000086d00000| PB 0x0000000086d00000| Untracked 
|  36|0x0000000086e00000, 0x0000000086f00000, 0x0000000086f00000|100%| O|  |TAMS 0x0000000086e00000| PB 0x0000000086e00000| Untracked 
|  37|0x0000000086f00000, 0x0000000086f00000, 0x0000000087000000|  0%| F|  |TAMS 0x0000000086f00000| PB 0x0000000086f00000| Untracked 
|  38|0x0000000087000000, 0x0000000087100000, 0x0000000087100000|100%| O|  |TAMS 0x0000000087000000| PB 0x0000000087000000| Untracked 
|  39|0x0000000087100000, 0x0000000087200000, 0x0000000087200000|100%| O|  |TAMS 0x0000000087100000| PB 0x0000000087100000| Untracked 
|  40|0x0000000087200000, 0x0000000087300000, 0x0000000087300000|100%| O|  |TAMS 0x0000000087200000| PB 0x0000000087200000| Untracked 
|  41|0x0000000087300000, 0x0000000087400000, 0x0000000087400000|100%| O|  |TAMS 0x0000000087300000| PB 0x0000000087300000| Untracked 
|  42|0x0000000087400000, 0x0000000087500000, 0x0000000087500000|100%| O|  |TAMS 0x0000000087400000| PB 0x0000000087400000| Untracked 
|  43|0x0000000087500000, 0x0000000087600000, 0x0000000087600000|100%| O|  |TAMS 0x0000000087500000| PB 0x0000000087500000| Untracked 
|  44|0x0000000087600000, 0x0000000087700000, 0x0000000087700000|100%| O|  |TAMS 0x0000000087600000| PB 0x0000000087600000| Untracked 
|  45|0x0000000087700000, 0x0000000087800000, 0x0000000087800000|100%| O|  |TAMS 0x0000000087700000| PB 0x0000000087700000| Untracked 
|  46|0x0000000087800000, 0x0000000087900000, 0x0000000087900000|100%| O|  |TAMS 0x0000000087800000| PB 0x0000000087800000| Untracked 
|  47|0x0000000087900000, 0x0000000087a00000, 0x0000000087a00000|100%| O|  |TAMS 0x0000000087900000| PB 0x0000000087900000| Untracked 
|  48|0x0000000087a00000, 0x0000000087b00000, 0x0000000087b00000|100%| O|  |TAMS 0x0000000087a00000| PB 0x0000000087a00000| Untracked 
|  49|0x0000000087b00000, 0x0000000087c00000, 0x0000000087c00000|100%| O|  |TAMS 0x0000000087b00000| PB 0x0000000087b00000| Untracked 
|  50|0x0000000087c00000, 0x0000000087d00000, 0x0000000087d00000|100%| O|  |TAMS 0x0000000087c00000| PB 0x0000000087c00000| Untracked 
|  51|0x0000000087d00000, 0x0000000087e00000, 0x0000000087e00000|100%| O|  |TAMS 0x0000000087d00000| PB 0x0000000087d00000| Untracked 
|  52|0x0000000087e00000, 0x0000000087f00000, 0x0000000087f00000|100%| O|  |TAMS 0x0000000087e00000| PB 0x0000000087e00000| Untracked 
|  53|0x0000000087f00000, 0x0000000088000000, 0x0000000088000000|100%| O|  |TAMS 0x0000000087f00000| PB 0x0000000087f00000| Untracked 
|  54|0x0000000088000000, 0x0000000088100000, 0x0000000088100000|100%| O|  |TAMS 0x0000000088000000| PB 0x0000000088000000| Untracked 
|  55|0x0000000088100000, 0x0000000088200000, 0x0000000088200000|100%| O|  |TAMS 0x0000000088100000| PB 0x0000000088100000| Untracked 
|  56|0x0000000088200000, 0x0000000088300000, 0x0000000088300000|100%| O|  |TAMS 0x0000000088200000| PB 0x0000000088200000| Untracked 
|  57|0x0000000088300000, 0x0000000088400000, 0x0000000088400000|100%| O|  |TAMS 0x0000000088300000| PB 0x0000000088300000| Untracked 
|  58|0x0000000088400000, 0x0000000088400000, 0x0000000088500000|  0%| F|  |TAMS 0x0000000088400000| PB 0x0000000088400000| Untracked 
|  59|0x0000000088500000, 0x0000000088600000, 0x0000000088600000|100%|HS|  |TAMS 0x0000000088500000| PB 0x0000000088500000| Complete 
|  60|0x0000000088600000, 0x0000000088700000, 0x0000000088700000|100%| O|  |TAMS 0x0000000088600000| PB 0x0000000088600000| Untracked 
|  61|0x0000000088700000, 0x0000000088800000, 0x0000000088800000|100%| O|  |TAMS 0x0000000088700000| PB 0x0000000088700000| Untracked 
|  62|0x0000000088800000, 0x0000000088900000, 0x0000000088900000|100%| O|  |TAMS 0x0000000088800000| PB 0x0000000088800000| Untracked 
|  63|0x0000000088900000, 0x0000000088a00000, 0x0000000088a00000|100%| O|  |TAMS 0x0000000088900000| PB 0x0000000088900000| Untracked 
|  64|0x0000000088a00000, 0x0000000088b00000, 0x0000000088b00000|100%| O|  |TAMS 0x0000000088a00000| PB 0x0000000088a00000| Untracked 
|  65|0x0000000088b00000, 0x0000000088c00000, 0x0000000088c00000|100%| O|  |TAMS 0x0000000088b00000| PB 0x0000000088b00000| Untracked 
|  66|0x0000000088c00000, 0x0000000088d00000, 0x0000000088d00000|100%| O|  |TAMS 0x0000000088c00000| PB 0x0000000088c00000| Untracked 
|  67|0x0000000088d00000, 0x0000000088e00000, 0x0000000088e00000|100%| O|  |TAMS 0x0000000088d00000| PB 0x0000000088d00000| Untracked 
|  68|0x0000000088e00000, 0x0000000088f00000, 0x0000000088f00000|100%| O|  |TAMS 0x0000000088e00000| PB 0x0000000088e00000| Untracked 
|  69|0x0000000088f00000, 0x0000000088f00000, 0x0000000089000000|  0%| F|  |TAMS 0x0000000088f00000| PB 0x0000000088f00000| Untracked 
|  70|0x0000000089000000, 0x0000000089100000, 0x0000000089100000|100%| O|  |TAMS 0x0000000089000000| PB 0x0000000089000000| Untracked 
|  71|0x0000000089100000, 0x00000000891767a0, 0x0000000089200000| 46%| O|  |TAMS 0x0000000089100000| PB 0x0000000089100000| Untracked 
|  72|0x0000000089200000, 0x0000000089200000, 0x0000000089300000|  0%| F|  |TAMS 0x0000000089200000| PB 0x0000000089200000| Untracked 
|  73|0x0000000089300000, 0x0000000089300000, 0x0000000089400000|  0%| F|  |TAMS 0x0000000089300000| PB 0x0000000089300000| Untracked 
|  74|0x0000000089400000, 0x0000000089400000, 0x0000000089500000|  0%| F|  |TAMS 0x0000000089400000| PB 0x0000000089400000| Untracked 
|  75|0x0000000089500000, 0x0000000089500000, 0x0000000089600000|  0%| F|  |TAMS 0x0000000089500000| PB 0x0000000089500000| Untracked 
|  76|0x0000000089600000, 0x0000000089600000, 0x0000000089700000|  0%| F|  |TAMS 0x0000000089600000| PB 0x0000000089600000| Untracked 
|  77|0x0000000089700000, 0x0000000089700000, 0x0000000089800000|  0%| F|  |TAMS 0x0000000089700000| PB 0x0000000089700000| Untracked 
|  78|0x0000000089800000, 0x0000000089800000, 0x0000000089900000|  0%| F|  |TAMS 0x0000000089800000| PB 0x0000000089800000| Untracked 
|  79|0x0000000089900000, 0x0000000089900000, 0x0000000089a00000|  0%| F|  |TAMS 0x0000000089900000| PB 0x0000000089900000| Untracked 
|  80|0x0000000089a00000, 0x0000000089a00000, 0x0000000089b00000|  0%| F|  |TAMS 0x0000000089a00000| PB 0x0000000089a00000| Untracked 
|  81|0x0000000089b00000, 0x0000000089b8aae0, 0x0000000089c00000| 54%| S|CS|TAMS 0x0000000089b00000| PB 0x0000000089b00000| Complete 
|  82|0x0000000089c00000, 0x0000000089c00000, 0x0000000089d00000|  0%| F|  |TAMS 0x0000000089c00000| PB 0x0000000089c00000| Untracked 
|  83|0x0000000089d00000, 0x0000000089d00000, 0x0000000089e00000|  0%| F|  |TAMS 0x0000000089d00000| PB 0x0000000089d00000| Untracked 
|  84|0x0000000089e00000, 0x0000000089e00000, 0x0000000089f00000|  0%| F|  |TAMS 0x0000000089e00000| PB 0x0000000089e00000| Untracked 
|  85|0x0000000089f00000, 0x000000008a000000, 0x000000008a000000|100%| S|CS|TAMS 0x0000000089f00000| PB 0x0000000089f00000| Complete 
|  86|0x000000008a000000, 0x000000008a100000, 0x000000008a100000|100%| S|CS|TAMS 0x000000008a000000| PB 0x000000008a000000| Complete 
|  87|0x000000008a100000, 0x000000008a200000, 0x000000008a200000|100%| S|CS|TAMS 0x000000008a100000| PB 0x000000008a100000| Complete 
|  88|0x000000008a200000, 0x000000008a300000, 0x000000008a300000|100%| S|CS|TAMS 0x000000008a200000| PB 0x000000008a200000| Complete 
|  89|0x000000008a300000, 0x000000008a300000, 0x000000008a400000|  0%| F|  |TAMS 0x000000008a300000| PB 0x000000008a300000| Untracked 
|  90|0x000000008a400000, 0x000000008a400000, 0x000000008a500000|  0%| F|  |TAMS 0x000000008a400000| PB 0x000000008a400000| Untracked 
|  91|0x000000008a500000, 0x000000008a600000, 0x000000008a600000|100%| S|CS|TAMS 0x000000008a500000| PB 0x000000008a500000| Complete 
|  92|0x000000008a600000, 0x000000008a700000, 0x000000008a700000|100%| S|CS|TAMS 0x000000008a600000| PB 0x000000008a600000| Complete 
|  93|0x000000008a700000, 0x000000008a800000, 0x000000008a800000|100%| S|CS|TAMS 0x000000008a700000| PB 0x000000008a700000| Complete 
|  94|0x000000008a800000, 0x000000008a900000, 0x000000008a900000|100%| S|CS|TAMS 0x000000008a800000| PB 0x000000008a800000| Complete 
|  95|0x000000008a900000, 0x000000008a900000, 0x000000008aa00000|  0%| F|  |TAMS 0x000000008a900000| PB 0x000000008a900000| Untracked 
|  96|0x000000008aa00000, 0x000000008aa00000, 0x000000008ab00000|  0%| F|  |TAMS 0x000000008aa00000| PB 0x000000008aa00000| Untracked 
|  97|0x000000008ab00000, 0x000000008ab00000, 0x000000008ac00000|  0%| F|  |TAMS 0x000000008ab00000| PB 0x000000008ab00000| Untracked 
|  98|0x000000008ac00000, 0x000000008ac00000, 0x000000008ad00000|  0%| F|  |TAMS 0x000000008ac00000| PB 0x000000008ac00000| Untracked 
|  99|0x000000008ad00000, 0x000000008ad00000, 0x000000008ae00000|  0%| F|  |TAMS 0x000000008ad00000| PB 0x000000008ad00000| Untracked 
| 100|0x000000008ae00000, 0x000000008ae00000, 0x000000008af00000|  0%| F|  |TAMS 0x000000008ae00000| PB 0x000000008ae00000| Untracked 
| 101|0x000000008af00000, 0x000000008af00000, 0x000000008b000000|  0%| F|  |TAMS 0x000000008af00000| PB 0x000000008af00000| Untracked 
| 102|0x000000008b000000, 0x000000008b000000, 0x000000008b100000|  0%| F|  |TAMS 0x000000008b000000| PB 0x000000008b000000| Untracked 
| 103|0x000000008b100000, 0x000000008b100000, 0x000000008b200000|  0%| F|  |TAMS 0x000000008b100000| PB 0x000000008b100000| Untracked 
| 104|0x000000008b200000, 0x000000008b200000, 0x000000008b300000|  0%| F|  |TAMS 0x000000008b200000| PB 0x000000008b200000| Untracked 
| 105|0x000000008b300000, 0x000000008b300000, 0x000000008b400000|  0%| F|  |TAMS 0x000000008b300000| PB 0x000000008b300000| Untracked 
| 106|0x000000008b400000, 0x000000008b400000, 0x000000008b500000|  0%| F|  |TAMS 0x000000008b400000| PB 0x000000008b400000| Untracked 
| 107|0x000000008b500000, 0x000000008b500000, 0x000000008b600000|  0%| F|  |TAMS 0x000000008b500000| PB 0x000000008b500000| Untracked 
| 108|0x000000008b600000, 0x000000008b600000, 0x000000008b700000|  0%| F|  |TAMS 0x000000008b600000| PB 0x000000008b600000| Untracked 
| 109|0x000000008b700000, 0x000000008b700000, 0x000000008b800000|  0%| F|  |TAMS 0x000000008b700000| PB 0x000000008b700000| Untracked 
| 110|0x000000008b800000, 0x000000008b800000, 0x000000008b900000|  0%| F|  |TAMS 0x000000008b800000| PB 0x000000008b800000| Untracked 
| 111|0x000000008b900000, 0x000000008b900000, 0x000000008ba00000|  0%| F|  |TAMS 0x000000008b900000| PB 0x000000008b900000| Untracked 
| 112|0x000000008ba00000, 0x000000008ba00000, 0x000000008bb00000|  0%| F|  |TAMS 0x000000008ba00000| PB 0x000000008ba00000| Untracked 
| 113|0x000000008bb00000, 0x000000008bb00000, 0x000000008bc00000|  0%| F|  |TAMS 0x000000008bb00000| PB 0x000000008bb00000| Untracked 
| 114|0x000000008bc00000, 0x000000008bc00000, 0x000000008bd00000|  0%| F|  |TAMS 0x000000008bc00000| PB 0x000000008bc00000| Untracked 
| 115|0x000000008bd00000, 0x000000008bd00000, 0x000000008be00000|  0%| F|  |TAMS 0x000000008bd00000| PB 0x000000008bd00000| Untracked 
| 116|0x000000008be00000, 0x000000008be00000, 0x000000008bf00000|  0%| F|  |TAMS 0x000000008be00000| PB 0x000000008be00000| Untracked 
| 117|0x000000008bf00000, 0x000000008bf52cc0, 0x000000008c000000| 32%| E|  |TAMS 0x000000008bf00000| PB 0x000000008bf00000| Complete 
| 118|0x000000008c000000, 0x000000008c100000, 0x000000008c100000|100%| E|CS|TAMS 0x000000008c000000| PB 0x000000008c000000| Complete 
| 119|0x000000008c100000, 0x000000008c200000, 0x000000008c200000|100%| E|CS|TAMS 0x000000008c100000| PB 0x000000008c100000| Complete 
| 120|0x000000008c200000, 0x000000008c300000, 0x000000008c300000|100%| E|CS|TAMS 0x000000008c200000| PB 0x000000008c200000| Complete 
| 121|0x000000008c300000, 0x000000008c400000, 0x000000008c400000|100%| E|CS|TAMS 0x000000008c300000| PB 0x000000008c300000| Complete 
| 122|0x000000008c400000, 0x000000008c500000, 0x000000008c500000|100%| E|CS|TAMS 0x000000008c400000| PB 0x000000008c400000| Complete 
| 123|0x000000008c500000, 0x000000008c600000, 0x000000008c600000|100%| E|CS|TAMS 0x000000008c500000| PB 0x000000008c500000| Complete 
| 124|0x000000008c600000, 0x000000008c700000, 0x000000008c700000|100%| E|CS|TAMS 0x000000008c600000| PB 0x000000008c600000| Complete 
| 125|0x000000008c700000, 0x000000008c800000, 0x000000008c800000|100%| E|CS|TAMS 0x000000008c700000| PB 0x000000008c700000| Complete 
| 126|0x000000008c800000, 0x000000008c900000, 0x000000008c900000|100%| E|CS|TAMS 0x000000008c800000| PB 0x000000008c800000| Complete 
| 127|0x000000008c900000, 0x000000008ca00000, 0x000000008ca00000|100%| E|CS|TAMS 0x000000008c900000| PB 0x000000008c900000| Complete 
| 128|0x000000008ca00000, 0x000000008cb00000, 0x000000008cb00000|100%| E|CS|TAMS 0x000000008ca00000| PB 0x000000008ca00000| Complete 
| 129|0x000000008cb00000, 0x000000008cc00000, 0x000000008cc00000|100%| E|  |TAMS 0x000000008cb00000| PB 0x000000008cb00000| Complete 
| 130|0x000000008cc00000, 0x000000008cd00000, 0x000000008cd00000|100%| E|CS|TAMS 0x000000008cc00000| PB 0x000000008cc00000| Complete 
| 131|0x000000008cd00000, 0x000000008ce00000, 0x000000008ce00000|100%| E|CS|TAMS 0x000000008cd00000| PB 0x000000008cd00000| Complete 
| 132|0x000000008ce00000, 0x000000008cf00000, 0x000000008cf00000|100%| E|CS|TAMS 0x000000008ce00000| PB 0x000000008ce00000| Complete 
| 133|0x000000008cf00000, 0x000000008d000000, 0x000000008d000000|100%| E|CS|TAMS 0x000000008cf00000| PB 0x000000008cf00000| Complete 
| 134|0x000000008d000000, 0x000000008d100000, 0x000000008d100000|100%| E|CS|TAMS 0x000000008d000000| PB 0x000000008d000000| Complete 
| 135|0x000000008d100000, 0x000000008d200000, 0x000000008d200000|100%| E|CS|TAMS 0x000000008d100000| PB 0x000000008d100000| Complete 
| 136|0x000000008d200000, 0x000000008d300000, 0x000000008d300000|100%| E|CS|TAMS 0x000000008d200000| PB 0x000000008d200000| Complete 
| 137|0x000000008d300000, 0x000000008d400000, 0x000000008d400000|100%| E|CS|TAMS 0x000000008d300000| PB 0x000000008d300000| Complete 
| 138|0x000000008d400000, 0x000000008d500000, 0x000000008d500000|100%| E|CS|TAMS 0x000000008d400000| PB 0x000000008d400000| Complete 
| 139|0x000000008d500000, 0x000000008d600000, 0x000000008d600000|100%| E|CS|TAMS 0x000000008d500000| PB 0x000000008d500000| Complete 
| 140|0x000000008d600000, 0x000000008d700000, 0x000000008d700000|100%| E|CS|TAMS 0x000000008d600000| PB 0x000000008d600000| Complete 
| 141|0x000000008d700000, 0x000000008d800000, 0x000000008d800000|100%| E|CS|TAMS 0x000000008d700000| PB 0x000000008d700000| Complete 
| 142|0x000000008d800000, 0x000000008d900000, 0x000000008d900000|100%| E|CS|TAMS 0x000000008d800000| PB 0x000000008d800000| Complete 
| 143|0x000000008d900000, 0x000000008da00000, 0x000000008da00000|100%| E|CS|TAMS 0x000000008d900000| PB 0x000000008d900000| Complete 
| 144|0x000000008da00000, 0x000000008db00000, 0x000000008db00000|100%| E|CS|TAMS 0x000000008da00000| PB 0x000000008da00000| Complete 
| 145|0x000000008db00000, 0x000000008dc00000, 0x000000008dc00000|100%| E|CS|TAMS 0x000000008db00000| PB 0x000000008db00000| Complete 
| 146|0x000000008dc00000, 0x000000008dd00000, 0x000000008dd00000|100%| E|CS|TAMS 0x000000008dc00000| PB 0x000000008dc00000| Complete 
| 147|0x000000008dd00000, 0x000000008de00000, 0x000000008de00000|100%| E|CS|TAMS 0x000000008dd00000| PB 0x000000008dd00000| Complete 
| 148|0x000000008de00000, 0x000000008df00000, 0x000000008df00000|100%| E|CS|TAMS 0x000000008de00000| PB 0x000000008de00000| Complete 
| 149|0x000000008df00000, 0x000000008e000000, 0x000000008e000000|100%| E|CS|TAMS 0x000000008df00000| PB 0x000000008df00000| Complete 
| 150|0x000000008e000000, 0x000000008e100000, 0x000000008e100000|100%| E|CS|TAMS 0x000000008e000000| PB 0x000000008e000000| Complete 
| 151|0x000000008e100000, 0x000000008e200000, 0x000000008e200000|100%| E|CS|TAMS 0x000000008e100000| PB 0x000000008e100000| Complete 
| 152|0x000000008e200000, 0x000000008e300000, 0x000000008e300000|100%| E|CS|TAMS 0x000000008e200000| PB 0x000000008e200000| Complete 
| 153|0x000000008e300000, 0x000000008e400000, 0x000000008e400000|100%| E|CS|TAMS 0x000000008e300000| PB 0x000000008e300000| Complete 
| 154|0x000000008e400000, 0x000000008e500000, 0x000000008e500000|100%| E|CS|TAMS 0x000000008e400000| PB 0x000000008e400000| Complete 
| 155|0x000000008e500000, 0x000000008e600000, 0x000000008e600000|100%| E|CS|TAMS 0x000000008e500000| PB 0x000000008e500000| Complete 
| 156|0x000000008e600000, 0x000000008e700000, 0x000000008e700000|100%| E|CS|TAMS 0x000000008e600000| PB 0x000000008e600000| Complete 
| 157|0x000000008e700000, 0x000000008e800000, 0x000000008e800000|100%| E|CS|TAMS 0x000000008e700000| PB 0x000000008e700000| Complete 
| 158|0x000000008e800000, 0x000000008e900000, 0x000000008e900000|100%| E|CS|TAMS 0x000000008e800000| PB 0x000000008e800000| Complete 
| 159|0x000000008e900000, 0x000000008ea00000, 0x000000008ea00000|100%| E|CS|TAMS 0x000000008e900000| PB 0x000000008e900000| Complete 
| 160|0x000000008ea00000, 0x000000008eb00000, 0x000000008eb00000|100%| E|CS|TAMS 0x000000008ea00000| PB 0x000000008ea00000| Complete 
| 161|0x000000008eb00000, 0x000000008ec00000, 0x000000008ec00000|100%| E|CS|TAMS 0x000000008eb00000| PB 0x000000008eb00000| Complete 
| 162|0x000000008ec00000, 0x000000008ed00000, 0x000000008ed00000|100%| E|CS|TAMS 0x000000008ec00000| PB 0x000000008ec00000| Complete 
| 163|0x000000008ed00000, 0x000000008ee00000, 0x000000008ee00000|100%| E|CS|TAMS 0x000000008ed00000| PB 0x000000008ed00000| Complete 
| 265|0x0000000095300000, 0x0000000095400000, 0x0000000095400000|100%| E|CS|TAMS 0x0000000095300000| PB 0x0000000095300000| Complete 
| 266|0x0000000095400000, 0x0000000095500000, 0x0000000095500000|100%| E|CS|TAMS 0x0000000095400000| PB 0x0000000095400000| Complete 
| 267|0x0000000095500000, 0x0000000095600000, 0x0000000095600000|100%| E|CS|TAMS 0x0000000095500000| PB 0x0000000095500000| Complete 
| 268|0x0000000095600000, 0x0000000095700000, 0x0000000095700000|100%| E|CS|TAMS 0x0000000095600000| PB 0x0000000095600000| Complete 
| 269|0x0000000095700000, 0x0000000095800000, 0x0000000095800000|100%| E|CS|TAMS 0x0000000095700000| PB 0x0000000095700000| Complete 
| 270|0x0000000095800000, 0x0000000095900000, 0x0000000095900000|100%| E|CS|TAMS 0x0000000095800000| PB 0x0000000095800000| Complete 
| 271|0x0000000095900000, 0x0000000095a00000, 0x0000000095a00000|100%| E|CS|TAMS 0x0000000095900000| PB 0x0000000095900000| Complete 
| 272|0x0000000095a00000, 0x0000000095b00000, 0x0000000095b00000|100%| E|CS|TAMS 0x0000000095a00000| PB 0x0000000095a00000| Complete 
| 273|0x0000000095b00000, 0x0000000095c00000, 0x0000000095c00000|100%| E|CS|TAMS 0x0000000095b00000| PB 0x0000000095b00000| Complete 
| 274|0x0000000095c00000, 0x0000000095d00000, 0x0000000095d00000|100%| E|CS|TAMS 0x0000000095c00000| PB 0x0000000095c00000| Complete 
| 275|0x0000000095d00000, 0x0000000095e00000, 0x0000000095e00000|100%| E|CS|TAMS 0x0000000095d00000| PB 0x0000000095d00000| Complete 
| 276|0x0000000095e00000, 0x0000000095f00000, 0x0000000095f00000|100%| E|CS|TAMS 0x0000000095e00000| PB 0x0000000095e00000| Complete 
| 277|0x0000000095f00000, 0x0000000096000000, 0x0000000096000000|100%| E|CS|TAMS 0x0000000095f00000| PB 0x0000000095f00000| Complete 

Card table byte_map: [0x0000013aa6ba0000,0x0000013aa6f80000] _byte_map_base: 0x0000013aa677b000

Marking Bits: (CMBitMap*) 0x0000013a8ee1c200
 Bits: [0x0000013aa6f80000, 0x0000013aa8e58000)

Polling page: 0x0000013a8e570000

Metaspace:

Usage:
  Non-class:    104.03 MB used.
      Class:     16.04 MB used.
       Both:    120.08 MB used.

Virtual space:
  Non-class space:      128.00 MB reserved,     104.62 MB ( 82%) committed,  2 nodes.
      Class space:        1.00 GB reserved,      16.62 MB (  2%) committed,  1 nodes.
             Both:        1.12 GB reserved,     121.25 MB ( 11%) committed. 

Chunk freelists:
   Non-Class:  6.62 MB
       Class:  15.30 MB
        Both:  21.92 MB

MaxMetaspaceSize: unlimited
CompressedClassSpaceSize: 1.00 GB
Initial GC threshold: 21.00 MB
Current GC threshold: 186.06 MB
CDS: on
 - commit_granule_bytes: 65536.
 - commit_granule_words: 8192.
 - virtual_space_node_default_size: 8388608.
 - enlarge_chunks_in_place: 1.
 - use_allocation_guard: 0.


Internal statistics:

num_allocs_failed_limit: 6.
num_arena_births: 1960.
num_arena_deaths: 12.
num_vsnodes_births: 3.
num_vsnodes_deaths: 0.
num_space_committed: 1940.
num_space_uncommitted: 0.
num_chunks_returned_to_freelist: 24.
num_chunks_taken_from_freelist: 6282.
num_chunk_merges: 6.
num_chunk_splits: 4437.
num_chunks_enlarged: 3357.
num_inconsistent_stats: 0.

CodeHeap 'non-profiled nmethods': size=120000Kb used=8662Kb max_used=8887Kb free=111337Kb
 bounds [0x0000013a9ef60000, 0x0000013a9f810000, 0x0000013aa6490000]
CodeHeap 'profiled nmethods': size=120000Kb used=17796Kb max_used=17796Kb free=102203Kb
 bounds [0x0000013a97490000, 0x0000013a98600000, 0x0000013a9e9c0000]
CodeHeap 'non-nmethods': size=5760Kb used=2204Kb max_used=2214Kb free=3555Kb
 bounds [0x0000013a9e9c0000, 0x0000013a9ec30000, 0x0000013a9ef60000]
 total_blobs=10664 nmethods=9789 adapters=778
 compilation: enabled
              stopped_count=0, restarted_count=0
 full_count=0

Compilation events (20 events):
Event: 189.297 Thread 0x0000013aab8c42f0 nmethod 12344 0x0000013a985e3110 code [0x0000013a985e3300, 0x0000013a985e3640]
Event: 189.297 Thread 0x0000013aab8c42f0 12346       3       org.postgresql.core.PGStream::sendInteger2 (48 bytes)
Event: 189.298 Thread 0x0000013aab8c42f0 nmethod 12346 0x0000013a985e3790 code [0x0000013a985e39e0, 0x0000013a985e40e0]
Event: 189.298 Thread 0x0000013aab8c42f0 12345       1       org.hibernate.internal.FastSessionServices::getEventManager (5 bytes)
Event: 189.298 Thread 0x0000013aab8c42f0 nmethod 12345 0x0000013a9f35ec10 code [0x0000013a9f35eda0, 0x0000013a9f35ee70]
Event: 189.367 Thread 0x0000013aab8c42f0 12347       3       org.bson.codecs.BsonBooleanCodec::decode (7 bytes)
Event: 189.368 Thread 0x0000013aab8c42f0 nmethod 12347 0x0000013a985e4410 code [0x0000013a985e4640, 0x0000013a985e4f38]
Event: 189.368 Thread 0x0000013aab8c42f0 12348       3       org.bson.codecs.BsonBooleanCodec::decode (12 bytes)
Event: 189.368 Thread 0x0000013aab8c42f0 nmethod 12348 0x0000013a985e5210 code [0x0000013a985e5440, 0x0000013a985e5ca8]
Event: 189.368 Thread 0x0000013aab8c42f0 12349       3       org.bson.AbstractBsonReader::readBoolean (22 bytes)
Event: 189.368 Thread 0x0000013aab8c42f0 nmethod 12349 0x0000013a985e5f10 code [0x0000013a985e6120, 0x0000013a985e6798]
Event: 189.372 Thread 0x0000013aab8c42f0 12353       3       java.lang.invoke.BoundMethodHandle::speciesDataFor (32 bytes)
Event: 189.372 Thread 0x0000013aab8c42f0 nmethod 12353 0x0000013a985e6990 code [0x0000013a985e6b60, 0x0000013a985e6ee8]
Event: 189.374 Thread 0x0000013aab8c42f0 12357       3       java.lang.invoke.DelegatingMethodHandle::internalMemberName (8 bytes)
Event: 189.374 Thread 0x0000013aab8c42f0 nmethod 12357 0x0000013a985e7010 code [0x0000013a985e71e0, 0x0000013a985e7480]
Event: 189.375 Thread 0x0000013aab8c42f0 12359       3       java.util.Calendar::internalGet (7 bytes)
Event: 189.375 Thread 0x0000013aab8c42f0 nmethod 12359 0x0000013a985e7590 code [0x0000013a985e7740, 0x0000013a985e7878]
Event: 189.375 Thread 0x0000013afc6480b0 12332   !   4       jdk.internal.loader.BuiltinClassLoader::findClassOnClassPathOrNull (64 bytes)
Event: 189.377 Thread 0x0000013aab8c42f0 12360       3       java.util.concurrent.ConcurrentLinkedDeque::newNode (18 bytes)
Event: 189.378 Thread 0x0000013aab8c42f0 nmethod 12360 0x0000013a985e7990 code [0x0000013a985e7be0, 0x0000013a985e8480]

GC Heap History (20 events):
Event: 17.239 GC heap before
{Heap before GC invocations=50 (full 0):
 garbage-first heap   total 107520K, used 94206K [0x0000000084a00000, 0x0000000100000000)
  region size 1024K, 44 young (45056K), 6 survivors (6144K)
 Metaspace       used 95386K, committed 96192K, reserved 1179648K
  class space    used 12643K, committed 13056K, reserved 1048576K
}
Event: 17.244 GC heap after
{Heap after GC invocations=51 (full 0):
 garbage-first heap   total 107520K, used 55925K [0x0000000084a00000, 0x0000000100000000)
  region size 1024K, 5 young (5120K), 5 survivors (5120K)
 Metaspace       used 95386K, committed 96192K, reserved 1179648K
  class space    used 12643K, committed 13056K, reserved 1048576K
}
Event: 17.294 GC heap before
{Heap before GC invocations=51 (full 0):
 garbage-first heap   total 107520K, used 94837K [0x0000000084a00000, 0x0000000100000000)
  region size 1024K, 43 young (44032K), 5 survivors (5120K)
 Metaspace       used 95387K, committed 96192K, reserved 1179648K
  class space    used 12643K, committed 13056K, reserved 1048576K
}
Event: 17.296 GC heap after
{Heap after GC invocations=52 (full 0):
 garbage-first heap   total 284672K, used 53470K [0x0000000084a00000, 0x0000000100000000)
  region size 1024K, 1 young (1024K), 1 survivors (1024K)
 Metaspace       used 95387K, committed 96192K, reserved 1179648K
  class space    used 12643K, committed 13056K, reserved 1048576K
}
Event: 17.713 GC heap before
{Heap before GC invocations=53 (full 0):
 garbage-first heap   total 181248K, used 160990K [0x0000000084a00000, 0x0000000100000000)
  region size 1024K, 106 young (108544K), 1 survivors (1024K)
 Metaspace       used 96094K, committed 96896K, reserved 1179648K
  class space    used 12742K, committed 13120K, reserved 1048576K
}
Event: 17.717 GC heap after
{Heap after GC invocations=54 (full 0):
 garbage-first heap   total 181248K, used 55900K [0x0000000084a00000, 0x0000000100000000)
  region size 1024K, 4 young (4096K), 4 survivors (4096K)
 Metaspace       used 96094K, committed 96896K, reserved 1179648K
  class space    used 12742K, committed 13120K, reserved 1048576K
}
Event: 18.600 GC heap before
{Heap before GC invocations=54 (full 0):
 garbage-first heap   total 181248K, used 159324K [0x0000000084a00000, 0x0000000100000000)
  region size 1024K, 106 young (108544K), 4 survivors (4096K)
 Metaspace       used 104387K, committed 105280K, reserved 1179648K
  class space    used 13834K, committed 14208K, reserved 1048576K
}
Event: 18.607 GC heap after
{Heap after GC invocations=55 (full 0):
 garbage-first heap   total 181248K, used 62027K [0x0000000084a00000, 0x0000000100000000)
  region size 1024K, 10 young (10240K), 10 survivors (10240K)
 Metaspace       used 104387K, committed 105280K, reserved 1179648K
  class space    used 13834K, committed 14208K, reserved 1048576K
}
Event: 19.119 GC heap before
{Heap before GC invocations=55 (full 0):
 garbage-first heap   total 181248K, used 160331K [0x0000000084a00000, 0x0000000100000000)
  region size 1024K, 106 young (108544K), 10 survivors (10240K)
 Metaspace       used 106934K, committed 107840K, reserved 1179648K
  class space    used 14189K, committed 14592K, reserved 1048576K
}
Event: 19.126 GC heap after
{Heap after GC invocations=56 (full 0):
 garbage-first heap   total 181248K, used 64289K [0x0000000084a00000, 0x0000000100000000)
  region size 1024K, 9 young (9216K), 9 survivors (9216K)
 Metaspace       used 106934K, committed 107840K, reserved 1179648K
  class space    used 14189K, committed 14592K, reserved 1048576K
}
Event: 19.738 GC heap before
{Heap before GC invocations=57 (full 0):
 garbage-first heap   total 181248K, used 160545K [0x0000000084a00000, 0x0000000100000000)
  region size 1024K, 104 young (106496K), 9 survivors (9216K)
 Metaspace       used 110206K, committed 111104K, reserved 1179648K
  class space    used 14652K, committed 15040K, reserved 1048576K
}
Event: 19.745 GC heap after
{Heap after GC invocations=58 (full 0):
 garbage-first heap   total 181248K, used 68050K [0x0000000084a00000, 0x0000000100000000)
  region size 1024K, 8 young (8192K), 8 survivors (8192K)
 Metaspace       used 110206K, committed 111104K, reserved 1179648K
  class space    used 14652K, committed 15040K, reserved 1048576K
}
Event: 20.292 GC heap before
{Heap before GC invocations=58 (full 0):
 garbage-first heap   total 181248K, used 163282K [0x0000000084a00000, 0x0000000100000000)
  region size 1024K, 100 young (102400K), 8 survivors (8192K)
 Metaspace       used 111640K, committed 112640K, reserved 1179648K
  class space    used 14877K, committed 15360K, reserved 1048576K
}
Event: 20.301 GC heap after
{Heap after GC invocations=59 (full 0):
 garbage-first heap   total 181248K, used 71504K [0x0000000084a00000, 0x0000000100000000)
  region size 1024K, 8 young (8192K), 8 survivors (8192K)
 Metaspace       used 111640K, committed 112640K, reserved 1179648K
  class space    used 14877K, committed 15360K, reserved 1048576K
}
Event: 20.773 GC heap before
{Heap before GC invocations=59 (full 0):
 garbage-first heap   total 181248K, used 161616K [0x0000000084a00000, 0x0000000100000000)
  region size 1024K, 96 young (98304K), 8 survivors (8192K)
 Metaspace       used 112999K, committed 114112K, reserved 1179648K
  class space    used 15072K, committed 15616K, reserved 1048576K
}
Event: 20.780 GC heap after
{Heap after GC invocations=60 (full 0):
 garbage-first heap   total 181248K, used 74287K [0x0000000084a00000, 0x0000000100000000)
  region size 1024K, 7 young (7168K), 7 survivors (7168K)
 Metaspace       used 112999K, committed 114112K, reserved 1179648K
  class space    used 15072K, committed 15616K, reserved 1048576K
}
Event: 21.161 GC heap before
{Heap before GC invocations=61 (full 0):
 garbage-first heap   total 181248K, used 162351K [0x0000000084a00000, 0x0000000100000000)
  region size 1024K, 93 young (95232K), 7 survivors (7168K)
 Metaspace       used 114353K, committed 115456K, reserved 1179648K
  class space    used 15212K, committed 15744K, reserved 1048576K
}
Event: 21.167 GC heap after
{Heap after GC invocations=62 (full 0):
 garbage-first heap   total 181248K, used 76896K [0x0000000084a00000, 0x0000000100000000)
  region size 1024K, 9 young (9216K), 9 survivors (9216K)
 Metaspace       used 114353K, committed 115456K, reserved 1179648K
  class space    used 15212K, committed 15744K, reserved 1048576K
}
Event: 21.493 GC heap before
{Heap before GC invocations=62 (full 0):
 garbage-first heap   total 181248K, used 160864K [0x0000000084a00000, 0x0000000100000000)
  region size 1024K, 91 young (93184K), 9 survivors (9216K)
 Metaspace       used 115286K, committed 116416K, reserved 1179648K
  class space    used 15347K, committed 15872K, reserved 1048576K
}
Event: 21.501 GC heap after
{Heap after GC invocations=63 (full 0):
 garbage-first heap   total 181248K, used 78852K [0x0000000084a00000, 0x0000000100000000)
  region size 1024K, 9 young (9216K), 9 survivors (9216K)
 Metaspace       used 115286K, committed 116416K, reserved 1179648K
  class space    used 15347K, committed 15872K, reserved 1048576K
}

Dll operation events (13 events):
Event: 0.016 Loaded shared library D:\jdks\bin\java.dll
Event: 0.016 Loaded shared library D:\jdks\bin\zip.dll
Event: 0.061 Loaded shared library D:\jdks\bin\jsvml.dll
Event: 1.000 Loaded shared library D:\jdks\bin\instrument.dll
Event: 1.107 Loaded shared library D:\jdks\bin\net.dll
Event: 1.109 Loaded shared library D:\jdks\bin\nio.dll
Event: 1.124 Loaded shared library D:\jdks\bin\zip.dll
Event: 1.465 Loaded shared library D:\jdks\bin\jimage.dll
Event: 2.211 Loaded shared library D:\jdks\bin\management.dll
Event: 2.216 Loaded shared library D:\jdks\bin\management_ext.dll
Event: 4.182 Loaded shared library D:\jdks\bin\sunmscapi.dll
Event: 9.647 Loaded shared library D:\jdks\bin\verify.dll
Event: 9.941 Loaded shared library D:\jdks\bin\extnet.dll

Deoptimization events (20 events):
Event: 189.360 Thread 0x0000013a846c8c60 DEOPT PACKING pc=0x0000013a977f0ce4 sp=0x0000002128ff7720
Event: 189.360 Thread 0x0000013a846c8c60 DEOPT UNPACKING pc=0x0000013a9ea188e2 sp=0x0000002128ff6c10 mode 1
Event: 189.361 Thread 0x0000013a846c8c60 DEOPT PACKING pc=0x0000013a9f327f74 sp=0x0000002128ff6c80
Event: 189.361 Thread 0x0000013a846c8c60 DEOPT UNPACKING pc=0x0000013a9ea188e2 sp=0x0000002128ff6108 mode 1
Event: 189.361 Thread 0x0000013a846c8c60 DEOPT PACKING pc=0x0000013a9f1061d0 sp=0x0000002128ff76e0
Event: 189.361 Thread 0x0000013a846c8c60 DEOPT UNPACKING pc=0x0000013a9ea188e2 sp=0x0000002128ff6ad8 mode 1
Event: 189.361 Thread 0x0000013a846c8c60 DEOPT PACKING pc=0x0000013a977f0ce4 sp=0x0000002128ff7720
Event: 189.361 Thread 0x0000013a846c8c60 DEOPT UNPACKING pc=0x0000013a9ea188e2 sp=0x0000002128ff6c10 mode 1
Event: 189.367 Thread 0x0000013a846c4430 DEOPT PACKING pc=0x0000013a9f327f74 sp=0x0000002128ef7cd0
Event: 189.367 Thread 0x0000013a846c4430 DEOPT UNPACKING pc=0x0000013a9ea188e2 sp=0x0000002128ef7158 mode 1
Event: 189.367 Thread 0x0000013a846c4430 DEOPT PACKING pc=0x0000013a9f1061d0 sp=0x0000002128ef8730
Event: 189.367 Thread 0x0000013a846c4430 DEOPT UNPACKING pc=0x0000013a9ea188e2 sp=0x0000002128ef7b28 mode 1
Event: 189.367 Thread 0x0000013a846c4430 DEOPT PACKING pc=0x0000013a977f0ce4 sp=0x0000002128ef8770
Event: 189.367 Thread 0x0000013a846c4430 DEOPT UNPACKING pc=0x0000013a9ea188e2 sp=0x0000002128ef7c60 mode 1
Event: 189.367 Thread 0x0000013a846c4430 DEOPT PACKING pc=0x0000013a9f327f74 sp=0x0000002128ef7cd0
Event: 189.367 Thread 0x0000013a846c4430 DEOPT UNPACKING pc=0x0000013a9ea188e2 sp=0x0000002128ef7158 mode 1
Event: 189.367 Thread 0x0000013a846c4430 DEOPT PACKING pc=0x0000013a9f1061d0 sp=0x0000002128ef8730
Event: 189.367 Thread 0x0000013a846c4430 DEOPT UNPACKING pc=0x0000013a9ea188e2 sp=0x0000002128ef7b28 mode 1
Event: 189.367 Thread 0x0000013a846c4430 DEOPT PACKING pc=0x0000013a977f0ce4 sp=0x0000002128ef8770
Event: 189.367 Thread 0x0000013a846c4430 DEOPT UNPACKING pc=0x0000013a9ea188e2 sp=0x0000002128ef7c60 mode 1

Classes loaded (20 events):
Event: 189.383 Loading class org/springframework/core/convert/converter/Converter
Event: 189.383 Loading class org/springframework/core/convert/converter/Converter done
Event: 189.384 Loading class org/springframework/core/convert/converter/Converter
Event: 189.384 Loading class org/springframework/core/convert/converter/Converter done
Event: 189.385 Loading class org/springframework/data/repository/core/support/RepositoryMethodInvoker$RepositoryMethodInvocationCaptor$1
Event: 189.385 Loading class org/springframework/data/repository/core/support/RepositoryMethodInvoker$RepositoryMethodInvocationCaptor$1 done
Event: 189.386 Loading class org/springframework/boot/actuate/metrics/annotation/TimedAnnotations
Event: 189.386 Loading class org/springframework/boot/actuate/metrics/annotation/TimedAnnotations done
Event: 189.388 Loading class org/springframework/boot/actuate/metrics/data/DefaultRepositoryTagsProvider
Event: 189.388 Loading class org/springframework/boot/actuate/metrics/data/DefaultRepositoryTagsProvider done
Event: 189.388 Loading class org/springframework/boot/actuate/metrics/data/DefaultRepositoryTagsProvider
Event: 189.388 Loading class org/springframework/boot/actuate/metrics/data/DefaultRepositoryTagsProvider done
Event: 189.391 Loading class org/springframework/data/repository/core/support/RepositoryMethodInvocationListener$RepositoryMethodInvocationResult$State
Event: 189.391 Loading class org/springframework/data/repository/core/support/RepositoryMethodInvocationListener$RepositoryMethodInvocationResult$State done
Event: 189.391 Loading class org/springframework/data/repository/core/support/RepositoryMethodInvocationListener$RepositoryMethodInvocationResult$State
Event: 189.391 Loading class org/springframework/data/repository/core/support/RepositoryMethodInvocationListener$RepositoryMethodInvocationResult$State done
Event: 189.391 Loading class org/springframework/boot/actuate/metrics/data/DefaultRepositoryTagsProvider
Event: 189.391 Loading class org/springframework/boot/actuate/metrics/data/DefaultRepositoryTagsProvider done
Event: 189.391 Loading class org/springframework/boot/actuate/metrics/data/DefaultRepositoryTagsProvider
Event: 189.391 Loading class org/springframework/boot/actuate/metrics/data/DefaultRepositoryTagsProvider done

Classes unloaded (6 events):
Event: 17.332 Thread 0x0000013aab89e8f0 Unloading class 0x0000013aadcb0000 'jdk/internal/reflect/GeneratedSerializationConstructorAccessor4'
Event: 17.332 Thread 0x0000013aab89e8f0 Unloading class 0x0000013aadca2800 'jdk/internal/reflect/GeneratedSerializationConstructorAccessor3'
Event: 17.332 Thread 0x0000013aab89e8f0 Unloading class 0x0000013aadc90400 'jdk/internal/reflect/GeneratedSerializationConstructorAccessor2'
Event: 17.332 Thread 0x0000013aab89e8f0 Unloading class 0x0000013aadc90000 'jdk/internal/reflect/GeneratedSerializationConstructorAccessor1'
Event: 20.838 Thread 0x0000013aab89e8f0 Unloading class 0x0000013aadcd4000 'jdk/internal/reflect/GeneratedSerializationConstructorAccessor6'
Event: 20.838 Thread 0x0000013aab89e8f0 Unloading class 0x0000013aadcb0400 'jdk/internal/reflect/GeneratedSerializationConstructorAccessor5'

Classes redefined (1 events):
Event: 1.052 Thread 0x0000013aab89e8f0 redefined class name=java.lang.Throwable, count=1

Internal exceptions (20 events):
Event: 189.133 Thread 0x0000013a846c4430 Implicit null exception at 0x0000013a9f49f6c1 to 0x0000013a9f49f83c
Event: 189.138 Thread 0x0000013a846c6500 Exception <a 'java/io/IOException'{0x000000008cf48148}> (0x000000008cf48148) 
thrown [s\src\hotspot\share\prims\jni.cpp, line 520]
Event: 189.138 Thread 0x0000013a846c85d0 Exception <a 'java/io/IOException'{0x000000008c8c3af0}> (0x000000008c8c3af0) 
thrown [s\src\hotspot\share\prims\jni.cpp, line 520]
Event: 189.144 Thread 0x0000013a846cf560 Exception <a 'java/lang/NoSuchMethodError'{0x000000008c708148}: 'java.lang.Object java.lang.invoke.Invokers$Holder.linkToTargetMethod(int, int, int, java.lang.Object)'> (0x000000008c708148) 
thrown [s\src\hotspot\share\interpreter\linkResolver.cpp, line 773]
Event: 189.180 Thread 0x0000013a846c8c60 Exception <a 'java/lang/NoSuchMethodError'{0x000000008c45ae78}: 'void java.lang.invoke.DirectMethodHandle$Holder.invokeSpecialIFC(java.lang.Object, java.lang.Object, int, java.lang.Object, java.lang.Object, java.lang.Object, java.lang.Object)'> (0x000000008c45ae78) 
thrown [s\src\hotspot\share\interpreter\linkResolver.cpp, line 773]
Event: 189.180 Thread 0x0000013a846c4430 Exception <a 'java/lang/NoSuchMethodError'{0x000000008c4329d0}: 'void java.lang.invoke.DirectMethodHandle$Holder.invokeSpecialIFC(java.lang.Object, java.lang.Object, int, java.lang.Object, java.lang.Object, java.lang.Object, java.lang.Object)'> (0x000000008c4329d0) 
thrown [s\src\hotspot\share\interpreter\linkResolver.cpp, line 773]
Event: 189.371 Thread 0x0000013a846c4430 Exception <a 'java/lang/NoSuchMethodError'{0x000000008c1c14c8}: 'java.lang.Object java.lang.invoke.DirectMethodHandle$Holder.newInvokeSpecial(java.lang.Object, long, java.lang.Object, java.lang.Object)'> (0x000000008c1c14c8) 
thrown [s\src\hotspot\share\interpreter\linkResolver.cpp, line 773]
Event: 189.371 Thread 0x0000013a846c8c60 Exception <a 'java/lang/NoSuchMethodError'{0x000000008c185580}: 'java.lang.Object java.lang.invoke.DirectMethodHandle$Holder.newInvokeSpecial(java.lang.Object, long, java.lang.Object, java.lang.Object)'> (0x000000008c185580) 
thrown [s\src\hotspot\share\interpreter\linkResolver.cpp, line 773]
Event: 189.372 Thread 0x0000013a846c4430 Exception <a 'java/lang/NoSuchMethodError'{0x000000008c1c60c8}: 'java.lang.Object java.lang.invoke.DirectMethodHandle$Holder.invokeSpecial(java.lang.Object, java.lang.Object, long, java.lang.Object, java.lang.Object)'> (0x000000008c1c60c8) 
thrown [s\src\hotspot\share\interpreter\linkResolver.cpp, line 773]
Event: 189.372 Thread 0x0000013a846c8c60 Exception <a 'java/lang/NoSuchMethodError'{0x000000008c189fd0}: 'java.lang.Object java.lang.invoke.DirectMethodHandle$Holder.invokeSpecial(java.lang.Object, java.lang.Object, long, java.lang.Object, java.lang.Object)'> (0x000000008c189fd0) 
thrown [s\src\hotspot\share\interpreter\linkResolver.cpp, line 773]
Event: 189.372 Thread 0x0000013a846c4430 Exception <a 'java/lang/NoSuchMethodError'{0x000000008c1ca698}: 'java.lang.Object java.lang.invoke.DelegatingMethodHandle$Holder.reinvoke_L(java.lang.Object, long, java.lang.Object, java.lang.Object)'> (0x000000008c1ca698) 
thrown [s\src\hotspot\share\interpreter\linkResolver.cpp, line 773]
Event: 189.372 Thread 0x0000013a846c8c60 Exception <a 'java/lang/NoSuchMethodError'{0x000000008c18e258}: 'java.lang.Object java.lang.invoke.DelegatingMethodHandle$Holder.reinvoke_L(java.lang.Object, long, java.lang.Object, java.lang.Object)'> (0x000000008c18e258) 
thrown [s\src\hotspot\share\interpreter\linkResolver.cpp, line 773]
Event: 189.373 Thread 0x0000013a846c8c60 Exception <a 'java/lang/NoSuchMethodError'{0x000000008c19d8e8}: 'java.lang.Object java.lang.invoke.DirectMethodHandle$Holder.newInvokeSpecial(java.lang.Object, long, java.lang.Object, java.lang.Object, java.lang.Object)'> (0x000000008c19d8e8) 
thrown [s\src\hotspot\share\interpreter\linkResolver.cpp, line 773]
Event: 189.373 Thread 0x0000013a846c4430 Exception <a 'java/lang/NoSuchMethodError'{0x000000008c1d95c8}: 'java.lang.Object java.lang.invoke.DirectMethodHandle$Holder.newInvokeSpecial(java.lang.Object, long, java.lang.Object, java.lang.Object, java.lang.Object)'> (0x000000008c1d95c8) 
thrown [s\src\hotspot\share\interpreter\linkResolver.cpp, line 773]
Event: 189.373 Thread 0x0000013a846c8c60 Exception <a 'java/lang/NoSuchMethodError'{0x000000008c1a23f8}: 'java.lang.Object java.lang.invoke.DirectMethodHandle$Holder.invokeSpecial(java.lang.Object, java.lang.Object, long, java.lang.Object, java.lang.Object, java.lang.Object)'> (0x000000008c1a23f8) 
thrown [s\src\hotspot\share\interpreter\linkResolver.cpp, line 773]
Event: 189.373 Thread 0x0000013a846c4430 Exception <a 'java/lang/NoSuchMethodError'{0x000000008c1ddc30}: 'java.lang.Object java.lang.invoke.DirectMethodHandle$Holder.invokeSpecial(java.lang.Object, java.lang.Object, long, java.lang.Object, java.lang.Object, java.lang.Object)'> (0x000000008c1ddc30) 
thrown [s\src\hotspot\share\interpreter\linkResolver.cpp, line 773]
Event: 189.373 Thread 0x0000013a846c8c60 Exception <a 'java/lang/NoSuchMethodError'{0x000000008c00e220}: 'java.lang.Object java.lang.invoke.DelegatingMethodHandle$Holder.reinvoke_L(java.lang.Object, long, java.lang.Object, java.lang.Object, java.lang.Object)'> (0x000000008c00e220) 
thrown [s\src\hotspot\share\interpreter\linkResolver.cpp, line 773]
Event: 189.373 Thread 0x0000013a846c4430 Exception <a 'java/lang/NoSuchMethodError'{0x000000008c1e22a8}: 'java.lang.Object java.lang.invoke.DelegatingMethodHandle$Holder.reinvoke_L(java.lang.Object, long, java.lang.Object, java.lang.Object, java.lang.Object)'> (0x000000008c1e22a8) 
thrown [s\src\hotspot\share\interpreter\linkResolver.cpp, line 773]
Event: 189.375 Thread 0x0000013a846c8c60 Exception <a 'java/lang/IncompatibleClassChangeError'{0x000000008c0247a8}: Found class java.lang.Object, but interface was expected> (0x000000008c0247a8) 
thrown [s\src\hotspot\share\interpreter\linkResolver.cpp, line 840]
Event: 189.375 Thread 0x0000013a846c4430 Exception <a 'java/lang/IncompatibleClassChangeError'{0x000000008c060e68}: Found class java.lang.Object, but interface was expected> (0x000000008c060e68) 
thrown [s\src\hotspot\share\interpreter\linkResolver.cpp, line 840]

ZGC Phase Switch (0 events):
No events

VM Operations (20 events):
Event: 81.447 Executing VM operation: get/set locals
Event: 81.447 Executing VM operation: get/set locals done
Event: 81.447 Executing VM operation: get/set locals
Event: 81.447 Executing VM operation: get/set locals done
Event: 81.449 Executing VM operation: get/set locals
Event: 81.449 Executing VM operation: get/set locals done
Event: 120.461 Executing VM operation: HandshakeAllThreads (HandshakeForDeflation)
Event: 120.461 Executing VM operation: HandshakeAllThreads (HandshakeForDeflation) done
Event: 120.461 Executing VM operation: RendezvousGCThreads
Event: 120.461 Executing VM operation: RendezvousGCThreads done
Event: 189.116 Executing VM operation: ChangeBreakpoints
Event: 189.117 Executing VM operation: ChangeBreakpoints done
Event: 189.118 Executing VM operation: ChangeBreakpoints
Event: 189.118 Executing VM operation: ChangeBreakpoints done
Event: 189.118 Executing VM operation: ChangeBreakpoints
Event: 189.119 Executing VM operation: ChangeBreakpoints done
Event: 189.119 Executing VM operation: ChangeBreakpoints
Event: 189.120 Executing VM operation: ChangeBreakpoints done
Event: 189.120 Executing VM operation: ChangeBreakpoints
Event: 189.121 Executing VM operation: ChangeBreakpoints done

Memory protections (0 events):
No events

Nmethod flushes (20 events):
Event: 20.848 Thread 0x0000013aab89e8f0 flushing  nmethod 0x0000013a97dc2910
Event: 20.849 Thread 0x0000013aab89e8f0 flushing  nmethod 0x0000013a97dc6490
Event: 20.849 Thread 0x0000013aab89e8f0 flushing  nmethod 0x0000013a97e63810
Event: 20.849 Thread 0x0000013aab89e8f0 flushing  nmethod 0x0000013a97e8e610
Event: 20.849 Thread 0x0000013aab89e8f0 flushing  nmethod 0x0000013a97e8f890
Event: 20.849 Thread 0x0000013aab89e8f0 flushing  nmethod 0x0000013a97e91e90
Event: 20.849 Thread 0x0000013aab89e8f0 flushing  nmethod 0x0000013a97e93a10
Event: 20.849 Thread 0x0000013aab89e8f0 flushing  nmethod 0x0000013a97e94490
Event: 20.849 Thread 0x0000013aab89e8f0 flushing  nmethod 0x0000013a97ee3710
Event: 20.849 Thread 0x0000013aab89e8f0 flushing  nmethod 0x0000013a97ee5e90
Event: 20.849 Thread 0x0000013aab89e8f0 flushing  nmethod 0x0000013a97ee6990
Event: 20.849 Thread 0x0000013aab89e8f0 flushing  nmethod 0x0000013a97eeb090
Event: 20.849 Thread 0x0000013aab89e8f0 flushing  nmethod 0x0000013a97f4ea10
Event: 20.849 Thread 0x0000013aab89e8f0 flushing  nmethod 0x0000013a97f52290
Event: 20.849 Thread 0x0000013aab89e8f0 flushing  nmethod 0x0000013a97f52790
Event: 20.849 Thread 0x0000013aab89e8f0 flushing  nmethod 0x0000013a97f83490
Event: 20.849 Thread 0x0000013aab89e8f0 flushing  nmethod 0x0000013a97f85890
Event: 20.849 Thread 0x0000013aab89e8f0 flushing  nmethod 0x0000013a980fce90
Event: 20.849 Thread 0x0000013aab89e8f0 flushing  nmethod 0x0000013a98112690
Event: 20.849 Thread 0x0000013aab89e8f0 flushing  nmethod 0x0000013a981ba610

Events (20 events):
Event: 189.149 Thread 0x0000013a846c85d0 Thread added: 0x0000013a8420f260
Event: 189.149 Thread 0x0000013a846c85d0 Thread added: 0x0000013a84210ca0
Event: 189.150 Thread 0x0000013a8420f260 Thread added: 0x0000013a8420f8f0
Event: 189.153 Thread 0x0000013aabb155d0 Thread exited: 0x0000013aabb155d0
Event: 189.204 Thread 0x0000013aab8bd8c0 Thread added: 0x0000013a8420ff80
Event: 189.206 Thread 0x0000013a8420ff80 Thread added: 0x0000013a84210610
Event: 189.206 Thread 0x0000013a8420ff80 Thread added: 0x0000013a84211330
Event: 189.208 Thread 0x0000013a84210610 Thread exited: 0x0000013a84210610
Event: 189.210 Thread 0x0000013a846cf560 Thread exited: 0x0000013a846cf560
Event: 189.210 Thread 0x0000013a846cdb20 Thread exited: 0x0000013a846cdb20
Event: 189.210 Thread 0x0000013a846ca010 Thread exited: 0x0000013a846ca010
Event: 189.210 Thread 0x0000013a846d0910 Thread exited: 0x0000013a846d0910
Event: 189.210 Thread 0x0000013a8420b750 Thread exited: 0x0000013a8420b750
Event: 189.210 Thread 0x0000013a8420b0c0 Thread exited: 0x0000013a8420b0c0
Event: 189.210 Thread 0x0000013a846d1630 Thread exited: 0x0000013a846d1630
Event: 189.210 Thread 0x0000013a84204130 Thread exited: 0x0000013a84204130
Event: 189.246 Thread 0x0000013a84211330 Thread added: 0x0000013a8420b0c0
Event: 189.255 Thread 0x0000013a846c8c60 Thread added: 0x0000013a84204130
Event: 189.258 Thread 0x0000013a846c4ac0 Thread exited: 0x0000013a846c4ac0
Event: 189.375 Thread 0x0000013aab8c42f0 Thread added: 0x0000013afc6480b0


Dynamic libraries:
0x00007ff64aa60000 - 0x00007ff64aa6e000 	D:\jdks\bin\java.exe
0x00007ffaae070000 - 0x00007ffaae287000 	C:\WINDOWS\SYSTEM32\ntdll.dll
0x00007ffaacc30000 - 0x00007ffaaccf4000 	C:\WINDOWS\System32\KERNEL32.DLL
0x00007ffaab9d0000 - 0x00007ffaabd89000 	C:\WINDOWS\System32\KERNELBASE.dll
0x00007ffaab580000 - 0x00007ffaab691000 	C:\WINDOWS\System32\ucrtbase.dll
0x00007ffaa6410000 - 0x00007ffaa6428000 	D:\jdks\bin\jli.dll
0x00007ffaa3960000 - 0x00007ffaa397e000 	D:\jdks\bin\VCRUNTIME140.dll
0x00007ffaadc20000 - 0x00007ffaaddce000 	C:\WINDOWS\System32\USER32.dll
0x00007ffaab740000 - 0x00007ffaab766000 	C:\WINDOWS\System32\win32u.dll
0x00007ffaacc00000 - 0x00007ffaacc29000 	C:\WINDOWS\System32\GDI32.dll
0x00007ffaab370000 - 0x00007ffaab48b000 	C:\WINDOWS\System32\gdi32full.dll
0x00007ffa9d490000 - 0x00007ffa9d722000 	C:\WINDOWS\WinSxS\amd64_microsoft.windows.common-controls_6595b64144ccf1df_6.0.22621.4391_none_2715d37f73803e96\COMCTL32.dll
0x00007ffaab6a0000 - 0x00007ffaab73a000 	C:\WINDOWS\System32\msvcp_win.dll
0x00007ffaac6e0000 - 0x00007ffaac787000 	C:\WINDOWS\System32\msvcrt.dll
0x00007ffaacd00000 - 0x00007ffaacd31000 	C:\WINDOWS\System32\IMM32.DLL
0x00007ffaa3950000 - 0x00007ffaa395c000 	D:\jdks\bin\vcruntime140_1.dll
0x00007ffa9ace0000 - 0x00007ffa9ad6d000 	D:\jdks\bin\msvcp140.dll
0x00007ffa63350000 - 0x00007ffa640e0000 	D:\jdks\bin\server\jvm.dll
0x00007ffaacb30000 - 0x00007ffaacbe2000 	C:\WINDOWS\System32\ADVAPI32.dll
0x00007ffaac150000 - 0x00007ffaac1f7000 	C:\WINDOWS\System32\sechost.dll
0x00007ffaab9a0000 - 0x00007ffaab9c8000 	C:\WINDOWS\System32\bcrypt.dll
0x00007ffaade30000 - 0x00007ffaadf44000 	C:\WINDOWS\System32\RPCRT4.dll
0x00007ffaac9a0000 - 0x00007ffaaca11000 	C:\WINDOWS\System32\WS2_32.dll
0x00007ffaaabd0000 - 0x00007ffaaac1d000 	C:\WINDOWS\SYSTEM32\POWRPROF.dll
0x00007ffa9e600000 - 0x00007ffa9e634000 	C:\WINDOWS\SYSTEM32\WINMM.dll
0x00007ffa9db50000 - 0x00007ffa9db5a000 	C:\WINDOWS\SYSTEM32\VERSION.dll
0x00007ffaaabb0000 - 0x00007ffaaabc3000 	C:\WINDOWS\SYSTEM32\UMPDC.dll
0x00007ffaaa370000 - 0x00007ffaaa388000 	C:\WINDOWS\SYSTEM32\kernel.appcore.dll
0x00007ffaa38a0000 - 0x00007ffaa38aa000 	D:\jdks\bin\jimage.dll
0x00007ffaa8ce0000 - 0x00007ffaa8f12000 	C:\WINDOWS\SYSTEM32\DBGHELP.DLL
0x00007ffaad800000 - 0x00007ffaadb8f000 	C:\WINDOWS\System32\combase.dll
0x00007ffaadf50000 - 0x00007ffaae027000 	C:\WINDOWS\System32\OLEAUT32.dll
0x00007ffa9d010000 - 0x00007ffa9d042000 	C:\WINDOWS\SYSTEM32\dbgcore.DLL
0x00007ffaab490000 - 0x00007ffaab50b000 	C:\WINDOWS\System32\bcryptPrimitives.dll
0x00007ffa9bad0000 - 0x00007ffa9bb0c000 	D:\jdks\bin\jdwp.dll
0x00007ffaa0c10000 - 0x00007ffaa0c1f000 	D:\jdks\bin\instrument.dll
0x00007ffa9e5e0000 - 0x00007ffa9e5ff000 	D:\jdks\bin\java.dll
0x00007ffa9be80000 - 0x00007ffa9be98000 	D:\jdks\bin\zip.dll
0x00007ffaacd40000 - 0x00007ffaad5b6000 	C:\WINDOWS\System32\SHELL32.dll
0x00007ffaa9260000 - 0x00007ffaa9b63000 	C:\WINDOWS\SYSTEM32\windows.storage.dll
0x00007ffaa9120000 - 0x00007ffaa925f000 	C:\WINDOWS\SYSTEM32\wintypes.dll
0x00007ffaaca20000 - 0x00007ffaacb19000 	C:\WINDOWS\System32\SHCORE.dll
0x00007ffaac940000 - 0x00007ffaac99e000 	C:\WINDOWS\System32\shlwapi.dll
0x00007ffaab2a0000 - 0x00007ffaab2cb000 	C:\WINDOWS\SYSTEM32\profapi.dll
0x00007ffa9ac00000 - 0x00007ffa9acd7000 	D:\jdks\bin\jsvml.dll
0x00007ffa9bc30000 - 0x00007ffa9bc3b000 	D:\jdks\bin\dt_socket.dll
0x00007ffaa9dc0000 - 0x00007ffaa9ded000 	C:\WINDOWS\SYSTEM32\IPHLPAPI.DLL
0x00007ffaaa7e0000 - 0x00007ffaaa849000 	C:\WINDOWS\system32\mswsock.dll
0x00007ffa9e470000 - 0x00007ffa9e480000 	D:\jdks\bin\net.dll
0x00007ffaa2110000 - 0x00007ffaa2246000 	C:\WINDOWS\SYSTEM32\WINHTTP.dll
0x00007ffa9b8a0000 - 0x00007ffa9b8b6000 	D:\jdks\bin\nio.dll
0x00007ffa9b880000 - 0x00007ffa9b88a000 	D:\jdks\bin\management.dll
0x00007ffa9b840000 - 0x00007ffa9b84b000 	D:\jdks\bin\management_ext.dll
0x00007ffaac140000 - 0x00007ffaac148000 	C:\WINDOWS\System32\PSAPI.DLL
0x00007ffa9bb20000 - 0x00007ffa9bb2e000 	D:\jdks\bin\sunmscapi.dll
0x00007ffaab770000 - 0x00007ffaab8d6000 	C:\WINDOWS\System32\CRYPT32.dll
0x00007ffaaad30000 - 0x00007ffaaad5d000 	C:\WINDOWS\SYSTEM32\ncrypt.dll
0x00007ffaaacf0000 - 0x00007ffaaad27000 	C:\WINDOWS\SYSTEM32\NTASN1.dll
0x00007ffaaaaf0000 - 0x00007ffaaab0b000 	C:\WINDOWS\SYSTEM32\CRYPTSP.dll
0x00007ffaaa2d0000 - 0x00007ffaaa305000 	C:\WINDOWS\system32\rsaenh.dll
0x00007ffaaa880000 - 0x00007ffaaa8a8000 	C:\WINDOWS\SYSTEM32\USERENV.dll
0x00007ffaaa9e0000 - 0x00007ffaaa9ec000 	C:\WINDOWS\SYSTEM32\CRYPTBASE.dll
0x00007ffaacb20000 - 0x00007ffaacb29000 	C:\WINDOWS\System32\NSI.dll
0x00007ffa9aa00000 - 0x00007ffa9aa10000 	D:\jdks\bin\verify.dll
0x00007ffaa9df0000 - 0x00007ffaa9ef2000 	C:\WINDOWS\SYSTEM32\DNSAPI.dll
0x00007ffa9e0a0000 - 0x00007ffa9e0aa000 	C:\Windows\System32\rasadhlp.dll
0x00007ffa9e010000 - 0x00007ffa9e093000 	C:\WINDOWS\System32\fwpuclnt.dll
0x00007ffa9b890000 - 0x00007ffa9b899000 	D:\jdks\bin\extnet.dll
0x00007ffaa0fd0000 - 0x00007ffaa0fe9000 	C:\WINDOWS\SYSTEM32\dhcpcsvc6.DLL
0x00007ffaa0fb0000 - 0x00007ffaa0fcf000 	C:\WINDOWS\SYSTEM32\dhcpcsvc.DLL
0x00007ffaa6430000 - 0x00007ffaa6438000 	C:\WINDOWS\system32\wshunix.dll

dbghelp: loaded successfully - version: 4.0.5 - missing functions: none
symbol engine: initialized successfully - sym options: 0x614 - pdb path: .;D:\jdks\bin;C:\WINDOWS\SYSTEM32;C:\WINDOWS\WinSxS\amd64_microsoft.windows.common-controls_6595b64144ccf1df_6.0.22621.4391_none_2715d37f73803e96;D:\jdks\bin\server

VM Arguments:
jvm_args: -agentlib:jdwp=transport=dt_socket,address=127.0.0.1:58028,suspend=y,server=n -javaagent:C:\Users\ASUS\AppData\Local\JetBrains\IdeaIC2024.3\captureAgent\debugger-agent.jar -Dkotlinx.coroutines.debug.enable.creation.stack.trace=false -Ddebugger.agent.enable.coroutines=true -Dkotlinx.coroutines.debug.enable.flows.stack.trace=true -Dkotlinx.coroutines.debug.enable.mutable.state.flows.stack.trace=true -Dfile.encoding=UTF-8 -Dsun.stdout.encoding=UTF-8 -Dsun.stderr.encoding=UTF-8 
java_command: com.example.Job.JobApplication
java_class_path (initial): D:\TopCV\topcv-backend\target\classes;C:\Users\ASUS\.m2\repository\org\springframework\boot\spring-boot-starter-data-jpa\3.4.3\spring-boot-starter-data-jpa-3.4.3.jar;C:\Users\ASUS\.m2\repository\org\springframework\boot\spring-boot-starter\3.4.3\spring-boot-starter-3.4.3.jar;C:\Users\ASUS\.m2\repository\org\springframework\boot\spring-boot-starter-logging\3.4.3\spring-boot-starter-logging-3.4.3.jar;C:\Users\ASUS\.m2\repository\ch\qos\logback\logback-classic\1.5.16\logback-classic-1.5.16.jar;C:\Users\ASUS\.m2\repository\ch\qos\logback\logback-core\1.5.16\logback-core-1.5.16.jar;C:\Users\ASUS\.m2\repository\org\apache\logging\log4j\log4j-to-slf4j\2.24.3\log4j-to-slf4j-2.24.3.jar;C:\Users\ASUS\.m2\repository\org\apache\logging\log4j\log4j-api\2.24.3\log4j-api-2.24.3.jar;C:\Users\ASUS\.m2\repository\org\slf4j\jul-to-slf4j\2.0.16\jul-to-slf4j-2.0.16.jar;C:\Users\ASUS\.m2\repository\jakarta\annotation\jakarta.annotation-api\2.1.1\jakarta.annotation-api-2.1.1.jar;C:\Users\ASUS\.m2\repository\org\yaml\snakeyaml\2.3\snakeyaml-2.3.jar;C:\Users\ASUS\.m2\repository\org\springframework\boot\spring-boot-starter-jdbc\3.4.3\spring-boot-starter-jdbc-3.4.3.jar;C:\Users\ASUS\.m2\repository\com\zaxxer\HikariCP\5.1.0\HikariCP-5.1.0.jar;C:\Users\ASUS\.m2\repository\org\springframework\spring-jdbc\6.2.3\spring-jdbc-6.2.3.jar;C:\Users\ASUS\.m2\repository\org\hibernate\orm\hibernate-core\6.6.8.Final\hibernate-core-6.6.8.Final.jar;C:\Users\ASUS\.m2\repository\jakarta\persistence\jakarta.persistence-api\3.1.0\jakarta.persistence-api-3.1.0.jar;C:\Users\ASUS\.m2\repository\jakarta\transaction\jakarta.transaction-api\2.0.1\jakarta.transaction-api-2.0.1.jar;C:\Users\ASUS\.m2\repository\org\jboss\logging\jboss-logging\3.6.1.Final\jboss-logging-3.6.1.Final.jar;C:\Users\ASUS\.m2\repository\org\hibernate\common\hibernate-commons-annotations\7.0.3.Final\hibernate-commons-annotations-7.0.3.Final.jar;C:\Users\ASUS\.m2\repository\io\smallrye\jandex\3.2.0\jandex-3.2.0.jar;C:\Users\ASUS\.m2\repository\com\fasterxml\classmate\1.7.0\classmate-1.7.0.jar;C:\Users\ASUS\.m2\repository\net\bytebuddy\byte-buddy\1.15.11\byte-buddy-1.15.11.jar;C:\Users\ASUS\.m2\repository\org\glassfish\jaxb\jaxb-runtime\4.0.5\jaxb-runtime-4.0.5.jar;C:\Users\ASUS\.m2\repository\org\glassfish\jaxb\jaxb-core\4.0.5\jaxb-core-4.0.5.jar;C:\Users\ASUS\.m2\repository\org\eclipse\angus\angus-activation\2.0.2\angus-activation-2.0.2.jar;C:\Users\ASUS\.m2\repository\org\glassfish\jaxb\txw2\4.0.5\txw2-4.0.5.jar;C:\Users\ASUS\.m2\repository\com\sun\istack\istack-commons-runtime\4.1.2\istack-commons-runtime-4.1.2.jar;C:\Users\ASUS\.m2\repository\jakarta\inject\jakarta.inject-api\2.0.1\jakarta.inject-api-2.0.1.jar;C:\Users\ASUS\.m2\repository\org\antlr\antlr4-runtime\4.13.0\antlr4-runtime-4.13.0.jar;C:\Users\ASUS\.m2\repository\org\springframework\data\spring-data-jpa\3.4.3\spring-data-jpa-3.4.3.jar;C:\Users\ASUS\.m2\repository\org\springframework\data\spring-data-commons\3.4.3\spring-data-commons-3.4.3.jar;C:\Users\ASUS\.m2\repository\org\springframework\spring-orm\6.2.3\spring-orm-6.2.3.jar;C:\Users\ASUS\.m2\repository\org\springframework\spring-context\6.2.3\spring-context-6.2.3.jar;C:\Users\ASUS\.m2\repository\org\springframework\spring-tx\6.2.3\spring-tx-6.2.3.jar;C:\Users\ASUS\.m2\repository\org\springframework\spring-beans\6.2.3\spring-beans-6.2.3.jar;C:\Users\ASUS\.m2\repository\org\springframework\spring-aspects\6.2.3\spring-aspects-6.2.3.jar;C:\Users\ASUS\.m2\repository\org\springframework\boot\spring-boot-starter-validation\3.4.3\spring-boot-starter-validation-3.4.3.jar;C:\Users\ASUS\.m2\repository\org\apache\tomcat\embed\tomcat-embed-el\10.1.36\tomcat-embed-el-10.1.36.jar;C:\Users\ASUS\.m2\repository\org\hibernate\validator\hibernate-validator\8.0.2.Final\hibernate-validator-8.0.2.Final.jar;C:\Users\ASUS\.m2\repository\jakarta\validation\jakarta.validation-api\3.0.2\jakarta.validation-api-3.0.2.jar;C:\Users\ASUS\.m2\repository\org\modelmapper\modelmapper\3.0.0\modelmapper-3.0.0.jar;C:\Users\ASUS\.m2\repository\org\springframework\boot\spring-boot-starter-web\3.4.3\spring-boot-starter-web-3.4.3.jar;C:\Users\ASUS\.m2\repository\org\springframework\boot\spring-boot-starter-json\3.4.3\spring-boot-starter-json-3.4.3.jar;C:\Users\ASUS\.m2\repository\com\fasterxml\jackson\datatype\jackson-datatype-jdk8\2.18.2\jackson-datatype-jdk8-2.18.2.jar;C:\Users\ASUS\.m2\repository\com\fasterxml\jackson\datatype\jackson-datatype-jsr310\2.18.2\jackson-datatype-jsr310-2.18.2.jar;C:\Users\ASUS\.m2\repository\com\fasterxml\jackson\module\jackson-module-parameter-names\2.18.2\jackson-module-parameter-names-2.18.2.jar;C:\Users\ASUS\.m2\repository\org\springframework\boot\spring-boot-starter-tomcat\3.4.3\spring-boot-starter-tomcat-3.4.3.jar;C:\Users\ASUS\.m2\repository\org\apache\tomcat\embed\tomcat-embed-core\10.1.36\tomcat-embed-core-10.1.36.jar;C:\Users\ASUS\.m2\repository\org\apache\tomcat\embed\tomcat-embed-websocket\10.1.36\tomcat-embed-websocket-10.1.36.jar;C:\Users\ASUS\.m2\repository\org\springframework\spring-web\6.2.3\spring-web-6.2.3.jar;C:\Users\ASUS\.m2\repository\org\springframework\spring-webmvc\6.2.3\spring-webmvc-6.2.3.jar;C:\Users\ASUS\.m2\repository\org\springframework\spring-expression\6.2.3\spring-expression-6.2.3.jar;C:\Users\ASUS\.m2\repository\org\springframework\boot\spring-boot-devtools\3.4.3\spring-boot-devtools-3.4.3.jar;C:\Users\ASUS\.m2\repository\org\springframework\boot\spring-boot\3.4.3\spring-boot-3.4.3.jar;C:\Users\ASUS\.m2\repository\org\springframework\boot\spring-boot-autoconfigure\3.4.3\spring-boot-autoconfigure-3.4.3.jar;C:\Users\ASUS\.m2\repository\org\postgresql\postgresql\42.7.5\postgresql-42.7.5.jar;C:\Users\ASUS\.m2\repository\org\checkerframework\checker-qual\3.48.3\checker-qual-3.48.3.jar;C:\Users\ASUS\.m2\repository\org\springframework\boot\spring-boot-starter-security\3.4.3\spring-boot-starter-security-3.4.3.jar;C:\Users\ASUS\.m2\repository\org\springframework\spring-aop\6.2.3\spring-aop-6.2.3.jar;C:\Users\ASUS\.m2\repository\org\springframework\security\spring-security-config\6.4.3\spring-security-config-6.4.3.jar;C:\Users\ASUS\.m2\repository\org\springframework\security\spring-security-web\6.4.3\spring-security-web-6.4.3.jar;C:\Users\ASUS\.m2\repository\org\springframework\boot\spring-boot-starter-oauth2-resource-server\3.4.3\spring-boot-starter-oauth2-resource-server-3.4.3.jar;C:\Users\ASUS\.m2\repository\org\springframework\security\spring-security-core\6.4.3\spring-security-core-6.4.3.jar;C:\Users\ASUS\.m2\repository\org\springframework\security\spring-security-crypto\6.4.3\spring-security-crypto-6.4.3.jar;C:\Users\ASUS\.m2\repository\org\springframework\security\spring-security-oauth2-resource-server\6.4.3\spring-security-oauth2-resource-server-6.4.3.jar;C:\Users\ASUS\.m2\repository\org\springframework\security\spring-security-oauth2-core\6.4.3\spring-security-oauth2-core-6.4.3.jar;C:\Users\ASUS\.m2\repository\org\springframework\security\spring-security-oauth2-jose\6.4.3\spring-security-oauth2-jose-6.4.3.jar;C:\Users\ASUS\.m2\repository\com\nimbusds\nimbus-jose-jwt\9.37.3\nimbus-jose-jwt-9.37.3.jar;C:\Users\ASUS\.m2\repository\com\github\stephenc\jcip\jcip-annotations\1.0-1\jcip-annotations-1.0-1.jar;C:\Users\ASUS\.m2\repository\jakarta\xml\bind\jakarta.xml.bind-api\4.0.2\jakarta.xml.bind-api-4.0.2.jar;C:\Users\ASUS\.m2\repository\jakarta\activation\jakarta.activation-api\2.1.3\jakarta.activation-api-2.1.3.jar;C:\Users\ASUS\.m2\repository\org\springframework\spring-core\6.2.3\spring-core-6.2.3.jar;C:\Users\ASUS\.m2\repository\org\springframework\spring-jcl\6.2.3\spring-jcl-6.2.3.jar;C:\Users\ASUS\.m2\repository\org\slf4j\slf4j-api\2.0.16\slf4j-api-2.0.16.jar;C:\Users\ASUS\.m2\repository\com\fasterxml\jackson\core\jackson-databind\2.18.2\jackson-databind-2.18.2.jar;C:\Users\ASUS\.m2\repository\com\fasterxml\jackson\core\jackson-annotations\2.18.2\jackson-annotations-2.18.2.jar;C:\Users\ASUS\.m2\repository\com\fasterxml\jackson\core\jackson-core\2.18.2\jackson-core-2.18.2.jar;C:\Users\ASUS\.m2\repository\commons-codec\commons-codec\1.15\commons-codec-1.15.jar;C:\Users\ASUS\.m2\repository\org\springdoc\springdoc-openapi-starter-webmvc-ui\2.7.0\springdoc-openapi-starter-webmvc-ui-2.7.0.jar;C:\Users\ASUS\.m2\repository\org\springdoc\springdoc-openapi-starter-webmvc-api\2.7.0\springdoc-openapi-starter-webmvc-api-2.7.0.jar;C:\Users\ASUS\.m2\repository\org\springdoc\springdoc-openapi-starter-common\2.7.0\springdoc-openapi-starter-common-2.7.0.jar;C:\Users\ASUS\.m2\repository\io\swagger\core\v3\swagger-core-jakarta\2.2.25\swagger-core-jakarta-2.2.25.jar;C:\Users\ASUS\.m2\repository\io\swagger\core\v3\swagger-annotations-jakarta\2.2.25\swagger-annotations-jakarta-2.2.25.jar;C:\Users\ASUS\.m2\repository\io\swagger\core\v3\swagger-models-jakarta\2.2.25\swagger-models-jakarta-2.2.25.jar;C:\Users\ASUS\.m2\repository\com\fasterxml\jackson\dataformat\jackson-dataformat-yaml\2.18.2\jackson-dataformat-yaml-2.18.2.jar;C:\Users\ASUS\.m2\repository\org\webjars\swagger-ui\5.18.2\swagger-ui-5.18.2.jar;C:\Users\ASUS\.m2\repository\org\webjars\webjars-locator-lite\1.0.1\webjars-locator-lite-1.0.1.jar;C:\Users\ASUS\.m2\repository\org\jspecify\jspecify\1.0.0\jspecify-1.0.0.jar;C:\Users\ASUS\.m2\repository\org\springframework\boot\spring-boot-starter-data-redis\3.4.3\spring-boot-starter-data-redis-3.4.3.jar;C:\Users\ASUS\.m2\repository\io\lettuce\lettuce-core\6.4.2.RELEASE\lettuce-core-6.4.2.RELEASE.jar;C:\Users\ASUS\.m2\repository\io\netty\netty-common\4.1.118.Final\netty-common-4.1.118.Final.jar;C:\Users\ASUS\.m2\repository\io\netty\netty-handler\4.1.118.Final\netty-handler-4.1.118.Final.jar;C:\Users\ASUS\.m2\repository\io\netty\netty-resolver\4.1.118.Final\netty-resolver-4.1.118.Final.jar;C:\Users\ASUS\.m2\repository\io\netty\netty-buffer\4.1.118.Final\netty-buffer-4.1.118.Final.jar;C:\Users\ASUS\.m2\repository\io\netty\netty-transport-native-unix-common\4.1.118.Final\netty-transport-native-unix-common-4.1.118.Final.jar;C:\Users\ASUS\.m2\repository\io\netty\netty-codec\4.1.118.Final\netty-codec-4.1.118.Final.jar;C:\Users\ASUS\.m2\repository\io\netty\netty-transport\4.1.118.Final\netty-transport-4.1.118.Final.jar;C:\Users\ASUS\.m2\repository\io\projectreactor\reactor-core\3.7.3\reactor-core-3.7.3.jar;C:\Users\ASUS\.m2\repository\org\reactivestreams\reactive-streams\1.0.4\reactive-streams-1.0.4.jar;C:\Users\ASUS\.m2\repository\org\springframework\data\spring-data-redis\3.4.3\spring-data-redis-3.4.3.jar;C:\Users\ASUS\.m2\repository\org\springframework\data\spring-data-keyvalue\3.4.3\spring-data-keyvalue-3.4.3.jar;C:\Users\ASUS\.m2\repository\org\springframework\spring-oxm\6.2.3\spring-oxm-6.2.3.jar;C:\Users\ASUS\.m2\repository\org\springframework\spring-context-support\6.2.3\spring-context-support-6.2.3.jar;C:\Users\ASUS\.m2\repository\io\github\resilience4j\resilience4j-spring-boot3\2.2.0\resilience4j-spring-boot3-2.2.0.jar;C:\Users\ASUS\.m2\repository\io\github\resilience4j\resilience4j-spring6\2.2.0\resilience4j-spring6-2.2.0.jar;C:\Users\ASUS\.m2\repository\io\github\resilience4j\resilience4j-annotations\2.2.0\resilience4j-annotations-2.2.0.jar;C:\Users\ASUS\.m2\repository\io\github\resilience4j\resilience4j-consumer\2.2.0\resilience4j-consumer-2.2.0.jar;C:\Users\ASUS\.m2\repository\io\github\resilience4j\resilience4j-core\2.2.0\resilience4j-core-2.2.0.jar;C:\Users\ASUS\.m2\repository\io\github\resilience4j\resilience4j-circularbuffer\2.2.0\resilience4j-circularbuffer-2.2.0.jar;C:\Users\ASUS\.m2\repository\io\github\resilience4j\resilience4j-framework-common\2.2.0\resilience4j-framework-common-2.2.0.jar;C:\Users\ASUS\.m2\repository\io\github\resilience4j\resilience4j-micrometer\2.2.0\resilience4j-micrometer-2.2.0.jar;C:\Users\ASUS\.m2\repository\io\micrometer\micrometer-core\1.14.4\micrometer-core-1.14.4.jar;C:\Users\ASUS\.m2\repository\org\hdrhistogram\HdrHistogram\2.2.2\HdrHistogram-2.2.2.jar;C:\Users\ASUS\.m2\repository\org\latencyutils\LatencyUtils\2.0.3\LatencyUtils-2.0.3.jar;C:\Users\ASUS\.m2\repository\io\github\resilience4j\resilience4j-bulkhead\2.2.0\resilience4j-bulkhead-2.2.0.jar;C:\Users\ASUS\.m2\repository\io\github\resilience4j\resilience4j-circuitbreaker\2.2.0\resilience4j-circuitbreaker-2.2.0.jar;C:\Users\ASUS\.m2\repository\io\github\resilience4j\resilience4j-retry\2.2.0\resilience4j-retry-2.2.0.jar;C:\Users\ASUS\.m2\repository\io\github\resilience4j\resilience4j-ratelimiter\2.2.0\resilience4j-ratelimiter-2.2.0.jar;C:\Users\ASUS\.m2\repository\io\github\resilience4j\resilience4j-timelimiter\2.2.0\resilience4j-timelimiter-2.2.0.jar;C:\Users\ASUS\.m2\repository\org\springframework\boot\spring-boot-starter-actuator\3.4.3\spring-boot-starter-actuator-3.4.3.jar;C:\Users\ASUS\.m2\repository\org\springframework\boot\spring-boot-actuator-autoconfigure\3.4.3\spring-boot-actuator-autoconfigure-3.4.3.jar;C:\Users\ASUS\.m2\repository\org\springframework\boot\spring-boot-actuator\3.4.3\spring-boot-actuator-3.4.3.jar;C:\Users\ASUS\.m2\repository\io\micrometer\micrometer-observation\1.14.4\micrometer-observation-1.14.4.jar;C:\Users\ASUS\.m2\repository\io\micrometer\micrometer-commons\1.14.4\micrometer-commons-1.14.4.jar;C:\Users\ASUS\.m2\repository\io\micrometer\micrometer-jakarta9\1.14.4\micrometer-jakarta9-1.14.4.jar;C:\Users\ASUS\.m2\repository\org\springframework\boot\spring-boot-starter-aop\3.4.3\spring-boot-starter-aop-3.4.3.jar;C:\Users\ASUS\.m2\repository\org\aspectj\aspectjweaver\1.9.22.1\aspectjweaver-1.9.22.1.jar;C:\Users\ASUS\.m2\repository\org\springframework\boot\spring-boot-starter-data-mongodb\3.4.3\spring-boot-starter-data-mongodb-3.4.3.jar;C:\Users\ASUS\.m2\repository\org\mongodb\mongodb-driver-sync\5.2.1\mongodb-driver-sync-5.2.1.jar;C:\Users\ASUS\.m2\repository\org\mongodb\bson\5.2.1\bson-5.2.1.jar;C:\Users\ASUS\.m2\repository\org\mongodb\mongodb-driver-core\5.2.1\mongodb-driver-core-5.2.1.jar;C:\Users\ASUS\.m2\repository\org\mongodb\bson-record-codec\5.2.1\bson-record-codec-5.2.1.jar;C:\Users\ASUS\.m2\repository\org\springframework\data\spring-data-mongodb\4.4.3\spring-data-mongodb-4.4.3.jar;C:\Users\ASUS\.m2\repository\org\springframework\boot\spring-boot-starter-websocket\3.4.3\spring-boot-starter-websocket-3.4.3.jar;C:\Users\ASUS\.m2\repository\org\springframework\spring-messaging\6.2.3\spring-messaging-6.2.3.jar;C:\Users\ASUS\.m2\repository\org\springframework\spring-websocket\6.2.3\spring-websocket-6.2.3.jar;C:\Users\ASUS\.m2\repository\io\jsonwebtoken\jjwt-api\0.11.5\jjwt-api-0.11.5.jar;C:\Users\ASUS\.m2\repository\io\jsonwebtoken\jjwt-impl\0.11.5\jjwt-impl-0.11.5.jar;C:\Users\ASUS\.m2\repository\io\jsonwebtoken\jjwt-jackson\0.11.5\jjwt-jackson-0.11.5.jar;C:\Users\ASUS\.m2\repository\com\cloudinary\cloudinary-http5\2.0.0\cloudinary-http5-2.0.0.jar;C:\Users\ASUS\.m2\repository\com\cloudinary\cloudinary-core\2.0.0\cloudinary-core-2.0.0.jar;C:\Users\ASUS\.m2\repository\org\apache\commons\commons-lang3\3.17.0\commons-lang3-3.17.0.jar;C:\Users\ASUS\.m2\repository\org\apache\httpcomponents\client5\httpclient5\5.4.2\httpclient5-5.4.2.jar;C:\Users\ASUS\.m2\repository\org\apache\httpcomponents\core5\httpcore5-h2\5.3.3\httpcore5-h2-5.3.3.jar;C:\Users\ASUS\.m2\repository\org\apache\httpcomponents\core5\httpcore5\5.3.3\httpcore5-5.3.3.jar;C:\Users\ASUS\.m2\repository\com\cloudinary\cloudinary-taglib\2.0.0\cloudinary-taglib-2.0.0.jar;C:\Users\ASUS\.m2\repository\javax\servlet\jsp-api\2.0\jsp-api-2.0.jar;C:\Users\ASUS\.m2\repository\javax\servlet\servlet-api\2.4\servlet-api-2.4.jar;C:\Users\ASUS\.m2\repository\io\github\cdimascio\dotenv-java\2.2.4\dotenv-java-2.2.4.jar;E:\IntelliJ IDEA Community Edition 2024.3.1.1\lib\idea_rt.jar
Launcher Type: SUN_STANDARD

[Global flags]
     intx CICompilerCount                          = 4                                         {product} {ergonomic}
     uint ConcGCThreads                            = 2                                         {product} {ergonomic}
     uint G1ConcRefinementThreads                  = 8                                         {product} {ergonomic}
   size_t G1HeapRegionSize                         = 1048576                                   {product} {ergonomic}
    uintx GCDrainStackTargetSize                   = 64                                        {product} {ergonomic}
   size_t InitialHeapSize                          = 130023424                                 {product} {ergonomic}
   size_t MarkStackSize                            = 4194304                                   {product} {ergonomic}
   size_t MaxHeapSize                              = 2069889024                                {product} {ergonomic}
   size_t MaxNewSize                               = 1241513984                                {product} {ergonomic}
   size_t MinHeapDeltaBytes                        = 1048576                                   {product} {ergonomic}
   size_t MinHeapSize                              = 8388608                                   {product} {ergonomic}
    uintx NonNMethodCodeHeapSize                   = 5839372                                {pd product} {ergonomic}
    uintx NonProfiledCodeHeapSize                  = 122909434                              {pd product} {ergonomic}
    uintx ProfiledCodeHeapSize                     = 122909434                              {pd product} {ergonomic}
    uintx ReservedCodeCacheSize                    = 251658240                              {pd product} {ergonomic}
     bool SegmentedCodeCache                       = true                                      {product} {ergonomic}
   size_t SoftMaxHeapSize                          = 2069889024                             {manageable} {ergonomic}
     bool UseCompressedOops                        = true                           {product lp64_product} {ergonomic}
     bool UseG1GC                                  = true                                      {product} {ergonomic}
     bool UseLargePagesIndividualAllocation        = false                                  {pd product} {ergonomic}

Logging:
Log output configuration:
 #0: stdout all=warning uptime,level,tags foldmultilines=false
 #1: stderr all=off uptime,level,tags foldmultilines=false

Environment Variables:
JAVA_HOME=C:\Program Files\Eclipse Adoptium\jdk-17.0.12.7-hotspot\
PATH=C:\Python312\Scripts\;C:\Python312\;C:\Program Files\Python313\Scripts\;C:\Program Files\Python313\;C:\Program Files\Eclipse Adoptium\jdk-17.0.12.7-hotspot\bin;C:\Program Files (x86)\Common Files\Oracle\Java\javapath;C:\WINDOWS\system32;C:\WINDOWS;C:\WINDOWS\System32\Wbem;C:\WINDOWS\System32\WindowsPowerShell\v1.0\;C:\WINDOWS\System32\OpenSSH\;C:\MinGW\bin;C:\Program Files\Microsoft SQL Server\Client SDK\ODBC\170\Tools\Binn\;C:\Program Files (x86)\Microsoft SQL Server\150\Tools\Binn\;C:\Program Files\Microsoft SQL Server\150\Tools\Binn\;C:\Program Files\Microsoft SQL Server\150\DTS\Binn\;C:\Program Files (x86)\Microsoft SQL Server\150\DTS\Binn\;C:\Program Files\Azure Data Studio\bin;C:\Program Files\dotnet\;C:\Program Files\nodejs\;C:\ProgramData\chocolatey\bin;C:\Program Files\Git\cmd;C:\Python312\Scripts;C:\Python312;C:\Users\ASUS\AppData\Local\Programs\Python\Python313\Scripts;C:\Users\ASUS\AppData\Local\Programs\Python\Python313\;C:\Users\ASUS\AppData\Local\Microsoft\WindowsApps;C:\Users\ASUS\AppData\Local\Programs\Microsoft VS Code\bin;C:\Program Files\Azure Data Studio\bin;C:\Users\ASUS\.dotnet\tools;C:\Users\ASUS\AppData\Roaming\npm;E:\IntelliJ IDEA Community Edition 2024.3.1.1\bin;;E:\cursor\resources\app\bin
USERNAME=ASUS
OS=Windows_NT
PROCESSOR_IDENTIFIER=Intel64 Family 6 Model 140 Stepping 1, GenuineIntel
TMP=C:\Users\ASUS\AppData\Local\Temp
TEMP=C:\Users\ASUS\AppData\Local\Temp




Periodic native trim disabled

---------------  S Y S T E M  ---------------

OS:
 Windows 11 , 64 bit Build 22621 (10.0.22621.4391)
OS uptime: 1 days 22:27 hours
Hyper-V role detected

CPU: total 8 (initial active 8) (4 cores per cpu, 2 threads per core) family 6 model 140 stepping 1 microcode 0x9a, cx8, cmov, fxsr, ht, mmx, 3dnowpref, sse, sse2, sse3, ssse3, sse4.1, sse4.2, popcnt, lzcnt, tsc, tscinvbit, avx, avx2, aes, erms, clmul, bmi1, bmi2, adx, avx512f, avx512dq, avx512cd, avx512bw, avx512vl, sha, fma, vzeroupper, avx512_vpopcntdq, avx512_vpclmulqdq, avx512_vaes, avx512_vnni, clflush, clflushopt, clwb, avx512_vbmi2, avx512_vbmi, hv, rdtscp, rdpid, fsrm, gfni, avx512_bitalg, f16c, cet_ibt, cet_ss, avx512_ifma
Processor Information for the first 8 processors :
  Max Mhz: 2419, Current Mhz: 2419, Mhz Limit: 2419

Memory: 4k page, system-wide physical 7888M (407M free)
TotalPageFile size 22341M (AvailPageFile size 4M)
current process WorkingSet (physical memory assigned to process): 395M, peak: 596M
current process commit charge ("private bytes"): 620M, peak: 658M

vm_info: OpenJDK 64-Bit Server VM (21.0.6+7-LTS) for windows-amd64 JRE (21.0.6+7-LTS), built on 2025-01-21T00:00:00Z by "admin" with MS VC++ 17.7 (VS2022)

END.
